<?xml version="1.0" encoding="UTF-8"?>
<coverage generated="1784514800421" clover="3.2.0">
  <project timestamp="1784514800421" name="All files">
    <metrics statements="293" coveredstatements="202" conditionals="157" coveredconditionals="88" methods="69" coveredmethods="37" elements="519" coveredelements="327" complexity="0" loc="293" ncloc="293" packages="4" files="4" classes="4"/>
    <package name="components">
      <metrics statements="0" coveredstatements="0" conditionals="0" coveredconditionals="0" methods="0" coveredmethods="0"/>
      <file name="ChatPanel.vue" path="D:\Game\ai\catStudy\packages\web\src\components\ChatPanel.vue">
        <metrics statements="0" coveredstatements="0" conditionals="0" coveredconditionals="0" methods="0" coveredmethods="0"/>
      </file>
    </package>
    <package name="composables">
      <metrics statements="52" coveredstatements="52" conditionals="32" coveredconditionals="30" methods="9" coveredmethods="9"/>
      <file name="useMention.ts" path="D:\Game\ai\catStudy\packages\web\src\composables\useMention.ts">
        <metrics statements="52" coveredstatements="52" conditionals="32" coveredconditionals="30" methods="9" coveredmethods="9"/>
        <line num="9" count="24" type="stmt"/>
        <line num="10" count="24" type="stmt"/>
        <line num="11" count="24" type="stmt"/>
        <line num="13" count="24" type="stmt"/>
        <line num="14" count="8" type="cond" truecount="2" falsecount="0"/>
        <line num="15" count="7" type="stmt"/>
        <line num="16" count="7" type="stmt"/>
        <line num="17" count="7" type="cond" truecount="2" falsecount="0"/>
        <line num="20" count="4" type="stmt"/>
        <line num="21" count="4" type="stmt"/>
        <line num="22" count="12" type="cond" truecount="2" falsecount="0"/>
        <line num="23" count="10" type="cond" truecount="1" falsecount="1"/>
        <line num="24" count="10" type="stmt"/>
        <line num="25" count="20" type="stmt"/>
        <line num="29" count="24" type="stmt"/>
        <line num="34" count="21" type="stmt"/>
        <line num="35" count="21" type="stmt"/>
        <line num="36" count="44" type="cond" truecount="2" falsecount="0"/>
        <line num="38" count="19" type="cond" truecount="4" falsecount="0"/>
        <line num="39" count="18" type="stmt"/>
        <line num="41" count="19" type="stmt"/>
        <line num="44" count="25" type="cond" truecount="2" falsecount="0"/>
        <line num="47" count="21" type="cond" truecount="2" falsecount="0"/>
        <line num="48" count="18" type="stmt"/>
        <line num="49" count="18" type="stmt"/>
        <line num="50" count="18" type="stmt"/>
        <line num="51" count="18" type="stmt"/>
        <line num="53" count="3" type="stmt"/>
        <line num="54" count="3" type="stmt"/>
        <line num="55" count="3" type="stmt"/>
        <line num="61" count="3" type="stmt"/>
        <line num="62" count="3" type="stmt"/>
        <line num="63" count="3" type="stmt"/>
        <line num="64" count="3" type="stmt"/>
        <line num="65" count="3" type="stmt"/>
        <line num="70" count="2" type="stmt"/>
        <line num="75" count="11" type="cond" truecount="2" falsecount="0"/>
        <line num="77" count="10" type="cond" truecount="2" falsecount="0"/>
        <line num="78" count="5" type="stmt"/>
        <line num="79" count="5" type="stmt"/>
        <line num="81" count="5" type="cond" truecount="2" falsecount="0"/>
        <line num="82" count="2" type="stmt"/>
        <line num="83" count="2" type="stmt"/>
        <line num="85" count="3" type="cond" truecount="4" falsecount="0"/>
        <line num="86" count="1" type="stmt"/>
        <line num="87" count="1" type="cond" truecount="1" falsecount="1"/>
        <line num="88" count="1" type="stmt"/>
        <line num="91" count="2" type="cond" truecount="2" falsecount="0"/>
        <line num="92" count="1" type="stmt"/>
        <line num="93" count="1" type="stmt"/>
        <line num="95" count="1" type="stmt"/>
        <line num="98" count="24" type="stmt"/>
      </file>
    </package>
    <package name="stores">
      <metrics statements="223" coveredstatements="134" conditionals="111" coveredconditionals="47" methods="59" coveredmethods="27"/>
      <file name="chat.ts" path="D:\Game\ai\catStudy\packages\web\src\stores\chat.ts">
        <metrics statements="223" coveredstatements="134" conditionals="111" coveredconditionals="47" methods="59" coveredmethods="27"/>
        <line num="16" count="0" type="cond" truecount="0" falsecount="2"/>
        <line num="17" count="0" type="cond" truecount="0" falsecount="4"/>
        <line num="18" count="0" type="cond" truecount="0" falsecount="5"/>
        <line num="19" count="0" type="stmt"/>
        <line num="21" count="0" type="cond" truecount="0" falsecount="5"/>
        <line num="22" count="0" type="stmt"/>
        <line num="24" count="0" type="cond" truecount="0" falsecount="4"/>
        <line num="25" count="0" type="stmt"/>
        <line num="27" count="0" type="stmt"/>
        <line num="30" count="1" type="stmt"/>
        <line num="33" count="28" type="stmt"/>
        <line num="34" count="28" type="stmt"/>
        <line num="35" count="28" type="stmt"/>
        <line num="36" count="28" type="stmt"/>
        <line num="37" count="28" type="stmt"/>
        <line num="38" count="28" type="stmt"/>
        <line num="39" count="28" type="stmt"/>
        <line num="40" count="28" type="stmt"/>
        <line num="41" count="28" type="stmt"/>
        <line num="42" count="28" type="stmt"/>
        <line num="43" count="28" type="stmt"/>
        <line num="44" count="28" type="stmt"/>
        <line num="45" count="28" type="stmt"/>
        <line num="46" count="28" type="stmt"/>
        <line num="47" count="28" type="stmt"/>
        <line num="48" count="28" type="stmt"/>
        <line num="52" count="0" type="cond" truecount="0" falsecount="2"/>
        <line num="53" count="0" type="stmt"/>
        <line num="54" count="0" type="stmt"/>
        <line num="55" count="0" type="stmt"/>
        <line num="56" count="0" type="stmt"/>
        <line num="62" count="0" type="cond" truecount="0" falsecount="2"/>
        <line num="63" count="0" type="stmt"/>
        <line num="64" count="0" type="stmt"/>
        <line num="74" count="28" type="stmt"/>
        <line num="77" count="28" type="stmt"/>
        <line num="81" count="28" type="stmt"/>
        <line num="82" count="0" type="cond" truecount="0" falsecount="2"/>
        <line num="85" count="28" type="stmt"/>
        <line num="86" count="2" type="stmt"/>
        <line num="89" count="28" type="stmt"/>
        <line num="90" count="0" type="stmt"/>
        <line num="91" count="0" type="stmt"/>
        <line num="92" count="0" type="stmt"/>
        <line num="97" count="3" type="cond" truecount="2" falsecount="0"/>
        <line num="98" count="2" type="stmt"/>
        <line num="99" count="2" type="cond" truecount="2" falsecount="0"/>
        <line num="106" count="3" type="cond" truecount="1" falsecount="1"/>
        <line num="107" count="3" type="stmt"/>
        <line num="108" count="3" type="stmt"/>
        <line num="109" count="3" type="stmt"/>
        <line num="113" count="3" type="stmt"/>
        <line num="114" count="3" type="cond" truecount="3" falsecount="1"/>
        <line num="115" count="0" type="stmt"/>
        <line num="116" count="0" type="stmt"/>
        <line num="117" count="0" type="stmt"/>
        <line num="119" count="0" type="stmt"/>
        <line num="120" count="0" type="stmt"/>
        <line num="121" count="0" type="stmt"/>
        <line num="122" count="0" type="cond" truecount="0" falsecount="2"/>
        <line num="126" count="0" type="stmt"/>
        <line num="130" count="3" type="stmt"/>
        <line num="133" count="3" type="stmt"/>
        <line num="134" count="3" type="stmt"/>
        <line num="135" count="3" type="stmt"/>
        <line num="136" count="3" type="stmt"/>
        <line num="138" count="3" type="stmt"/>
        <line num="140" count="3" type="stmt"/>
        <line num="141" count="3" type="stmt"/>
        <line num="142" count="3" type="cond" truecount="4" falsecount="0"/>
        <line num="143" count="2" type="stmt"/>
        <line num="146" count="3" type="stmt"/>
        <line num="147" count="3" type="stmt"/>
        <line num="148" count="3" type="stmt"/>
        <line num="151" count="3" type="cond" truecount="4" falsecount="0"/>
        <line num="152" count="2" type="stmt"/>
        <line num="155" count="0" type="stmt"/>
        <line num="156" count="0" type="stmt"/>
        <line num="158" count="3" type="stmt"/>
        <line num="166" count="9" type="stmt"/>
        <line num="167" count="9" type="cond" truecount="2" falsecount="0"/>
        <line num="169" count="9" type="cond" truecount="4" falsecount="0"/>
        <line num="170" count="3" type="stmt"/>
        <line num="172" count="9" type="stmt"/>
        <line num="173" count="9" type="stmt"/>
        <line num="174" count="9" type="stmt"/>
        <line num="176" count="9" type="stmt"/>
        <line num="178" count="9" type="stmt"/>
        <line num="179" count="9" type="stmt"/>
        <line num="183" count="10" type="stmt"/>
        <line num="184" count="9" type="cond" truecount="1" falsecount="1"/>
        <line num="185" count="9" type="stmt"/>
        <line num="186" count="9" type="stmt"/>
        <line num="194" count="2" type="cond" truecount="2" falsecount="0"/>
        <line num="195" count="1" type="stmt"/>
        <line num="196" count="1" type="stmt"/>
        <line num="208" count="1" type="stmt"/>
        <line num="209" count="1" type="stmt"/>
        <line num="210" count="1" type="cond" truecount="1" falsecount="1"/>
        <line num="215" count="0" type="stmt"/>
        <line num="216" count="0" type="stmt"/>
        <line num="221" count="0" type="stmt"/>
        <line num="222" count="0" type="stmt"/>
        <line num="224" count="0" type="stmt"/>
        <line num="225" count="0" type="stmt"/>
        <line num="228" count="0" type="cond" truecount="0" falsecount="2"/>
        <line num="229" count="0" type="stmt"/>
        <line num="235" count="2" type="stmt"/>
        <line num="236" count="2" type="stmt"/>
        <line num="238" count="0" type="stmt"/>
        <line num="239" count="0" type="stmt"/>
        <line num="241" count="3" type="stmt"/>
        <line num="243" count="2" type="cond" truecount="1" falsecount="1"/>
        <line num="244" count="2" type="stmt"/>
        <line num="245" count="2" type="cond" truecount="2" falsecount="0"/>
        <line num="246" count="1" type="stmt"/>
        <line num="248" count="1" type="stmt"/>
        <line num="249" count="1" type="stmt"/>
        <line num="256" count="1" type="stmt"/>
        <line num="257" count="1" type="stmt"/>
        <line num="262" count="2" type="cond" truecount="2" falsecount="0"/>
        <line num="263" count="1" type="stmt"/>
        <line num="264" count="1" type="stmt"/>
        <line num="265" count="1" type="stmt"/>
        <line num="273" count="3" type="cond" truecount="1" falsecount="1"/>
        <line num="274" count="3" type="stmt"/>
        <line num="275" count="3" type="stmt"/>
        <line num="276" count="3" type="stmt"/>
        <line num="278" count="3" type="stmt"/>
        <line num="279" count="3" type="cond" truecount="2" falsecount="0"/>
        <line num="280" count="0" type="stmt"/>
        <line num="286" count="3" type="cond" truecount="1" falsecount="1"/>
        <line num="287" count="0" type="stmt"/>
        <line num="293" count="1" type="stmt"/>
        <line num="294" count="1" type="stmt"/>
        <line num="295" count="1" type="stmt"/>
        <line num="301" count="28" type="stmt"/>
        <line num="304" count="28" type="stmt"/>
        <line num="305" count="0" type="stmt"/>
        <line num="307" count="0" type="cond" truecount="0" falsecount="2"/>
        <line num="308" count="0" type="stmt"/>
        <line num="309" count="0" type="stmt"/>
        <line num="312" count="28" type="stmt"/>
        <line num="313" count="0" type="stmt"/>
        <line num="317" count="28" type="stmt"/>
        <line num="318" count="0" type="stmt"/>
        <line num="322" count="28" type="stmt"/>
        <line num="324" count="28" type="stmt"/>
        <line num="326" count="5" type="cond" truecount="1" falsecount="1"/>
        <line num="327" count="5" type="stmt"/>
        <line num="329" count="5" type="cond" truecount="2" falsecount="2"/>
        <line num="330" count="0" type="stmt"/>
        <line num="331" count="0" type="stmt"/>
        <line num="334" count="5" type="cond" truecount="2" falsecount="0"/>
        <line num="335" count="4" type="cond" truecount="2" falsecount="0"/>
        <line num="336" count="4" type="stmt"/>
        <line num="342" count="28" type="stmt"/>
        <line num="343" count="1" type="stmt"/>
        <line num="344" count="1" type="cond" truecount="1" falsecount="1"/>
        <line num="345" count="1" type="stmt"/>
        <line num="347" count="1" type="stmt"/>
        <line num="348" count="1" type="stmt"/>
        <line num="349" count="1" type="stmt"/>
        <line num="353" count="28" type="stmt"/>
        <line num="354" count="0" type="stmt"/>
        <line num="355" count="0" type="cond" truecount="0" falsecount="2"/>
        <line num="356" count="0" type="stmt"/>
        <line num="360" count="28" type="stmt"/>
        <line num="363" count="1" type="stmt"/>
        <line num="367" count="28" type="stmt"/>
        <line num="368" count="1" type="stmt"/>
        <line num="370" count="1" type="cond" truecount="1" falsecount="1"/>
        <line num="371" count="0" type="stmt"/>
        <line num="375" count="28" type="stmt"/>
        <line num="376" count="0" type="stmt"/>
        <line num="377" count="0" type="stmt"/>
        <line num="378" count="0" type="stmt"/>
        <line num="381" count="28" type="stmt"/>
        <line num="382" count="0" type="stmt"/>
        <line num="383" count="0" type="cond" truecount="0" falsecount="2"/>
        <line num="384" count="0" type="stmt"/>
        <line num="386" count="0" type="stmt"/>
        <line num="390" count="28" type="stmt"/>
        <line num="393" count="0" type="stmt"/>
        <line num="395" count="0" type="stmt"/>
        <line num="409" count="28" type="stmt"/>
        <line num="410" count="2" type="stmt"/>
        <line num="411" count="1" type="cond" truecount="1" falsecount="1"/>
        <line num="412" count="1" type="stmt"/>
        <line num="413" count="1" type="cond" truecount="1" falsecount="1"/>
        <line num="414" count="1" type="stmt"/>
        <line num="416" count="0" type="stmt"/>
        <line num="417" count="0" type="stmt"/>
        <line num="422" count="28" type="stmt"/>
        <line num="423" count="0" type="cond" truecount="0" falsecount="2"/>
        <line num="424" count="0" type="stmt"/>
        <line num="428" count="28" type="stmt"/>
        <line num="437" count="0" type="cond" truecount="0" falsecount="2"/>
        <line num="438" count="0" type="stmt"/>
        <line num="439" count="0" type="cond" truecount="0" falsecount="2"/>
        <line num="440" count="0" type="stmt"/>
        <line num="442" count="0" type="stmt"/>
        <line num="444" count="0" type="stmt"/>
        <line num="448" count="28" type="stmt"/>
        <line num="452" count="0" type="stmt"/>
        <line num="453" count="0" type="stmt"/>
        <line num="454" count="0" type="stmt"/>
        <line num="458" count="28" type="stmt"/>
        <line num="459" count="0" type="stmt"/>
        <line num="460" count="0" type="cond" truecount="0" falsecount="2"/>
        <line num="461" count="0" type="stmt"/>
        <line num="466" count="28" type="stmt"/>
        <line num="470" count="0" type="stmt"/>
        <line num="474" count="0" type="stmt"/>
        <line num="475" count="0" type="cond" truecount="0" falsecount="2"/>
        <line num="476" count="0" type="stmt"/>
        <line num="479" count="0" type="cond" truecount="0" falsecount="2"/>
        <line num="480" count="0" type="stmt"/>
        <line num="482" count="0" type="stmt"/>
        <line num="491" count="0" type="stmt"/>
        <line num="495" count="0" type="stmt"/>
        <line num="502" count="28" type="stmt"/>
        <line num="504" count="28" type="stmt"/>
      </file>
    </package>
    <package name="utils">
      <metrics statements="18" coveredstatements="16" conditionals="14" coveredconditionals="11" methods="1" coveredmethods="1"/>
      <file name="thinking.ts" path="D:\Game\ai\catStudy\packages\web\src\utils\thinking.ts">
        <metrics statements="18" coveredstatements="16" conditionals="14" coveredconditionals="11" methods="1" coveredmethods="1"/>
        <line num="26" count="12" type="cond" truecount="2" falsecount="0"/>
        <line num="28" count="11" type="stmt"/>
        <line num="29" count="11" type="stmt"/>
        <line num="32" count="11" type="stmt"/>
        <line num="33" count="11" type="stmt"/>
        <line num="35" count="11" type="stmt"/>
        <line num="36" count="19" type="cond" truecount="1" falsecount="1"/>
        <line num="37" count="19" type="cond" truecount="2" falsecount="0"/>
        <line num="40" count="17" type="stmt"/>
        <line num="41" count="17" type="cond" truecount="2" falsecount="0"/>
        <line num="44" count="2" type="cond" truecount="1" falsecount="1"/>
        <line num="45" count="0" type="stmt"/>
        <line num="46" count="0" type="stmt"/>
        <line num="48" count="2" type="stmt"/>
        <line num="49" count="2" type="cond" truecount="1" falsecount="1"/>
        <line num="54" count="11" type="cond" truecount="2" falsecount="0"/>
        <line num="55" count="10" type="stmt"/>
        <line num="58" count="11" type="stmt"/>
      </file>
    </package>
  </project>
</coverage>
