{
  "D:\\Game\\ai\\catStudy\\packages\\web\\src\\components\\ChatPanel.vue": {
    "path": "D:\\Game\\ai\\catStudy\\packages\\web\\src\\components\\ChatPanel.vue",
    "statementMap": {},
    "fnMap": {},
    "branchMap": {},
    "s": {},
    "f": {},
    "b": {},
    "meta": { "lastBranch": 0, "lastFunction": 0, "lastStatement": 0, "seen": {}, "fnNames": {} }
  },
  "D:\\Game\\ai\\catStudy\\packages\\web\\src\\composables\\useMention.ts": {
    "path": "D:\\Game\\ai\\catStudy\\packages\\web\\src\\composables\\useMention.ts",
    "statementMap": {
      "0": { "start": { "line": 9, "column": 8 }, "end": { "line": 9, "column": null } },
      "1": { "start": { "line": 10, "column": 8 }, "end": { "line": 10, "column": null } },
      "2": { "start": { "line": 11, "column": 8 }, "end": { "line": 11, "column": null } },
      "3": { "start": { "line": 13, "column": 8 }, "end": { "line": 27, "column": null } },
      "4": { "start": { "line": 14, "column": 4 }, "end": { "line": 14, "column": null } },
      "5": { "start": { "line": 14, "column": 30 }, "end": { "line": 14, "column": null } },
      "6": { "start": { "line": 15, "column": 14 }, "end": { "line": 15, "column": null } },
      "7": { "start": { "line": 16, "column": 17 }, "end": { "line": 16, "column": null } },
      "8": { "start": { "line": 17, "column": 4 }, "end": { "line": 17, "column": null } },
      "9": { "start": { "line": 17, "column": 12 }, "end": { "line": 17, "column": null } },
      "10": { "start": { "line": 20, "column": 19 }, "end": { "line": 20, "column": null } },
      "11": { "start": { "line": 21, "column": 4 }, "end": { "line": 26, "column": null } },
      "12": { "start": { "line": 22, "column": 6 }, "end": { "line": 22, "column": null } },
      "13": { "start": { "line": 22, "column": 44 }, "end": { "line": 22, "column": null } },
      "14": { "start": { "line": 23, "column": 6 }, "end": { "line": 23, "column": null } },
      "15": { "start": { "line": 23, "column": 31 }, "end": { "line": 23, "column": null } },
      "16": { "start": { "line": 24, "column": 21 }, "end": { "line": 24, "column": null } },
      "17": { "start": { "line": 25, "column": 6 }, "end": { "line": 25, "column": null } },
      "18": { "start": { "line": 25, "column": 34 }, "end": { "line": 25, "column": 64 } },
      "19": { "start": { "line": 25, "column": 54 }, "end": { "line": 25, "column": 63 } },
      "20": { "start": { "line": 29, "column": 8 }, "end": { "line": 29, "column": null } },
      "21": { "start": { "line": 34, "column": 16 }, "end": { "line": 34, "column": null } },
      "22": { "start": { "line": 35, "column": 4 }, "end": { "line": 45, "column": null } },
      "23": { "start": { "line": 35, "column": 17 }, "end": { "line": 35, "column": 32 } },
      "24": { "start": { "line": 36, "column": 6 }, "end": { "line": 42, "column": null } },
      "25": { "start": { "line": 38, "column": 8 }, "end": { "line": 40, "column": null } },
      "26": { "start": { "line": 39, "column": 10 }, "end": { "line": 39, "column": null } },
      "27": { "start": { "line": 41, "column": 8 }, "end": { "line": 41, "column": null } },
      "28": { "start": { "line": 44, "column": 6 }, "end": { "line": 44, "column": null } },
      "29": { "start": { "line": 44, "column": 30 }, "end": { "line": 44, "column": null } },
      "30": { "start": { "line": 47, "column": 4 }, "end": { "line": 56, "column": null } },
      "31": { "start": { "line": 48, "column": 6 }, "end": { "line": 48, "column": null } },
      "32": { "start": { "line": 49, "column": 6 }, "end": { "line": 49, "column": null } },
      "33": { "start": { "line": 50, "column": 6 }, "end": { "line": 50, "column": null } },
      "34": { "start": { "line": 51, "column": 6 }, "end": { "line": 51, "column": null } },
      "35": { "start": { "line": 53, "column": 6 }, "end": { "line": 53, "column": null } },
      "36": { "start": { "line": 54, "column": 6 }, "end": { "line": 54, "column": null } },
      "37": { "start": { "line": 55, "column": 6 }, "end": { "line": 55, "column": null } },
      "38": { "start": { "line": 61, "column": 19 }, "end": { "line": 61, "column": null } },
      "39": { "start": { "line": 62, "column": 18 }, "end": { "line": 62, "column": null } },
      "40": { "start": { "line": 63, "column": 20 }, "end": { "line": 63, "column": null } },
      "41": { "start": { "line": 64, "column": 4 }, "end": { "line": 64, "column": null } },
      "42": { "start": { "line": 65, "column": 4 }, "end": { "line": 65, "column": null } },
      "43": { "start": { "line": 70, "column": 4 }, "end": { "line": 70, "column": null } },
      "44": { "start": { "line": 75, "column": 4 }, "end": { "line": 75, "column": null } },
      "45": { "start": { "line": 75, "column": 30 }, "end": { "line": 75, "column": null } },
      "46": { "start": { "line": 77, "column": 4 }, "end": { "line": 80, "column": null } },
      "47": { "start": { "line": 78, "column": 6 }, "end": { "line": 78, "column": null } },
      "48": { "start": { "line": 79, "column": 6 }, "end": { "line": 79, "column": null } },
      "49": { "start": { "line": 81, "column": 4 }, "end": { "line": 84, "column": null } },
      "50": { "start": { "line": 82, "column": 6 }, "end": { "line": 82, "column": null } },
      "51": { "start": { "line": 83, "column": 6 }, "end": { "line": 83, "column": null } },
      "52": { "start": { "line": 85, "column": 4 }, "end": { "line": 90, "column": null } },
      "53": { "start": { "line": 86, "column": 20 }, "end": { "line": 86, "column": null } },
      "54": { "start": { "line": 87, "column": 6 }, "end": { "line": 89, "column": null } },
      "55": { "start": { "line": 88, "column": 8 }, "end": { "line": 88, "column": null } },
      "56": { "start": { "line": 91, "column": 4 }, "end": { "line": 94, "column": null } },
      "57": { "start": { "line": 92, "column": 6 }, "end": { "line": 92, "column": null } },
      "58": { "start": { "line": 93, "column": 6 }, "end": { "line": 93, "column": null } },
      "59": { "start": { "line": 95, "column": 4 }, "end": { "line": 95, "column": null } },
      "60": { "start": { "line": 98, "column": 2 }, "end": { "line": 107, "column": null } }
    },
    "fnMap": {
      "0": {
        "name": "useMention",
        "decl": { "start": { "line": 8, "column": 16 }, "end": { "line": 8, "column": 27 } },
        "loc": { "start": { "line": 8, "column": 56 }, "end": { "line": 108, "column": null } },
        "line": 8
      },
      "1": {
        "name": "(anonymous_1)",
        "decl": { "start": { "line": 13, "column": 38 }, "end": { "line": 13, "column": 44 } },
        "loc": { "start": { "line": 13, "column": 44 }, "end": { "line": 27, "column": 3 } },
        "line": 13
      },
      "2": {
        "name": "(anonymous_2)",
        "decl": { "start": { "line": 21, "column": 23 }, "end": { "line": 21, "column": 24 } },
        "loc": { "start": { "line": 21, "column": 30 }, "end": { "line": 26, "column": 5 } },
        "line": 21
      },
      "3": {
        "name": "(anonymous_3)",
        "decl": { "start": { "line": 25, "column": 26 }, "end": { "line": 25, "column": 27 } },
        "loc": { "start": { "line": 25, "column": 34 }, "end": { "line": 25, "column": 64 } },
        "line": 25
      },
      "4": {
        "name": "(anonymous_4)",
        "decl": { "start": { "line": 25, "column": 46 }, "end": { "line": 25, "column": 47 } },
        "loc": { "start": { "line": 25, "column": 54 }, "end": { "line": 25, "column": 63 } },
        "line": 25
      },
      "5": {
        "name": "detect",
        "decl": { "start": { "line": 32, "column": 11 }, "end": { "line": 32, "column": 18 } },
        "loc": { "start": { "line": 32, "column": 57 }, "end": { "line": 57, "column": null } },
        "line": 32
      },
      "6": {
        "name": "select",
        "decl": { "start": { "line": 60, "column": 11 }, "end": { "line": 60, "column": 18 } },
        "loc": { "start": { "line": 60, "column": 86 }, "end": { "line": 66, "column": null } },
        "line": 60
      },
      "7": {
        "name": "close",
        "decl": { "start": { "line": 69, "column": 11 }, "end": { "line": 69, "column": 25 } },
        "loc": { "start": { "line": 69, "column": 25 }, "end": { "line": 71, "column": null } },
        "line": 69
      },
      "8": {
        "name": "navigate",
        "decl": { "start": { "line": 74, "column": 11 }, "end": { "line": 74, "column": 20 } },
        "loc": { "start": { "line": 74, "column": 88 }, "end": { "line": 96, "column": null } },
        "line": 74
      }
    },
    "branchMap": {
      "0": {
        "loc": { "start": { "line": 14, "column": 4 }, "end": { "line": 14, "column": null } },
        "type": "if",
        "locations": [
          { "start": { "line": 14, "column": 4 }, "end": { "line": 14, "column": null } },
          { "start": {}, "end": {} }
        ],
        "line": 14
      },
      "1": {
        "loc": { "start": { "line": 17, "column": 4 }, "end": { "line": 17, "column": null } },
        "type": "if",
        "locations": [
          { "start": { "line": 17, "column": 4 }, "end": { "line": 17, "column": null } },
          { "start": {}, "end": {} }
        ],
        "line": 17
      },
      "2": {
        "loc": { "start": { "line": 22, "column": 6 }, "end": { "line": 22, "column": null } },
        "type": "if",
        "locations": [
          { "start": { "line": 22, "column": 6 }, "end": { "line": 22, "column": null } },
          { "start": {}, "end": {} }
        ],
        "line": 22
      },
      "3": {
        "loc": { "start": { "line": 23, "column": 6 }, "end": { "line": 23, "column": null } },
        "type": "if",
        "locations": [
          { "start": { "line": 23, "column": 6 }, "end": { "line": 23, "column": null } },
          { "start": {}, "end": {} }
        ],
        "line": 23
      },
      "4": {
        "loc": { "start": { "line": 36, "column": 6 }, "end": { "line": 42, "column": null } },
        "type": "if",
        "locations": [
          { "start": { "line": 36, "column": 6 }, "end": { "line": 42, "column": null } },
          { "start": {}, "end": {} }
        ],
        "line": 36
      },
      "5": {
        "loc": { "start": { "line": 38, "column": 8 }, "end": { "line": 40, "column": null } },
        "type": "if",
        "locations": [
          { "start": { "line": 38, "column": 8 }, "end": { "line": 40, "column": null } },
          { "start": {}, "end": {} }
        ],
        "line": 38
      },
      "6": {
        "loc": { "start": { "line": 38, "column": 12 }, "end": { "line": 38, "column": 47 } },
        "type": "binary-expr",
        "locations": [
          { "start": { "line": 38, "column": 12 }, "end": { "line": 38, "column": 23 } },
          { "start": { "line": 38, "column": 23 }, "end": { "line": 38, "column": 47 } }
        ],
        "line": 38
      },
      "7": {
        "loc": { "start": { "line": 44, "column": 6 }, "end": { "line": 44, "column": null } },
        "type": "if",
        "locations": [
          { "start": { "line": 44, "column": 6 }, "end": { "line": 44, "column": null } },
          { "start": {}, "end": {} }
        ],
        "line": 44
      },
      "8": {
        "loc": { "start": { "line": 47, "column": 4 }, "end": { "line": 56, "column": null } },
        "type": "if",
        "locations": [
          { "start": { "line": 47, "column": 4 }, "end": { "line": 56, "column": null } },
          { "start": { "line": 52, "column": 11 }, "end": { "line": 56, "column": null } }
        ],
        "line": 47
      },
      "9": {
        "loc": { "start": { "line": 75, "column": 4 }, "end": { "line": 75, "column": null } },
        "type": "if",
        "locations": [
          { "start": { "line": 75, "column": 4 }, "end": { "line": 75, "column": null } },
          { "start": {}, "end": {} }
        ],
        "line": 75
      },
      "10": {
        "loc": { "start": { "line": 77, "column": 4 }, "end": { "line": 80, "column": null } },
        "type": "if",
        "locations": [
          { "start": { "line": 77, "column": 4 }, "end": { "line": 80, "column": null } },
          { "start": {}, "end": {} }
        ],
        "line": 77
      },
      "11": {
        "loc": { "start": { "line": 81, "column": 4 }, "end": { "line": 84, "column": null } },
        "type": "if",
        "locations": [
          { "start": { "line": 81, "column": 4 }, "end": { "line": 84, "column": null } },
          { "start": {}, "end": {} }
        ],
        "line": 81
      },
      "12": {
        "loc": { "start": { "line": 85, "column": 4 }, "end": { "line": 90, "column": null } },
        "type": "if",
        "locations": [
          { "start": { "line": 85, "column": 4 }, "end": { "line": 90, "column": null } },
          { "start": {}, "end": {} }
        ],
        "line": 85
      },
      "13": {
        "loc": { "start": { "line": 85, "column": 8 }, "end": { "line": 85, "column": 42 } },
        "type": "binary-expr",
        "locations": [
          { "start": { "line": 85, "column": 8 }, "end": { "line": 85, "column": 27 } },
          { "start": { "line": 85, "column": 27 }, "end": { "line": 85, "column": 42 } }
        ],
        "line": 85
      },
      "14": {
        "loc": { "start": { "line": 87, "column": 6 }, "end": { "line": 89, "column": null } },
        "type": "if",
        "locations": [
          { "start": { "line": 87, "column": 6 }, "end": { "line": 89, "column": null } },
          { "start": {}, "end": {} }
        ],
        "line": 87
      },
      "15": {
        "loc": { "start": { "line": 91, "column": 4 }, "end": { "line": 94, "column": null } },
        "type": "if",
        "locations": [
          { "start": { "line": 91, "column": 4 }, "end": { "line": 94, "column": null } },
          { "start": {}, "end": {} }
        ],
        "line": 91
      }
    },
    "s": {
      "0": 24,
      "1": 24,
      "2": 24,
      "3": 24,
      "4": 8,
      "5": 1,
      "6": 7,
      "7": 7,
      "8": 7,
      "9": 3,
      "10": 4,
      "11": 4,
      "12": 12,
      "13": 2,
      "14": 10,
      "15": 0,
      "16": 10,
      "17": 10,
      "18": 12,
      "19": 20,
      "20": 24,
      "21": 21,
      "22": 21,
      "23": 21,
      "24": 44,
      "25": 19,
      "26": 18,
      "27": 19,
      "28": 25,
      "29": 1,
      "30": 21,
      "31": 18,
      "32": 18,
      "33": 18,
      "34": 18,
      "35": 3,
      "36": 3,
      "37": 3,
      "38": 3,
      "39": 3,
      "40": 3,
      "41": 3,
      "42": 3,
      "43": 2,
      "44": 11,
      "45": 1,
      "46": 10,
      "47": 5,
      "48": 5,
      "49": 5,
      "50": 2,
      "51": 2,
      "52": 3,
      "53": 1,
      "54": 1,
      "55": 1,
      "56": 2,
      "57": 1,
      "58": 1,
      "59": 1,
      "60": 24
    },
    "f": { "0": 24, "1": 8, "2": 12, "3": 12, "4": 20, "5": 21, "6": 3, "7": 2, "8": 11 },
    "b": {
      "0": [1, 7],
      "1": [3, 4],
      "2": [2, 10],
      "3": [0, 10],
      "4": [19, 25],
      "5": [18, 1],
      "6": [19, 4],
      "7": [1, 24],
      "8": [18, 3],
      "9": [1, 10],
      "10": [5, 5],
      "11": [2, 3],
      "12": [1, 2],
      "13": [3, 2],
      "14": [1, 0],
      "15": [1, 1]
    },
    "meta": {
      "lastBranch": 16,
      "lastFunction": 9,
      "lastStatement": 61,
      "seen": {
        "f:8:16:8:27": 0,
        "s:9:8:9:Infinity": 0,
        "s:10:8:10:Infinity": 1,
        "s:11:8:11:Infinity": 2,
        "s:13:8:27:Infinity": 3,
        "f:13:38:13:44": 1,
        "b:14:4:14:Infinity:undefined:undefined:undefined:undefined": 0,
        "s:14:4:14:Infinity": 4,
        "s:14:30:14:Infinity": 5,
        "s:15:14:15:Infinity": 6,
        "s:16:17:16:Infinity": 7,
        "b:17:4:17:Infinity:undefined:undefined:undefined:undefined": 1,
        "s:17:4:17:Infinity": 8,
        "s:17:12:17:Infinity": 9,
        "s:20:19:20:Infinity": 10,
        "s:21:4:26:Infinity": 11,
        "f:21:23:21:24": 2,
        "b:22:6:22:Infinity:undefined:undefined:undefined:undefined": 2,
        "s:22:6:22:Infinity": 12,
        "s:22:44:22:Infinity": 13,
        "b:23:6:23:Infinity:undefined:undefined:undefined:undefined": 3,
        "s:23:6:23:Infinity": 14,
        "s:23:31:23:Infinity": 15,
        "s:24:21:24:Infinity": 16,
        "s:25:6:25:Infinity": 17,
        "f:25:26:25:27": 3,
        "s:25:34:25:64": 18,
        "f:25:46:25:47": 4,
        "s:25:54:25:63": 19,
        "s:29:8:29:Infinity": 20,
        "f:32:11:32:18": 5,
        "s:34:16:34:Infinity": 21,
        "s:35:4:45:Infinity": 22,
        "s:35:17:35:32": 23,
        "b:36:6:42:Infinity:undefined:undefined:undefined:undefined": 4,
        "s:36:6:42:Infinity": 24,
        "b:38:8:40:Infinity:undefined:undefined:undefined:undefined": 5,
        "s:38:8:40:Infinity": 25,
        "b:38:12:38:23:38:23:38:47": 6,
        "s:39:10:39:Infinity": 26,
        "s:41:8:41:Infinity": 27,
        "b:44:6:44:Infinity:undefined:undefined:undefined:undefined": 7,
        "s:44:6:44:Infinity": 28,
        "s:44:30:44:Infinity": 29,
        "b:47:4:56:Infinity:52:11:56:Infinity": 8,
        "s:47:4:56:Infinity": 30,
        "s:48:6:48:Infinity": 31,
        "s:49:6:49:Infinity": 32,
        "s:50:6:50:Infinity": 33,
        "s:51:6:51:Infinity": 34,
        "s:53:6:53:Infinity": 35,
        "s:54:6:54:Infinity": 36,
        "s:55:6:55:Infinity": 37,
        "f:60:11:60:18": 6,
        "s:61:19:61:Infinity": 38,
        "s:62:18:62:Infinity": 39,
        "s:63:20:63:Infinity": 40,
        "s:64:4:64:Infinity": 41,
        "s:65:4:65:Infinity": 42,
        "f:69:11:69:25": 7,
        "s:70:4:70:Infinity": 43,
        "f:74:11:74:20": 8,
        "b:75:4:75:Infinity:undefined:undefined:undefined:undefined": 9,
        "s:75:4:75:Infinity": 44,
        "s:75:30:75:Infinity": 45,
        "b:77:4:80:Infinity:undefined:undefined:undefined:undefined": 10,
        "s:77:4:80:Infinity": 46,
        "s:78:6:78:Infinity": 47,
        "s:79:6:79:Infinity": 48,
        "b:81:4:84:Infinity:undefined:undefined:undefined:undefined": 11,
        "s:81:4:84:Infinity": 49,
        "s:82:6:82:Infinity": 50,
        "s:83:6:83:Infinity": 51,
        "b:85:4:90:Infinity:undefined:undefined:undefined:undefined": 12,
        "s:85:4:90:Infinity": 52,
        "b:85:8:85:27:85:27:85:42": 13,
        "s:86:20:86:Infinity": 53,
        "b:87:6:89:Infinity:undefined:undefined:undefined:undefined": 14,
        "s:87:6:89:Infinity": 54,
        "s:88:8:88:Infinity": 55,
        "b:91:4:94:Infinity:undefined:undefined:undefined:undefined": 15,
        "s:91:4:94:Infinity": 56,
        "s:92:6:92:Infinity": 57,
        "s:93:6:93:Infinity": 58,
        "s:95:4:95:Infinity": 59,
        "s:98:2:107:Infinity": 60
      },
      "fnNames": {}
    }
  },
  "D:\\Game\\ai\\catStudy\\packages\\web\\src\\stores\\chat.ts": {
    "path": "D:\\Game\\ai\\catStudy\\packages\\web\\src\\stores\\chat.ts",
    "statementMap": {
      "0": { "start": { "line": 16, "column": 2 }, "end": { "line": 16, "column": null } },
      "1": { "start": { "line": 16, "column": 12 }, "end": { "line": 16, "column": null } },
      "2": { "start": { "line": 17, "column": 22 }, "end": { "line": 17, "column": null } },
      "3": { "start": { "line": 18, "column": 2 }, "end": { "line": 20, "column": null } },
      "4": { "start": { "line": 19, "column": 4 }, "end": { "line": 19, "column": null } },
      "5": { "start": { "line": 21, "column": 2 }, "end": { "line": 23, "column": null } },
      "6": { "start": { "line": 22, "column": 4 }, "end": { "line": 22, "column": null } },
      "7": { "start": { "line": 24, "column": 2 }, "end": { "line": 26, "column": null } },
      "8": { "start": { "line": 25, "column": 4 }, "end": { "line": 25, "column": null } },
      "9": { "start": { "line": 27, "column": 2 }, "end": { "line": 27, "column": null } },
      "10": { "start": { "line": 30, "column": 13 }, "end": { "line": 540, "column": null } },
      "11": { "start": { "line": 33, "column": 8 }, "end": { "line": 33, "column": null } },
      "12": { "start": { "line": 34, "column": 8 }, "end": { "line": 34, "column": null } },
      "13": { "start": { "line": 35, "column": 8 }, "end": { "line": 35, "column": null } },
      "14": { "start": { "line": 36, "column": 8 }, "end": { "line": 36, "column": null } },
      "15": { "start": { "line": 37, "column": 8 }, "end": { "line": 37, "column": null } },
      "16": { "start": { "line": 38, "column": 8 }, "end": { "line": 38, "column": null } },
      "17": { "start": { "line": 39, "column": 8 }, "end": { "line": 39, "column": null } },
      "18": { "start": { "line": 40, "column": 8 }, "end": { "line": 40, "column": null } },
      "19": { "start": { "line": 41, "column": 8 }, "end": { "line": 41, "column": null } },
      "20": { "start": { "line": 42, "column": 8 }, "end": { "line": 42, "column": null } },
      "21": { "start": { "line": 43, "column": 8 }, "end": { "line": 43, "column": null } },
      "22": { "start": { "line": 44, "column": 8 }, "end": { "line": 44, "column": null } },
      "23": { "start": { "line": 45, "column": 8 }, "end": { "line": 45, "column": null } },
      "24": { "start": { "line": 46, "column": 8 }, "end": { "line": 46, "column": null } },
      "25": { "start": { "line": 47, "column": 57 }, "end": { "line": 47, "column": null } },
      "26": { "start": { "line": 48, "column": 8 }, "end": { "line": 48, "column": null } },
      "27": { "start": { "line": 52, "column": 4 }, "end": { "line": 52, "column": null } },
      "28": { "start": { "line": 52, "column": 20 }, "end": { "line": 52, "column": null } },
      "29": { "start": { "line": 53, "column": 4 }, "end": { "line": 53, "column": null } },
      "30": { "start": { "line": 54, "column": 4 }, "end": { "line": 57, "column": null } },
      "31": { "start": { "line": 55, "column": 6 }, "end": { "line": 55, "column": null } },
      "32": { "start": { "line": 56, "column": 6 }, "end": { "line": 56, "column": null } },
      "33": { "start": { "line": 62, "column": 4 }, "end": { "line": 62, "column": null } },
      "34": { "start": { "line": 62, "column": 20 }, "end": { "line": 62, "column": null } },
      "35": { "start": { "line": 63, "column": 4 }, "end": { "line": 63, "column": null } },
      "36": { "start": { "line": 64, "column": 4 }, "end": { "line": 64, "column": null } },
      "37": { "start": { "line": 74, "column": 8 }, "end": { "line": 74, "column": null } },
      "38": { "start": { "line": 77, "column": 8 }, "end": { "line": 77, "column": null } },
      "39": { "start": { "line": 81, "column": 8 }, "end": { "line": 83, "column": null } },
      "40": { "start": { "line": 82, "column": 10 }, "end": { "line": 82, "column": null } },
      "41": { "start": { "line": 82, "column": 37 }, "end": { "line": 82, "column": 67 } },
      "42": { "start": { "line": 85, "column": 8 }, "end": { "line": 87, "column": null } },
      "43": { "start": { "line": 86, "column": 4 }, "end": { "line": 86, "column": null } },
      "44": { "start": { "line": 86, "column": 33 }, "end": { "line": 86, "column": 70 } },
      "45": { "start": { "line": 89, "column": 8 }, "end": { "line": 93, "column": null } },
      "46": { "start": { "line": 90, "column": 38 }, "end": { "line": 90, "column": null } },
      "47": { "start": { "line": 91, "column": 4 }, "end": { "line": 91, "column": null } },
      "48": { "start": { "line": 91, "column": 37 }, "end": { "line": 91, "column": 49 } },
      "49": { "start": { "line": 92, "column": 4 }, "end": { "line": 92, "column": null } },
      "50": { "start": { "line": 97, "column": 4 }, "end": { "line": 97, "column": null } },
      "51": { "start": { "line": 97, "column": 18 }, "end": { "line": 97, "column": null } },
      "52": { "start": { "line": 98, "column": 18 }, "end": { "line": 98, "column": null } },
      "53": { "start": { "line": 98, "column": 43 }, "end": { "line": 98, "column": 59 } },
      "54": { "start": { "line": 99, "column": 4 }, "end": { "line": 99, "column": null } },
      "55": { "start": { "line": 106, "column": 4 }, "end": { "line": 106, "column": null } },
      "56": { "start": { "line": 106, "column": 23 }, "end": { "line": 106, "column": null } },
      "57": { "start": { "line": 107, "column": 4 }, "end": { "line": 107, "column": null } },
      "58": { "start": { "line": 108, "column": 4 }, "end": { "line": 108, "column": null } },
      "59": { "start": { "line": 109, "column": 4 }, "end": { "line": 109, "column": null } },
      "60": { "start": { "line": 113, "column": 19 }, "end": { "line": 113, "column": null } },
      "61": { "start": { "line": 114, "column": 4 }, "end": { "line": 128, "column": null } },
      "62": { "start": { "line": 115, "column": 22 }, "end": { "line": 115, "column": null } },
      "63": { "start": { "line": 116, "column": 23 }, "end": { "line": 116, "column": null } },
      "64": { "start": { "line": 117, "column": 24 }, "end": { "line": 117, "column": null } },
      "65": { "start": { "line": 119, "column": 6 }, "end": { "line": 127, "column": null } },
      "66": { "start": { "line": 120, "column": 8 }, "end": { "line": 125, "column": null } },
      "67": { "start": { "line": 121, "column": 22 }, "end": { "line": 121, "column": null } },
      "68": { "start": { "line": 122, "column": 10 }, "end": { "line": 122, "column": null } },
      "69": { "start": { "line": 122, "column": 22 }, "end": { "line": 122, "column": null } },
      "70": { "start": { "line": 126, "column": 8 }, "end": { "line": 126, "column": null } },
      "71": { "start": { "line": 126, "column": 33 }, "end": { "line": 126, "column": 56 } },
      "72": { "start": { "line": 130, "column": 4 }, "end": { "line": 130, "column": null } },
      "73": { "start": { "line": 133, "column": 4 }, "end": { "line": 159, "column": null } },
      "74": { "start": { "line": 134, "column": 39 }, "end": { "line": 134, "column": null } },
      "75": { "start": { "line": 135, "column": 6 }, "end": { "line": 135, "column": null } },
      "76": { "start": { "line": 136, "column": 6 }, "end": { "line": 136, "column": null } },
      "77": { "start": { "line": 138, "column": 6 }, "end": { "line": 138, "column": null } },
      "78": { "start": { "line": 140, "column": 21 }, "end": { "line": 140, "column": null } },
      "79": { "start": { "line": 141, "column": 6 }, "end": { "line": 145, "column": null } },
      "80": { "start": { "line": 142, "column": 8 }, "end": { "line": 144, "column": null } },
      "81": { "start": { "line": 143, "column": 10 }, "end": { "line": 143, "column": null } },
      "82": { "start": { "line": 146, "column": 6 }, "end": { "line": 146, "column": null } },
      "83": { "start": { "line": 147, "column": 6 }, "end": { "line": 147, "column": null } },
      "84": { "start": { "line": 148, "column": 6 }, "end": { "line": 148, "column": null } },
      "85": { "start": { "line": 151, "column": 6 }, "end": { "line": 153, "column": null } },
      "86": { "start": { "line": 152, "column": 8 }, "end": { "line": 152, "column": null } },
      "87": { "start": { "line": 155, "column": 6 }, "end": { "line": 155, "column": null } },
      "88": { "start": { "line": 156, "column": 6 }, "end": { "line": 156, "column": null } },
      "89": { "start": { "line": 158, "column": 6 }, "end": { "line": 158, "column": null } },
      "90": { "start": { "line": 166, "column": 19 }, "end": { "line": 166, "column": null } },
      "91": { "start": { "line": 167, "column": 22 }, "end": { "line": 167, "column": null } },
      "92": { "start": { "line": 169, "column": 4 }, "end": { "line": 171, "column": null } },
      "93": { "start": { "line": 170, "column": 6 }, "end": { "line": 170, "column": null } },
      "94": { "start": { "line": 172, "column": 4 }, "end": { "line": 172, "column": null } },
      "95": { "start": { "line": 173, "column": 4 }, "end": { "line": 173, "column": null } },
      "96": { "start": { "line": 174, "column": 4 }, "end": { "line": 174, "column": null } },
      "97": { "start": { "line": 176, "column": 4 }, "end": { "line": 176, "column": null } },
      "98": { "start": { "line": 178, "column": 4 }, "end": { "line": 178, "column": null } },
      "99": { "start": { "line": 179, "column": 4 }, "end": { "line": 181, "column": null } },
      "100": { "start": { "line": 183, "column": 20 }, "end": { "line": 183, "column": null } },
      "101": { "start": { "line": 183, "column": 47 }, "end": { "line": 183, "column": 65 } },
      "102": { "start": { "line": 184, "column": 4 }, "end": { "line": 184, "column": null } },
      "103": { "start": { "line": 185, "column": 4 }, "end": { "line": 185, "column": null } },
      "104": { "start": { "line": 186, "column": 4 }, "end": { "line": 186, "column": null } },
      "105": { "start": { "line": 194, "column": 4 }, "end": { "line": 194, "column": null } },
      "106": { "start": { "line": 194, "column": 32 }, "end": { "line": 194, "column": null } },
      "107": { "start": { "line": 195, "column": 19 }, "end": { "line": 195, "column": null } },
      "108": { "start": { "line": 196, "column": 4 }, "end": { "line": 200, "column": null } },
      "109": { "start": { "line": 208, "column": 20 }, "end": { "line": 208, "column": null } },
      "110": { "start": { "line": 209, "column": 16 }, "end": { "line": 209, "column": null } },
      "111": { "start": { "line": 209, "column": 46 }, "end": { "line": 209, "column": 57 } },
      "112": { "start": { "line": 210, "column": 4 }, "end": { "line": 210, "column": null } },
      "113": { "start": { "line": 210, "column": 18 }, "end": { "line": 210, "column": null } },
      "114": { "start": { "line": 215, "column": 19 }, "end": { "line": 215, "column": null } },
      "115": { "start": { "line": 216, "column": 4 }, "end": { "line": 216, "column": null } },
      "116": { "start": { "line": 221, "column": 4 }, "end": { "line": 226, "column": null } },
      "117": { "start": { "line": 222, "column": 6 }, "end": { "line": 222, "column": null } },
      "118": { "start": { "line": 224, "column": 6 }, "end": { "line": 224, "column": null } },
      "119": { "start": { "line": 225, "column": 6 }, "end": { "line": 225, "column": null } },
      "120": { "start": { "line": 228, "column": 4 }, "end": { "line": 230, "column": null } },
      "121": { "start": { "line": 229, "column": 6 }, "end": { "line": 229, "column": null } },
      "122": { "start": { "line": 235, "column": 4 }, "end": { "line": 240, "column": null } },
      "123": { "start": { "line": 236, "column": 6 }, "end": { "line": 236, "column": null } },
      "124": { "start": { "line": 238, "column": 6 }, "end": { "line": 238, "column": null } },
      "125": { "start": { "line": 239, "column": 6 }, "end": { "line": 239, "column": null } },
      "126": { "start": { "line": 241, "column": 4 }, "end": { "line": 241, "column": null } },
      "127": { "start": { "line": 241, "column": 50 }, "end": { "line": 241, "column": 61 } },
      "128": { "start": { "line": 243, "column": 4 }, "end": { "line": 251, "column": null } },
      "129": { "start": { "line": 244, "column": 19 }, "end": { "line": 244, "column": null } },
      "130": { "start": { "line": 245, "column": 6 }, "end": { "line": 250, "column": null } },
      "131": { "start": { "line": 246, "column": 8 }, "end": { "line": 246, "column": null } },
      "132": { "start": { "line": 248, "column": 8 }, "end": { "line": 248, "column": null } },
      "133": { "start": { "line": 249, "column": 8 }, "end": { "line": 249, "column": null } },
      "134": { "start": { "line": 256, "column": 4 }, "end": { "line": 256, "column": null } },
      "135": { "start": { "line": 257, "column": 4 }, "end": { "line": 257, "column": null } },
      "136": { "start": { "line": 257, "column": 46 }, "end": { "line": 257, "column": 57 } },
      "137": { "start": { "line": 262, "column": 4 }, "end": { "line": 262, "column": null } },
      "138": { "start": { "line": 262, "column": 32 }, "end": { "line": 262, "column": null } },
      "139": { "start": { "line": 263, "column": 4 }, "end": { "line": 263, "column": null } },
      "140": { "start": { "line": 264, "column": 19 }, "end": { "line": 264, "column": null } },
      "141": { "start": { "line": 265, "column": 4 }, "end": { "line": 268, "column": null } },
      "142": { "start": { "line": 273, "column": 4 }, "end": { "line": 273, "column": null } },
      "143": { "start": { "line": 273, "column": 35 }, "end": { "line": 273, "column": null } },
      "144": { "start": { "line": 274, "column": 22 }, "end": { "line": 274, "column": null } },
      "145": { "start": { "line": 275, "column": 16 }, "end": { "line": 275, "column": null } },
      "146": { "start": { "line": 276, "column": 4 }, "end": { "line": 285, "column": null } },
      "147": { "start": { "line": 278, "column": 8 }, "end": { "line": 283, "column": null } },
      "148": { "start": { "line": 279, "column": 24 }, "end": { "line": 279, "column": null } },
      "149": { "start": { "line": 280, "column": 10 }, "end": { "line": 280, "column": null } },
      "150": { "start": { "line": 286, "column": 4 }, "end": { "line": 288, "column": null } },
      "151": { "start": { "line": 287, "column": 6 }, "end": { "line": 287, "column": null } },
      "152": { "start": { "line": 293, "column": 20 }, "end": { "line": 293, "column": null } },
      "153": { "start": { "line": 294, "column": 4 }, "end": { "line": 294, "column": null } },
      "154": { "start": { "line": 295, "column": 4 }, "end": { "line": 295, "column": null } },
      "155": { "start": { "line": 301, "column": 19 }, "end": { "line": 301, "column": null } },
      "156": { "start": { "line": 304, "column": 4 }, "end": { "line": 311, "column": null } },
      "157": { "start": { "line": 305, "column": 6 }, "end": { "line": 305, "column": null } },
      "158": { "start": { "line": 307, "column": 6 }, "end": { "line": 310, "column": null } },
      "159": { "start": { "line": 308, "column": 8 }, "end": { "line": 308, "column": null } },
      "160": { "start": { "line": 309, "column": 8 }, "end": { "line": 309, "column": null } },
      "161": { "start": { "line": 312, "column": 4 }, "end": { "line": 314, "column": null } },
      "162": { "start": { "line": 313, "column": 6 }, "end": { "line": 313, "column": null } },
      "163": { "start": { "line": 317, "column": 4 }, "end": { "line": 319, "column": null } },
      "164": { "start": { "line": 318, "column": 6 }, "end": { "line": 318, "column": null } },
      "165": { "start": { "line": 322, "column": 4 }, "end": { "line": 322, "column": null } },
      "166": { "start": { "line": 324, "column": 4 }, "end": { "line": 338, "column": null } },
      "167": { "start": { "line": 326, "column": 6 }, "end": { "line": 326, "column": null } },
      "168": { "start": { "line": 326, "column": 37 }, "end": { "line": 326, "column": 52 } },
      "169": { "start": { "line": 326, "column": 55 }, "end": { "line": 326, "column": null } },
      "170": { "start": { "line": 327, "column": 6 }, "end": { "line": 327, "column": null } },
      "171": { "start": { "line": 329, "column": 6 }, "end": { "line": 332, "column": null } },
      "172": { "start": { "line": 330, "column": 8 }, "end": { "line": 330, "column": null } },
      "173": { "start": { "line": 331, "column": 8 }, "end": { "line": 331, "column": null } },
      "174": { "start": { "line": 334, "column": 6 }, "end": { "line": 337, "column": null } },
      "175": { "start": { "line": 335, "column": 24 }, "end": { "line": 335, "column": null } },
      "176": { "start": { "line": 336, "column": 8 }, "end": { "line": 336, "column": null } },
      "177": { "start": { "line": 342, "column": 4 }, "end": { "line": 350, "column": null } },
      "178": { "start": { "line": 343, "column": 29 }, "end": { "line": 343, "column": null } },
      "179": { "start": { "line": 344, "column": 6 }, "end": { "line": 346, "column": null } },
      "180": { "start": { "line": 345, "column": 8 }, "end": { "line": 345, "column": null } },
      "181": { "start": { "line": 347, "column": 6 }, "end": { "line": 347, "column": null } },
      "182": { "start": { "line": 348, "column": 6 }, "end": { "line": 348, "column": null } },
      "183": { "start": { "line": 349, "column": 6 }, "end": { "line": 349, "column": null } },
      "184": { "start": { "line": 353, "column": 4 }, "end": { "line": 358, "column": null } },
      "185": { "start": { "line": 354, "column": 18 }, "end": { "line": 354, "column": null } },
      "186": { "start": { "line": 354, "column": 45 }, "end": { "line": 354, "column": 68 } },
      "187": { "start": { "line": 355, "column": 6 }, "end": { "line": 357, "column": null } },
      "188": { "start": { "line": 356, "column": 8 }, "end": { "line": 356, "column": null } },
      "189": { "start": { "line": 360, "column": 4 }, "end": { "line": 365, "column": null } },
      "190": { "start": { "line": 363, "column": 8 }, "end": { "line": 363, "column": null } },
      "191": { "start": { "line": 367, "column": 4 }, "end": { "line": 373, "column": null } },
      "192": { "start": { "line": 368, "column": 6 }, "end": { "line": 368, "column": null } },
      "193": { "start": { "line": 370, "column": 6 }, "end": { "line": 372, "column": null } },
      "194": { "start": { "line": 371, "column": 8 }, "end": { "line": 371, "column": null } },
      "195": { "start": { "line": 375, "column": 4 }, "end": { "line": 379, "column": null } },
      "196": { "start": { "line": 376, "column": 18 }, "end": { "line": 376, "column": null } },
      "197": { "start": { "line": 377, "column": 6 }, "end": { "line": 377, "column": null } },
      "198": { "start": { "line": 377, "column": 28 }, "end": { "line": 377, "column": 49 } },
      "199": { "start": { "line": 378, "column": 6 }, "end": { "line": 378, "column": null } },
      "200": { "start": { "line": 381, "column": 4 }, "end": { "line": 388, "column": null } },
      "201": { "start": { "line": 382, "column": 18 }, "end": { "line": 382, "column": null } },
      "202": { "start": { "line": 382, "column": 50 }, "end": { "line": 382, "column": 69 } },
      "203": { "start": { "line": 383, "column": 6 }, "end": { "line": 387, "column": null } },
      "204": { "start": { "line": 384, "column": 8 }, "end": { "line": 384, "column": null } },
      "205": { "start": { "line": 386, "column": 8 }, "end": { "line": 386, "column": null } },
      "206": { "start": { "line": 390, "column": 4 }, "end": { "line": 407, "column": null } },
      "207": { "start": { "line": 393, "column": 8 }, "end": { "line": 393, "column": null } },
      "208": { "start": { "line": 395, "column": 8 }, "end": { "line": 405, "column": null } },
      "209": { "start": { "line": 409, "column": 4 }, "end": { "line": 420, "column": null } },
      "210": { "start": { "line": 410, "column": 6 }, "end": { "line": 410, "column": null } },
      "211": { "start": { "line": 410, "column": 52 }, "end": { "line": 410, "column": 75 } },
      "212": { "start": { "line": 411, "column": 6 }, "end": { "line": 419, "column": null } },
      "213": { "start": { "line": 412, "column": 21 }, "end": { "line": 412, "column": null } },
      "214": { "start": { "line": 413, "column": 8 }, "end": { "line": 418, "column": null } },
      "215": { "start": { "line": 414, "column": 10 }, "end": { "line": 414, "column": null } },
      "216": { "start": { "line": 416, "column": 10 }, "end": { "line": 416, "column": null } },
      "217": { "start": { "line": 417, "column": 10 }, "end": { "line": 417, "column": null } },
      "218": { "start": { "line": 422, "column": 4 }, "end": { "line": 426, "column": null } },
      "219": { "start": { "line": 423, "column": 6 }, "end": { "line": 425, "column": null } },
      "220": { "start": { "line": 424, "column": 8 }, "end": { "line": 424, "column": null } },
      "221": { "start": { "line": 428, "column": 4 }, "end": { "line": 446, "column": null } },
      "222": { "start": { "line": 437, "column": 24 }, "end": { "line": 437, "column": null } },
      "223": { "start": { "line": 438, "column": 20 }, "end": { "line": 438, "column": null } },
      "224": { "start": { "line": 438, "column": 45 }, "end": { "line": 438, "column": 71 } },
      "225": { "start": { "line": 439, "column": 8 }, "end": { "line": 443, "column": null } },
      "226": { "start": { "line": 440, "column": 10 }, "end": { "line": 440, "column": null } },
      "227": { "start": { "line": 442, "column": 10 }, "end": { "line": 442, "column": null } },
      "228": { "start": { "line": 444, "column": 8 }, "end": { "line": 444, "column": null } },
      "229": { "start": { "line": 448, "column": 4 }, "end": { "line": 456, "column": null } },
      "230": { "start": { "line": 452, "column": 28 }, "end": { "line": 452, "column": null } },
      "231": { "start": { "line": 453, "column": 8 }, "end": { "line": 453, "column": null } },
      "232": { "start": { "line": 453, "column": 54 }, "end": { "line": 453, "column": 76 } },
      "233": { "start": { "line": 454, "column": 8 }, "end": { "line": 454, "column": null } },
      "234": { "start": { "line": 458, "column": 4 }, "end": { "line": 463, "column": null } },
      "235": { "start": { "line": 459, "column": 20 }, "end": { "line": 459, "column": null } },
      "236": { "start": { "line": 460, "column": 6 }, "end": { "line": 462, "column": null } },
      "237": { "start": { "line": 461, "column": 8 }, "end": { "line": 461, "column": null } },
      "238": { "start": { "line": 466, "column": 4 }, "end": { "line": 498, "column": null } },
      "239": { "start": { "line": 470, "column": 8 }, "end": { "line": 496, "column": null } },
      "240": { "start": { "line": 474, "column": 27 }, "end": { "line": 474, "column": null } },
      "241": { "start": { "line": 474, "column": 54 }, "end": { "line": 474, "column": 76 } },
      "242": { "start": { "line": 475, "column": 12 }, "end": { "line": 477, "column": null } },
      "243": { "start": { "line": 476, "column": 14 }, "end": { "line": 476, "column": null } },
      "244": { "start": { "line": 479, "column": 12 }, "end": { "line": 492, "column": null } },
      "245": { "start": { "line": 480, "column": 14 }, "end": { "line": 480, "column": null } },
      "246": { "start": { "line": 482, "column": 42 }, "end": { "line": 490, "column": null } },
      "247": { "start": { "line": 491, "column": 14 }, "end": { "line": 491, "column": null } },
      "248": { "start": { "line": 495, "column": 12 }, "end": { "line": 495, "column": null } },
      "249": { "start": { "line": 502, "column": 2 }, "end": { "line": 502, "column": null } },
      "250": { "start": { "line": 504, "column": 2 }, "end": { "line": 539, "column": null } }
    },
    "fnMap": {
      "0": {
        "name": "friendlyError",
        "decl": { "start": { "line": 15, "column": 9 }, "end": { "line": 15, "column": 23 } },
        "loc": { "start": { "line": 15, "column": 41 }, "end": { "line": 28, "column": null } },
        "line": 15
      },
      "1": {
        "name": "(anonymous_1)",
        "decl": { "start": { "line": 30, "column": 48 }, "end": { "line": 30, "column": 54 } },
        "loc": { "start": { "line": 30, "column": 54 }, "end": { "line": 540, "column": 1 } },
        "line": 30
      },
      "2": {
        "name": "showError",
        "decl": { "start": { "line": 51, "column": 11 }, "end": { "line": 51, "column": 21 } },
        "loc": { "start": { "line": 51, "column": 44 }, "end": { "line": 58, "column": null } },
        "line": 51
      },
      "3": {
        "name": "(anonymous_3)",
        "decl": { "start": { "line": 54, "column": 28 }, "end": { "line": 54, "column": 34 } },
        "loc": { "start": { "line": 54, "column": 34 }, "end": { "line": 57, "column": 7 } },
        "line": 54
      },
      "4": {
        "name": "dismissError",
        "decl": { "start": { "line": 61, "column": 11 }, "end": { "line": 61, "column": 32 } },
        "loc": { "start": { "line": 61, "column": 32 }, "end": { "line": 65, "column": null } },
        "line": 61
      },
      "5": {
        "name": "(anonymous_5)",
        "decl": { "start": { "line": 82, "column": 4 }, "end": { "line": 82, "column": 10 } },
        "loc": { "start": { "line": 82, "column": 10 }, "end": { "line": 82, "column": null } },
        "line": 82
      },
      "6": {
        "name": "(anonymous_6)",
        "decl": { "start": { "line": 82, "column": 30 }, "end": { "line": 82, "column": 31 } },
        "loc": { "start": { "line": 82, "column": 37 }, "end": { "line": 82, "column": 67 } },
        "line": 82
      },
      "7": {
        "name": "(anonymous_7)",
        "decl": { "start": { "line": 85, "column": 34 }, "end": { "line": 85, "column": null } },
        "loc": { "start": { "line": 86, "column": 4 }, "end": { "line": 86, "column": null } },
        "line": 86
      },
      "8": {
        "name": "(anonymous_8)",
        "decl": { "start": { "line": 86, "column": 26 }, "end": { "line": 86, "column": 27 } },
        "loc": { "start": { "line": 86, "column": 33 }, "end": { "line": 86, "column": 70 } },
        "line": 86
      },
      "9": {
        "name": "(anonymous_9)",
        "decl": { "start": { "line": 89, "column": 34 }, "end": { "line": 89, "column": 40 } },
        "loc": { "start": { "line": 89, "column": 40 }, "end": { "line": 93, "column": 3 } },
        "line": 89
      },
      "10": {
        "name": "(anonymous_10)",
        "decl": { "start": { "line": 91, "column": 30 }, "end": { "line": 91, "column": 31 } },
        "loc": { "start": { "line": 91, "column": 37 }, "end": { "line": 91, "column": 49 } },
        "line": 91
      },
      "11": {
        "name": "agentInfo",
        "decl": { "start": { "line": 96, "column": 11 }, "end": { "line": 96, "column": 21 } },
        "loc": { "start": { "line": 96, "column": 86 }, "end": { "line": 100, "column": null } },
        "line": 96
      },
      "12": {
        "name": "(anonymous_12)",
        "decl": { "start": { "line": 98, "column": 36 }, "end": { "line": 98, "column": 37 } },
        "loc": { "start": { "line": 98, "column": 43 }, "end": { "line": 98, "column": 59 } },
        "line": 98
      },
      "13": {
        "name": "fetchData",
        "decl": { "start": { "line": 105, "column": 17 }, "end": { "line": 105, "column": 44 } },
        "loc": { "start": { "line": 105, "column": 44 }, "end": { "line": 160, "column": null } },
        "line": 105
      },
      "14": {
        "name": "(anonymous_14)",
        "decl": { "start": { "line": 126, "column": 26 }, "end": { "line": 126, "column": 27 } },
        "loc": { "start": { "line": 126, "column": 33 }, "end": { "line": 126, "column": 56 } },
        "line": 126
      },
      "15": {
        "name": "joinSession",
        "decl": { "start": { "line": 165, "column": 11 }, "end": { "line": 165, "column": 23 } },
        "loc": { "start": { "line": 165, "column": 48 }, "end": { "line": 190, "column": null } },
        "line": 165
      },
      "16": {
        "name": "(anonymous_16)",
        "decl": { "start": { "line": 179, "column": 41 }, "end": { "line": 179, "column": 47 } },
        "loc": { "start": { "line": 179, "column": 47 }, "end": { "line": 181, "column": 5 } },
        "line": 179
      },
      "17": {
        "name": "(anonymous_17)",
        "decl": { "start": { "line": 183, "column": 40 }, "end": { "line": 183, "column": 41 } },
        "loc": { "start": { "line": 183, "column": 47 }, "end": { "line": 183, "column": 65 } },
        "line": 183
      },
      "18": {
        "name": "sendMessage",
        "decl": { "start": { "line": 193, "column": 11 }, "end": { "line": 193, "column": 23 } },
        "loc": { "start": { "line": 193, "column": 71 }, "end": { "line": 201, "column": null } },
        "line": 193
      },
      "19": {
        "name": "updateAgent",
        "decl": { "start": { "line": 204, "column": 17 }, "end": { "line": 204, "column": null } },
        "loc": { "start": { "line": 207, "column": 19 }, "end": { "line": 211, "column": null } },
        "line": 207
      },
      "20": {
        "name": "(anonymous_20)",
        "decl": { "start": { "line": 209, "column": 39 }, "end": { "line": 209, "column": 40 } },
        "loc": { "start": { "line": 209, "column": 46 }, "end": { "line": 209, "column": 57 } },
        "line": 209
      },
      "21": {
        "name": "retractMessage",
        "decl": { "start": { "line": 214, "column": 17 }, "end": { "line": 214, "column": 32 } },
        "loc": { "start": { "line": 214, "column": 85 }, "end": { "line": 217, "column": null } },
        "line": 214
      },
      "22": {
        "name": "clearSessionMessages",
        "decl": { "start": { "line": 220, "column": 17 }, "end": { "line": 220, "column": 38 } },
        "loc": { "start": { "line": 220, "column": 65 }, "end": { "line": 231, "column": null } },
        "line": 220
      },
      "23": {
        "name": "deleteSession",
        "decl": { "start": { "line": 234, "column": 17 }, "end": { "line": 234, "column": 31 } },
        "loc": { "start": { "line": 234, "column": 58 }, "end": { "line": 252, "column": null } },
        "line": 234
      },
      "24": {
        "name": "(anonymous_24)",
        "decl": { "start": { "line": 241, "column": 43 }, "end": { "line": 241, "column": 44 } },
        "loc": { "start": { "line": 241, "column": 50 }, "end": { "line": 241, "column": 61 } },
        "line": 241
      },
      "25": {
        "name": "deleteAgent",
        "decl": { "start": { "line": 255, "column": 17 }, "end": { "line": 255, "column": 29 } },
        "loc": { "start": { "line": 255, "column": 56 }, "end": { "line": 258, "column": null } },
        "line": 255
      },
      "26": {
        "name": "(anonymous_26)",
        "decl": { "start": { "line": 257, "column": 39 }, "end": { "line": 257, "column": 40 } },
        "loc": { "start": { "line": 257, "column": 46 }, "end": { "line": 257, "column": 57 } },
        "line": 257
      },
      "27": {
        "name": "toggleBroadcast",
        "decl": { "start": { "line": 261, "column": 11 }, "end": { "line": 261, "column": 35 } },
        "loc": { "start": { "line": 261, "column": 35 }, "end": { "line": 269, "column": null } },
        "line": 261
      },
      "28": {
        "name": "fetchAgentStats",
        "decl": { "start": { "line": 272, "column": 17 }, "end": { "line": 272, "column": 50 } },
        "loc": { "start": { "line": 272, "column": 50 }, "end": { "line": 289, "column": null } },
        "line": 272
      },
      "29": {
        "name": "(anonymous_29)",
        "decl": { "start": { "line": 277, "column": 23 }, "end": { "line": 277, "column": 30 } },
        "loc": { "start": { "line": 277, "column": 36 }, "end": { "line": 284, "column": 7 } },
        "line": 277
      },
      "30": {
        "name": "createSession",
        "decl": { "start": { "line": 292, "column": 17 }, "end": { "line": 292, "column": 31 } },
        "loc": { "start": { "line": 292, "column": 81 }, "end": { "line": 296, "column": null } },
        "line": 292
      },
      "31": {
        "name": "bindEvents",
        "decl": { "start": { "line": 300, "column": 11 }, "end": { "line": 300, "column": 30 } },
        "loc": { "start": { "line": 300, "column": 30 }, "end": { "line": 499, "column": null } },
        "line": 300
      },
      "32": {
        "name": "(anonymous_32)",
        "decl": { "start": { "line": 304, "column": 25 }, "end": { "line": 304, "column": 31 } },
        "loc": { "start": { "line": 304, "column": 31 }, "end": { "line": 311, "column": 5 } },
        "line": 304
      },
      "33": {
        "name": "(anonymous_33)",
        "decl": { "start": { "line": 312, "column": 28 }, "end": { "line": 312, "column": 34 } },
        "loc": { "start": { "line": 312, "column": 34 }, "end": { "line": 314, "column": 5 } },
        "line": 312
      },
      "34": {
        "name": "(anonymous_34)",
        "decl": { "start": { "line": 317, "column": 28 }, "end": { "line": 317, "column": 29 } },
        "loc": { "start": { "line": 317, "column": 59 }, "end": { "line": 319, "column": 5 } },
        "line": 317
      },
      "35": {
        "name": "(anonymous_35)",
        "decl": { "start": { "line": 324, "column": 34 }, "end": { "line": 324, "column": 35 } },
        "loc": { "start": { "line": 324, "column": 52 }, "end": { "line": 338, "column": 5 } },
        "line": 324
      },
      "36": {
        "name": "(anonymous_36)",
        "decl": { "start": { "line": 326, "column": 30 }, "end": { "line": 326, "column": 31 } },
        "loc": { "start": { "line": 326, "column": 37 }, "end": { "line": 326, "column": 52 } },
        "line": 326
      },
      "37": {
        "name": "(anonymous_37)",
        "decl": { "start": { "line": 342, "column": 38 }, "end": { "line": 342, "column": 39 } },
        "loc": { "start": { "line": 342, "column": 91 }, "end": { "line": 350, "column": 5 } },
        "line": 342
      },
      "38": {
        "name": "(anonymous_38)",
        "decl": { "start": { "line": 353, "column": 38 }, "end": { "line": 353, "column": 39 } },
        "loc": { "start": { "line": 353, "column": 91 }, "end": { "line": 358, "column": 5 } },
        "line": 353
      },
      "39": {
        "name": "(anonymous_39)",
        "decl": { "start": { "line": 354, "column": 38 }, "end": { "line": 354, "column": 39 } },
        "loc": { "start": { "line": 354, "column": 45 }, "end": { "line": 354, "column": 68 } },
        "line": 354
      },
      "40": {
        "name": "(anonymous_40)",
        "decl": { "start": { "line": 362, "column": 6 }, "end": { "line": 362, "column": 7 } },
        "loc": { "start": { "line": 362, "column": 73 }, "end": { "line": 364, "column": null } },
        "line": 362
      },
      "41": {
        "name": "(anonymous_41)",
        "decl": { "start": { "line": 367, "column": 35 }, "end": { "line": 367, "column": 36 } },
        "loc": { "start": { "line": 367, "column": 65 }, "end": { "line": 373, "column": 5 } },
        "line": 367
      },
      "42": {
        "name": "(anonymous_42)",
        "decl": { "start": { "line": 375, "column": 34 }, "end": { "line": 375, "column": 35 } },
        "loc": { "start": { "line": 375, "column": 67 }, "end": { "line": 379, "column": 5 } },
        "line": 375
      },
      "43": {
        "name": "(anonymous_43)",
        "decl": { "start": { "line": 377, "column": 21 }, "end": { "line": 377, "column": 22 } },
        "loc": { "start": { "line": 377, "column": 28 }, "end": { "line": 377, "column": 49 } },
        "line": 377
      },
      "44": {
        "name": "(anonymous_44)",
        "decl": { "start": { "line": 381, "column": 37 }, "end": { "line": 381, "column": 38 } },
        "loc": { "start": { "line": 381, "column": 65 }, "end": { "line": 388, "column": 5 } },
        "line": 381
      },
      "45": {
        "name": "(anonymous_45)",
        "decl": { "start": { "line": 382, "column": 43 }, "end": { "line": 382, "column": 44 } },
        "loc": { "start": { "line": 382, "column": 50 }, "end": { "line": 382, "column": 69 } },
        "line": 382
      },
      "46": {
        "name": "(anonymous_46)",
        "decl": { "start": { "line": 392, "column": 6 }, "end": { "line": 392, "column": 7 } },
        "loc": { "start": { "line": 392, "column": 63 }, "end": { "line": 406, "column": null } },
        "line": 392
      },
      "47": {
        "name": "(anonymous_47)",
        "decl": { "start": { "line": 409, "column": 38 }, "end": { "line": 409, "column": 39 } },
        "loc": { "start": { "line": 409, "column": 71 }, "end": { "line": 420, "column": 5 } },
        "line": 409
      },
      "48": {
        "name": "(anonymous_48)",
        "decl": { "start": { "line": 410, "column": 45 }, "end": { "line": 410, "column": 46 } },
        "loc": { "start": { "line": 410, "column": 52 }, "end": { "line": 410, "column": 75 } },
        "line": 410
      },
      "49": {
        "name": "(anonymous_49)",
        "decl": { "start": { "line": 422, "column": 47 }, "end": { "line": 422, "column": 48 } },
        "loc": { "start": { "line": 422, "column": 80 }, "end": { "line": 426, "column": 5 } },
        "line": 422
      },
      "50": {
        "name": "(anonymous_50)",
        "decl": { "start": { "line": 430, "column": 6 }, "end": { "line": 430, "column": 7 } },
        "loc": { "start": { "line": 436, "column": 12 }, "end": { "line": 445, "column": null } },
        "line": 436
      },
      "51": {
        "name": "(anonymous_51)",
        "decl": { "start": { "line": 438, "column": 38 }, "end": { "line": 438, "column": 39 } },
        "loc": { "start": { "line": 438, "column": 45 }, "end": { "line": 438, "column": 71 } },
        "line": 438
      },
      "52": {
        "name": "(anonymous_52)",
        "decl": { "start": { "line": 450, "column": 6 }, "end": { "line": 450, "column": 7 } },
        "loc": { "start": { "line": 450, "column": 83 }, "end": { "line": 455, "column": null } },
        "line": 450
      },
      "53": {
        "name": "(anonymous_53)",
        "decl": { "start": { "line": 453, "column": 47 }, "end": { "line": 453, "column": 48 } },
        "loc": { "start": { "line": 453, "column": 54 }, "end": { "line": 453, "column": 76 } },
        "line": 453
      },
      "54": {
        "name": "(anonymous_54)",
        "decl": { "start": { "line": 458, "column": 35 }, "end": { "line": 458, "column": 36 } },
        "loc": { "start": { "line": 458, "column": 87 }, "end": { "line": 463, "column": 5 } },
        "line": 458
      },
      "55": {
        "name": "(anonymous_55)",
        "decl": { "start": { "line": 468, "column": 6 }, "end": { "line": 468, "column": 7 } },
        "loc": { "start": { "line": 468, "column": 81 }, "end": { "line": 497, "column": null } },
        "line": 468
      },
      "56": {
        "name": "(anonymous_56)",
        "decl": { "start": { "line": 472, "column": 16 }, "end": { "line": 472, "column": 17 } },
        "loc": { "start": { "line": 472, "column": 32 }, "end": { "line": 493, "column": 11 } },
        "line": 472
      },
      "57": {
        "name": "(anonymous_57)",
        "decl": { "start": { "line": 474, "column": 47 }, "end": { "line": 474, "column": 48 } },
        "loc": { "start": { "line": 474, "column": 54 }, "end": { "line": 474, "column": 76 } },
        "line": 474
      },
      "58": {
        "name": "(anonymous_58)",
        "decl": { "start": { "line": 494, "column": 17 }, "end": { "line": 494, "column": 18 } },
        "loc": { "start": { "line": 494, "column": 26 }, "end": { "line": 496, "column": 11 } },
        "line": 494
      }
    },
    "branchMap": {
      "0": {
        "loc": { "start": { "line": 16, "column": 2 }, "end": { "line": 16, "column": null } },
        "type": "if",
        "locations": [
          { "start": { "line": 16, "column": 2 }, "end": { "line": 16, "column": null } },
          { "start": {}, "end": {} }
        ],
        "line": 16
      },
      "1": {
        "loc": { "start": { "line": 17, "column": 22 }, "end": { "line": 17, "column": null } },
        "type": "binary-expr",
        "locations": [
          { "start": { "line": 17, "column": 22 }, "end": { "line": 17, "column": 44 } },
          { "start": { "line": 17, "column": 44 }, "end": { "line": 17, "column": 64 } },
          { "start": { "line": 17, "column": 64 }, "end": { "line": 17, "column": 79 } },
          { "start": { "line": 17, "column": 79 }, "end": { "line": 17, "column": null } }
        ],
        "line": 17
      },
      "2": {
        "loc": { "start": { "line": 18, "column": 2 }, "end": { "line": 20, "column": null } },
        "type": "if",
        "locations": [
          { "start": { "line": 18, "column": 2 }, "end": { "line": 20, "column": null } },
          { "start": {}, "end": {} }
        ],
        "line": 18
      },
      "3": {
        "loc": { "start": { "line": 18, "column": 6 }, "end": { "line": 18, "column": 83 } },
        "type": "binary-expr",
        "locations": [
          { "start": { "line": 18, "column": 6 }, "end": { "line": 18, "column": 36 } },
          { "start": { "line": 18, "column": 36 }, "end": { "line": 18, "column": 58 } },
          { "start": { "line": 18, "column": 58 }, "end": { "line": 18, "column": 83 } }
        ],
        "line": 18
      },
      "4": {
        "loc": { "start": { "line": 21, "column": 2 }, "end": { "line": 23, "column": null } },
        "type": "if",
        "locations": [
          { "start": { "line": 21, "column": 2 }, "end": { "line": 23, "column": null } },
          { "start": {}, "end": {} }
        ],
        "line": 21
      },
      "5": {
        "loc": { "start": { "line": 21, "column": 6 }, "end": { "line": 21, "column": 96 } },
        "type": "binary-expr",
        "locations": [
          { "start": { "line": 21, "column": 6 }, "end": { "line": 21, "column": 31 } },
          { "start": { "line": 21, "column": 31 }, "end": { "line": 21, "column": 63 } },
          { "start": { "line": 21, "column": 63 }, "end": { "line": 21, "column": 96 } }
        ],
        "line": 21
      },
      "6": {
        "loc": { "start": { "line": 24, "column": 2 }, "end": { "line": 26, "column": null } },
        "type": "if",
        "locations": [
          { "start": { "line": 24, "column": 2 }, "end": { "line": 26, "column": null } },
          { "start": {}, "end": {} }
        ],
        "line": 24
      },
      "7": {
        "loc": { "start": { "line": 24, "column": 6 }, "end": { "line": 24, "column": 74 } },
        "type": "binary-expr",
        "locations": [
          { "start": { "line": 24, "column": 6 }, "end": { "line": 24, "column": 38 } },
          { "start": { "line": 24, "column": 38 }, "end": { "line": 24, "column": 74 } }
        ],
        "line": 24
      },
      "8": {
        "loc": { "start": { "line": 52, "column": 4 }, "end": { "line": 52, "column": null } },
        "type": "if",
        "locations": [
          { "start": { "line": 52, "column": 4 }, "end": { "line": 52, "column": null } },
          { "start": {}, "end": {} }
        ],
        "line": 52
      },
      "9": {
        "loc": { "start": { "line": 62, "column": 4 }, "end": { "line": 62, "column": null } },
        "type": "if",
        "locations": [
          { "start": { "line": 62, "column": 4 }, "end": { "line": 62, "column": null } },
          { "start": {}, "end": {} }
        ],
        "line": 62
      },
      "10": {
        "loc": { "start": { "line": 82, "column": 10 }, "end": { "line": 82, "column": null } },
        "type": "binary-expr",
        "locations": [
          { "start": { "line": 82, "column": 10 }, "end": { "line": 82, "column": 72 } },
          { "start": { "line": 82, "column": 72 }, "end": { "line": 82, "column": null } }
        ],
        "line": 82
      },
      "11": {
        "loc": { "start": { "line": 97, "column": 4 }, "end": { "line": 97, "column": null } },
        "type": "if",
        "locations": [
          { "start": { "line": 97, "column": 4 }, "end": { "line": 97, "column": null } },
          { "start": {}, "end": {} }
        ],
        "line": 97
      },
      "12": {
        "loc": { "start": { "line": 99, "column": 11 }, "end": { "line": 99, "column": null } },
        "type": "cond-expr",
        "locations": [
          { "start": { "line": 99, "column": 19 }, "end": { "line": 99, "column": 64 } },
          { "start": { "line": 99, "column": 64 }, "end": { "line": 99, "column": null } }
        ],
        "line": 99
      },
      "13": {
        "loc": { "start": { "line": 106, "column": 4 }, "end": { "line": 106, "column": null } },
        "type": "if",
        "locations": [
          { "start": { "line": 106, "column": 4 }, "end": { "line": 106, "column": null } },
          { "start": {}, "end": {} }
        ],
        "line": 106
      },
      "14": {
        "loc": { "start": { "line": 114, "column": 4 }, "end": { "line": 128, "column": null } },
        "type": "if",
        "locations": [
          { "start": { "line": 114, "column": 4 }, "end": { "line": 128, "column": null } },
          { "start": {}, "end": {} }
        ],
        "line": 114
      },
      "15": {
        "loc": { "start": { "line": 114, "column": 8 }, "end": { "line": 114, "column": 48 } },
        "type": "binary-expr",
        "locations": [
          { "start": { "line": 114, "column": 8 }, "end": { "line": 114, "column": 39 } },
          { "start": { "line": 114, "column": 39 }, "end": { "line": 114, "column": 48 } }
        ],
        "line": 114
      },
      "16": {
        "loc": { "start": { "line": 122, "column": 10 }, "end": { "line": 122, "column": null } },
        "type": "if",
        "locations": [
          { "start": { "line": 122, "column": 10 }, "end": { "line": 122, "column": null } },
          { "start": {}, "end": {} }
        ],
        "line": 122
      },
      "17": {
        "loc": { "start": { "line": 142, "column": 8 }, "end": { "line": 144, "column": null } },
        "type": "if",
        "locations": [
          { "start": { "line": 142, "column": 8 }, "end": { "line": 144, "column": null } },
          { "start": {}, "end": {} }
        ],
        "line": 142
      },
      "18": {
        "loc": { "start": { "line": 142, "column": 12 }, "end": { "line": 142, "column": 48 } },
        "type": "binary-expr",
        "locations": [
          { "start": { "line": 142, "column": 12 }, "end": { "line": 142, "column": 29 } },
          { "start": { "line": 142, "column": 29 }, "end": { "line": 142, "column": 48 } }
        ],
        "line": 142
      },
      "19": {
        "loc": { "start": { "line": 151, "column": 6 }, "end": { "line": 153, "column": null } },
        "type": "if",
        "locations": [
          { "start": { "line": 151, "column": 6 }, "end": { "line": 153, "column": null } },
          { "start": {}, "end": {} }
        ],
        "line": 151
      },
      "20": {
        "loc": { "start": { "line": 151, "column": 10 }, "end": { "line": 151, "column": 60 } },
        "type": "binary-expr",
        "locations": [
          { "start": { "line": 151, "column": 10 }, "end": { "line": 151, "column": 36 } },
          { "start": { "line": 151, "column": 36 }, "end": { "line": 151, "column": 60 } }
        ],
        "line": 151
      },
      "21": {
        "loc": { "start": { "line": 167, "column": 22 }, "end": { "line": 167, "column": null } },
        "type": "binary-expr",
        "locations": [
          { "start": { "line": 167, "column": 22 }, "end": { "line": 167, "column": 56 } },
          { "start": { "line": 167, "column": 56 }, "end": { "line": 167, "column": null } }
        ],
        "line": 167
      },
      "22": {
        "loc": { "start": { "line": 169, "column": 4 }, "end": { "line": 171, "column": null } },
        "type": "if",
        "locations": [
          { "start": { "line": 169, "column": 4 }, "end": { "line": 171, "column": null } },
          { "start": {}, "end": {} }
        ],
        "line": 169
      },
      "23": {
        "loc": { "start": { "line": 169, "column": 8 }, "end": { "line": 169, "column": 44 } },
        "type": "binary-expr",
        "locations": [
          { "start": { "line": 169, "column": 8 }, "end": { "line": 169, "column": 33 } },
          { "start": { "line": 169, "column": 33 }, "end": { "line": 169, "column": 44 } }
        ],
        "line": 169
      },
      "24": {
        "loc": { "start": { "line": 184, "column": 26 }, "end": { "line": 184, "column": null } },
        "type": "binary-expr",
        "locations": [
          { "start": { "line": 184, "column": 26 }, "end": { "line": 184, "column": 52 } },
          { "start": { "line": 184, "column": 52 }, "end": { "line": 184, "column": null } }
        ],
        "line": 184
      },
      "25": {
        "loc": { "start": { "line": 193, "column": 40 }, "end": { "line": 193, "column": 71 } },
        "type": "default-arg",
        "locations": [
          { "start": { "line": 193, "column": 61 }, "end": { "line": 193, "column": 71 } }
        ],
        "line": 193
      },
      "26": {
        "loc": { "start": { "line": 194, "column": 4 }, "end": { "line": 194, "column": null } },
        "type": "if",
        "locations": [
          { "start": { "line": 194, "column": 4 }, "end": { "line": 194, "column": null } },
          { "start": {}, "end": {} }
        ],
        "line": 194
      },
      "27": {
        "loc": { "start": { "line": 210, "column": 4 }, "end": { "line": 210, "column": null } },
        "type": "if",
        "locations": [
          { "start": { "line": 210, "column": 4 }, "end": { "line": 210, "column": null } },
          { "start": {}, "end": {} }
        ],
        "line": 210
      },
      "28": {
        "loc": { "start": { "line": 228, "column": 4 }, "end": { "line": 230, "column": null } },
        "type": "if",
        "locations": [
          { "start": { "line": 228, "column": 4 }, "end": { "line": 230, "column": null } },
          { "start": {}, "end": {} }
        ],
        "line": 228
      },
      "29": {
        "loc": { "start": { "line": 243, "column": 4 }, "end": { "line": 251, "column": null } },
        "type": "if",
        "locations": [
          { "start": { "line": 243, "column": 4 }, "end": { "line": 251, "column": null } },
          { "start": {}, "end": {} }
        ],
        "line": 243
      },
      "30": {
        "loc": { "start": { "line": 245, "column": 6 }, "end": { "line": 250, "column": null } },
        "type": "if",
        "locations": [
          { "start": { "line": 245, "column": 6 }, "end": { "line": 250, "column": null } },
          { "start": { "line": 247, "column": 13 }, "end": { "line": 250, "column": null } }
        ],
        "line": 245
      },
      "31": {
        "loc": { "start": { "line": 262, "column": 4 }, "end": { "line": 262, "column": null } },
        "type": "if",
        "locations": [
          { "start": { "line": 262, "column": 4 }, "end": { "line": 262, "column": null } },
          { "start": {}, "end": {} }
        ],
        "line": 262
      },
      "32": {
        "loc": { "start": { "line": 273, "column": 4 }, "end": { "line": 273, "column": null } },
        "type": "if",
        "locations": [
          { "start": { "line": 273, "column": 4 }, "end": { "line": 273, "column": null } },
          { "start": {}, "end": {} }
        ],
        "line": 273
      },
      "33": {
        "loc": { "start": { "line": 279, "column": 54 }, "end": { "line": 279, "column": 76 } },
        "type": "binary-expr",
        "locations": [
          { "start": { "line": 279, "column": 54 }, "end": { "line": 279, "column": 67 } },
          { "start": { "line": 279, "column": 67 }, "end": { "line": 279, "column": 76 } }
        ],
        "line": 279
      },
      "34": {
        "loc": { "start": { "line": 286, "column": 4 }, "end": { "line": 288, "column": null } },
        "type": "if",
        "locations": [
          { "start": { "line": 286, "column": 4 }, "end": { "line": 288, "column": null } },
          { "start": {}, "end": {} }
        ],
        "line": 286
      },
      "35": {
        "loc": { "start": { "line": 307, "column": 6 }, "end": { "line": 310, "column": null } },
        "type": "if",
        "locations": [
          { "start": { "line": 307, "column": 6 }, "end": { "line": 310, "column": null } },
          { "start": {}, "end": {} }
        ],
        "line": 307
      },
      "36": {
        "loc": { "start": { "line": 326, "column": 6 }, "end": { "line": 326, "column": null } },
        "type": "if",
        "locations": [
          { "start": { "line": 326, "column": 6 }, "end": { "line": 326, "column": null } },
          { "start": {}, "end": {} }
        ],
        "line": 326
      },
      "37": {
        "loc": { "start": { "line": 329, "column": 6 }, "end": { "line": 332, "column": null } },
        "type": "if",
        "locations": [
          { "start": { "line": 329, "column": 6 }, "end": { "line": 332, "column": null } },
          { "start": {}, "end": {} }
        ],
        "line": 329
      },
      "38": {
        "loc": { "start": { "line": 329, "column": 10 }, "end": { "line": 329, "column": 47 } },
        "type": "binary-expr",
        "locations": [
          { "start": { "line": 329, "column": 10 }, "end": { "line": 329, "column": 34 } },
          { "start": { "line": 329, "column": 34 }, "end": { "line": 329, "column": 47 } }
        ],
        "line": 329
      },
      "39": {
        "loc": { "start": { "line": 334, "column": 6 }, "end": { "line": 337, "column": null } },
        "type": "if",
        "locations": [
          { "start": { "line": 334, "column": 6 }, "end": { "line": 337, "column": null } },
          { "start": {}, "end": {} }
        ],
        "line": 334
      },
      "40": {
        "loc": { "start": { "line": 335, "column": 24 }, "end": { "line": 335, "column": null } },
        "type": "binary-expr",
        "locations": [
          { "start": { "line": 335, "column": 24 }, "end": { "line": 335, "column": 65 } },
          { "start": { "line": 335, "column": 65 }, "end": { "line": 335, "column": null } }
        ],
        "line": 335
      },
      "41": {
        "loc": { "start": { "line": 344, "column": 6 }, "end": { "line": 346, "column": null } },
        "type": "if",
        "locations": [
          { "start": { "line": 344, "column": 6 }, "end": { "line": 346, "column": null } },
          { "start": {}, "end": {} }
        ],
        "line": 344
      },
      "42": {
        "loc": { "start": { "line": 355, "column": 6 }, "end": { "line": 357, "column": null } },
        "type": "if",
        "locations": [
          { "start": { "line": 355, "column": 6 }, "end": { "line": 357, "column": null } },
          { "start": {}, "end": {} }
        ],
        "line": 355
      },
      "43": {
        "loc": { "start": { "line": 370, "column": 6 }, "end": { "line": 372, "column": null } },
        "type": "if",
        "locations": [
          { "start": { "line": 370, "column": 6 }, "end": { "line": 372, "column": null } },
          { "start": {}, "end": {} }
        ],
        "line": 370
      },
      "44": {
        "loc": { "start": { "line": 383, "column": 6 }, "end": { "line": 387, "column": null } },
        "type": "if",
        "locations": [
          { "start": { "line": 383, "column": 6 }, "end": { "line": 387, "column": null } },
          { "start": { "line": 385, "column": 13 }, "end": { "line": 387, "column": null } }
        ],
        "line": 383
      },
      "45": {
        "loc": { "start": { "line": 399, "column": 19 }, "end": { "line": 401, "column": null } },
        "type": "cond-expr",
        "locations": [
          { "start": { "line": 400, "column": 14 }, "end": { "line": 400, "column": null } },
          { "start": { "line": 401, "column": 14 }, "end": { "line": 401, "column": null } }
        ],
        "line": 399
      },
      "46": {
        "loc": { "start": { "line": 411, "column": 6 }, "end": { "line": 419, "column": null } },
        "type": "if",
        "locations": [
          { "start": { "line": 411, "column": 6 }, "end": { "line": 419, "column": null } },
          { "start": {}, "end": {} }
        ],
        "line": 411
      },
      "47": {
        "loc": { "start": { "line": 413, "column": 8 }, "end": { "line": 418, "column": null } },
        "type": "if",
        "locations": [
          { "start": { "line": 413, "column": 8 }, "end": { "line": 418, "column": null } },
          { "start": { "line": 415, "column": 15 }, "end": { "line": 418, "column": null } }
        ],
        "line": 413
      },
      "48": {
        "loc": { "start": { "line": 423, "column": 6 }, "end": { "line": 425, "column": null } },
        "type": "if",
        "locations": [
          { "start": { "line": 423, "column": 6 }, "end": { "line": 425, "column": null } },
          { "start": {}, "end": {} }
        ],
        "line": 423
      },
      "49": {
        "loc": { "start": { "line": 437, "column": 24 }, "end": { "line": 437, "column": null } },
        "type": "binary-expr",
        "locations": [
          { "start": { "line": 437, "column": 24 }, "end": { "line": 437, "column": 67 } },
          { "start": { "line": 437, "column": 67 }, "end": { "line": 437, "column": null } }
        ],
        "line": 437
      },
      "50": {
        "loc": { "start": { "line": 439, "column": 8 }, "end": { "line": 443, "column": null } },
        "type": "if",
        "locations": [
          { "start": { "line": 439, "column": 8 }, "end": { "line": 443, "column": null } },
          { "start": { "line": 441, "column": 15 }, "end": { "line": 443, "column": null } }
        ],
        "line": 439
      },
      "51": {
        "loc": { "start": { "line": 460, "column": 6 }, "end": { "line": 462, "column": null } },
        "type": "if",
        "locations": [
          { "start": { "line": 460, "column": 6 }, "end": { "line": 462, "column": null } },
          { "start": {}, "end": {} }
        ],
        "line": 460
      },
      "52": {
        "loc": { "start": { "line": 475, "column": 12 }, "end": { "line": 477, "column": null } },
        "type": "if",
        "locations": [
          { "start": { "line": 475, "column": 12 }, "end": { "line": 477, "column": null } },
          { "start": {}, "end": {} }
        ],
        "line": 475
      },
      "53": {
        "loc": { "start": { "line": 479, "column": 12 }, "end": { "line": 492, "column": null } },
        "type": "if",
        "locations": [
          { "start": { "line": 479, "column": 12 }, "end": { "line": 492, "column": null } },
          { "start": {}, "end": {} }
        ],
        "line": 479
      }
    },
    "s": {
      "0": 0,
      "1": 0,
      "2": 0,
      "3": 0,
      "4": 0,
      "5": 0,
      "6": 0,
      "7": 0,
      "8": 0,
      "9": 0,
      "10": 1,
      "11": 28,
      "12": 28,
      "13": 28,
      "14": 28,
      "15": 28,
      "16": 28,
      "17": 28,
      "18": 28,
      "19": 28,
      "20": 28,
      "21": 28,
      "22": 28,
      "23": 28,
      "24": 28,
      "25": 28,
      "26": 28,
      "27": 0,
      "28": 0,
      "29": 0,
      "30": 0,
      "31": 0,
      "32": 0,
      "33": 0,
      "34": 0,
      "35": 0,
      "36": 0,
      "37": 28,
      "38": 28,
      "39": 28,
      "40": 0,
      "41": 0,
      "42": 28,
      "43": 1,
      "44": 2,
      "45": 28,
      "46": 0,
      "47": 0,
      "48": 0,
      "49": 0,
      "50": 3,
      "51": 1,
      "52": 2,
      "53": 2,
      "54": 2,
      "55": 3,
      "56": 0,
      "57": 3,
      "58": 3,
      "59": 3,
      "60": 3,
      "61": 3,
      "62": 0,
      "63": 0,
      "64": 0,
      "65": 0,
      "66": 0,
      "67": 0,
      "68": 0,
      "69": 0,
      "70": 0,
      "71": 0,
      "72": 3,
      "73": 3,
      "74": 3,
      "75": 3,
      "76": 3,
      "77": 3,
      "78": 3,
      "79": 3,
      "80": 3,
      "81": 2,
      "82": 3,
      "83": 3,
      "84": 3,
      "85": 3,
      "86": 2,
      "87": 0,
      "88": 0,
      "89": 3,
      "90": 9,
      "91": 9,
      "92": 9,
      "93": 3,
      "94": 9,
      "95": 9,
      "96": 9,
      "97": 9,
      "98": 9,
      "99": 9,
      "100": 9,
      "101": 10,
      "102": 9,
      "103": 9,
      "104": 9,
      "105": 2,
      "106": 1,
      "107": 1,
      "108": 1,
      "109": 1,
      "110": 1,
      "111": 1,
      "112": 1,
      "113": 1,
      "114": 0,
      "115": 0,
      "116": 0,
      "117": 0,
      "118": 0,
[...]
        "s:40:8:40:Infinity": 18,
        "s:41:8:41:Infinity": 19,
        "s:42:8:42:Infinity": 20,
        "s:43:8:43:Infinity": 21,
        "s:44:8:44:Infinity": 22,
        "s:45:8:45:Infinity": 23,
        "s:46:8:46:Infinity": 24,
        "s:47:57:47:Infinity": 25,
        "s:48:8:48:Infinity": 26,
        "f:51:11:51:21": 2,
        "b:52:4:52:Infinity:undefined:undefined:undefined:undefined": 8,
        "s:52:4:52:Infinity": 27,
        "s:52:20:52:Infinity": 28,
        "s:53:4:53:Infinity": 29,
        "s:54:4:57:Infinity": 30,
        "f:54:28:54:34": 3,
        "s:55:6:55:Infinity": 31,
        "s:56:6:56:Infinity": 32,
        "f:61:11:61:32": 4,
        "b:62:4:62:Infinity:undefined:undefined:undefined:undefined": 9,
        "s:62:4:62:Infinity": 33,
        "s:62:20:62:Infinity": 34,
        "s:63:4:63:Infinity": 35,
        "s:64:4:64:Infinity": 36,
        "s:74:8:74:Infinity": 37,
        "s:77:8:77:Infinity": 38,
        "s:81:8:83:Infinity": 39,
        "f:82:4:82:10": 5,
        "s:82:10:82:Infinity": 40,
        "b:82:10:82:72:82:72:82:Infinity": 10,
        "f:82:30:82:31": 6,
        "s:82:37:82:67": 41,
        "s:85:8:87:Infinity": 42,
        "f:85:34:85:Infinity": 7,
        "s:86:4:86:Infinity": 43,
        "f:86:26:86:27": 8,
        "s:86:33:86:70": 44,
        "s:89:8:93:Infinity": 45,
        "f:89:34:89:40": 9,
        "s:90:38:90:Infinity": 46,
        "s:91:4:91:Infinity": 47,
        "f:91:30:91:31": 10,
        "s:91:37:91:49": 48,
        "s:92:4:92:Infinity": 49,
        "f:96:11:96:21": 11,
        "b:97:4:97:Infinity:undefined:undefined:undefined:undefined": 11,
        "s:97:4:97:Infinity": 50,
        "s:97:18:97:Infinity": 51,
        "s:98:18:98:Infinity": 52,
        "f:98:36:98:37": 12,
        "s:98:43:98:59": 53,
        "s:99:4:99:Infinity": 54,
        "b:99:19:99:64:99:64:99:Infinity": 12,
        "f:105:17:105:44": 13,
        "b:106:4:106:Infinity:undefined:undefined:undefined:undefined": 13,
        "s:106:4:106:Infinity": 55,
        "s:106:23:106:Infinity": 56,
        "s:107:4:107:Infinity": 57,
        "s:108:4:108:Infinity": 58,
        "s:109:4:109:Infinity": 59,
        "s:113:19:113:Infinity": 60,
        "b:114:4:128:Infinity:undefined:undefined:undefined:undefined": 14,
        "s:114:4:128:Infinity": 61,
        "b:114:8:114:39:114:39:114:48": 15,
        "s:115:22:115:Infinity": 62,
        "s:116:23:116:Infinity": 63,
        "s:117:24:117:Infinity": 64,
        "s:119:6:127:Infinity": 65,
        "s:120:8:125:Infinity": 66,
        "s:121:22:121:Infinity": 67,
        "b:122:10:122:Infinity:undefined:undefined:undefined:undefined": 16,
        "s:122:10:122:Infinity": 68,
        "s:122:22:122:Infinity": 69,
        "s:126:8:126:Infinity": 70,
        "f:126:26:126:27": 14,
        "s:126:33:126:56": 71,
        "s:130:4:130:Infinity": 72,
        "s:133:4:159:Infinity": 73,
        "s:134:39:134:Infinity": 74,
        "s:135:6:135:Infinity": 75,
        "s:136:6:136:Infinity": 76,
        "s:138:6:138:Infinity": 77,
        "s:140:21:140:Infinity": 78,
        "s:141:6:145:Infinity": 79,
        "b:142:8:144:Infinity:undefined:undefined:undefined:undefined": 17,
        "s:142:8:144:Infinity": 80,
        "b:142:12:142:29:142:29:142:48": 18,
        "s:143:10:143:Infinity": 81,
        "s:146:6:146:Infinity": 82,
        "s:147:6:147:Infinity": 83,
        "s:148:6:148:Infinity": 84,
        "b:151:6:153:Infinity:undefined:undefined:undefined:undefined": 19,
        "s:151:6:153:Infinity": 85,
        "b:151:10:151:36:151:36:151:60": 20,
        "s:152:8:152:Infinity": 86,
        "s:155:6:155:Infinity": 87,
        "s:156:6:156:Infinity": 88,
        "s:158:6:158:Infinity": 89,
        "f:165:11:165:23": 15,
        "s:166:19:166:Infinity": 90,
        "s:167:22:167:Infinity": 91,
        "b:167:22:167:56:167:56:167:Infinity": 21,
        "b:169:4:171:Infinity:undefined:undefined:undefined:undefined": 22,
        "s:169:4:171:Infinity": 92,
        "b:169:8:169:33:169:33:169:44": 23,
        "s:170:6:170:Infinity": 93,
        "s:172:4:172:Infinity": 94,
        "s:173:4:173:Infinity": 95,
        "s:174:4:174:Infinity": 96,
        "s:176:4:176:Infinity": 97,
        "s:178:4:178:Infinity": 98,
        "s:179:4:181:Infinity": 99,
        "f:179:41:179:47": 16,
        "s:183:20:183:Infinity": 100,
        "f:183:40:183:41": 17,
        "s:183:47:183:65": 101,
        "s:184:4:184:Infinity": 102,
        "b:184:26:184:52:184:52:184:Infinity": 24,
        "s:185:4:185:Infinity": 103,
        "s:186:4:186:Infinity": 104,
        "f:193:11:193:23": 18,
        "b:193:61:193:71": 25,
        "b:194:4:194:Infinity:undefined:undefined:undefined:undefined": 26,
        "s:194:4:194:Infinity": 105,
        "s:194:32:194:Infinity": 106,
        "s:195:19:195:Infinity": 107,
        "s:196:4:200:Infinity": 108,
        "f:204:17:204:Infinity": 19,
        "s:208:20:208:Infinity": 109,
        "s:209:16:209:Infinity": 110,
        "f:209:39:209:40": 20,
        "s:209:46:209:57": 111,
        "b:210:4:210:Infinity:undefined:undefined:undefined:undefined": 27,
        "s:210:4:210:Infinity": 112,
        "s:210:18:210:Infinity": 113,
        "f:214:17:214:32": 21,
        "s:215:19:215:Infinity": 114,
        "s:216:4:216:Infinity": 115,
        "f:220:17:220:38": 22,
        "s:221:4:226:Infinity": 116,
        "s:222:6:222:Infinity": 117,
        "s:224:6:224:Infinity": 118,
        "s:225:6:225:Infinity": 119,
        "b:228:4:230:Infinity:undefined:undefined:undefined:undefined": 28,
        "s:228:4:230:Infinity": 120,
        "s:229:6:229:Infinity": 121,
        "f:234:17:234:31": 23,
        "s:235:4:240:Infinity": 122,
        "s:236:6:236:Infinity": 123,
        "s:238:6:238:Infinity": 124,
        "s:239:6:239:Infinity": 125,
        "s:241:4:241:Infinity": 126,
        "f:241:43:241:44": 24,
        "s:241:50:241:61": 127,
        "b:243:4:251:Infinity:undefined:undefined:undefined:undefined": 29,
        "s:243:4:251:Infinity": 128,
        "s:244:19:244:Infinity": 129,
        "b:245:6:250:Infinity:247:13:250:Infinity": 30,
        "s:245:6:250:Infinity": 130,
        "s:246:8:246:Infinity": 131,
        "s:248:8:248:Infinity": 132,
        "s:249:8:249:Infinity": 133,
        "f:255:17:255:29": 25,
        "s:256:4:256:Infinity": 134,
        "s:257:4:257:Infinity": 135,
        "f:257:39:257:40": 26,
        "s:257:46:257:57": 136,
        "f:261:11:261:35": 27,
        "b:262:4:262:Infinity:undefined:undefined:undefined:undefined": 31,
        "s:262:4:262:Infinity": 137,
        "s:262:32:262:Infinity": 138,
        "s:263:4:263:Infinity": 139,
        "s:264:19:264:Infinity": 140,
        "s:265:4:268:Infinity": 141,
        "f:272:17:272:50": 28,
        "b:273:4:273:Infinity:undefined:undefined:undefined:undefined": 32,
        "s:273:4:273:Infinity": 142,
        "s:273:35:273:Infinity": 143,
        "s:274:22:274:Infinity": 144,
        "s:275:16:275:Infinity": 145,
        "s:276:4:285:Infinity": 146,
        "f:277:23:277:30": 29,
        "s:278:8:283:Infinity": 147,
        "s:279:24:279:Infinity": 148,
        "b:279:54:279:67:279:67:279:76": 33,
        "s:280:10:280:Infinity": 149,
        "b:286:4:288:Infinity:undefined:undefined:undefined:undefined": 34,
        "s:286:4:288:Infinity": 150,
        "s:287:6:287:Infinity": 151,
        "f:292:17:292:31": 30,
        "s:293:20:293:Infinity": 152,
        "s:294:4:294:Infinity": 153,
        "s:295:4:295:Infinity": 154,
        "f:300:11:300:30": 31,
        "s:301:19:301:Infinity": 155,
        "s:304:4:311:Infinity": 156,
        "f:304:25:304:31": 32,
        "s:305:6:305:Infinity": 157,
        "b:307:6:310:Infinity:undefined:undefined:undefined:undefined": 35,
        "s:307:6:310:Infinity": 158,
        "s:308:8:308:Infinity": 159,
        "s:309:8:309:Infinity": 160,
        "s:312:4:314:Infinity": 161,
        "f:312:28:312:34": 33,
        "s:313:6:313:Infinity": 162,
        "s:317:4:319:Infinity": 163,
        "f:317:28:317:29": 34,
        "s:318:6:318:Infinity": 164,
        "s:322:4:322:Infinity": 165,
        "s:324:4:338:Infinity": 166,
        "f:324:34:324:35": 35,
        "b:326:6:326:Infinity:undefined:undefined:undefined:undefined": 36,
        "s:326:6:326:Infinity": 167,
        "f:326:30:326:31": 36,
        "s:326:37:326:52": 168,
        "s:326:55:326:Infinity": 169,
        "s:327:6:327:Infinity": 170,
        "b:329:6:332:Infinity:undefined:undefined:undefined:undefined": 37,
        "s:329:6:332:Infinity": 171,
        "b:329:10:329:34:329:34:329:47": 38,
        "s:330:8:330:Infinity": 172,
        "s:331:8:331:Infinity": 173,
        "b:334:6:337:Infinity:undefined:undefined:undefined:undefined": 39,
        "s:334:6:337:Infinity": 174,
        "s:335:24:335:Infinity": 175,
        "b:335:24:335:65:335:65:335:Infinity": 40,
        "s:336:8:336:Infinity": 176,
        "s:342:4:350:Infinity": 177,
        "f:342:38:342:39": 37,
        "s:343:29:343:Infinity": 178,
        "b:344:6:346:Infinity:undefined:undefined:undefined:undefined": 41,
        "s:344:6:346:Infinity": 179,
        "s:345:8:345:Infinity": 180,
        "s:347:6:347:Infinity": 181,
        "s:348:6:348:Infinity": 182,
        "s:349:6:349:Infinity": 183,
        "s:353:4:358:Infinity": 184,
        "f:353:38:353:39": 38,
        "s:354:18:354:Infinity": 185,
        "f:354:38:354:39": 39,
        "s:354:45:354:68": 186,
        "b:355:6:357:Infinity:undefined:undefined:undefined:undefined": 42,
        "s:355:6:357:Infinity": 187,
        "s:356:8:356:Infinity": 188,
        "s:360:4:365:Infinity": 189,
        "f:362:6:362:7": 40,
        "s:363:8:363:Infinity": 190,
        "s:367:4:373:Infinity": 191,
        "f:367:35:367:36": 41,
        "s:368:6:368:Infinity": 192,
        "b:370:6:372:Infinity:undefined:undefined:undefined:undefined": 43,
        "s:370:6:372:Infinity": 193,
        "s:371:8:371:Infinity": 194,
        "s:375:4:379:Infinity": 195,
        "f:375:34:375:35": 42,
        "s:376:18:376:Infinity": 196,
        "s:377:6:377:Infinity": 197,
        "f:377:21:377:22": 43,
        "s:377:28:377:49": 198,
        "s:378:6:378:Infinity": 199,
        "s:381:4:388:Infinity": 200,
        "f:381:37:381:38": 44,
        "s:382:18:382:Infinity": 201,
        "f:382:43:382:44": 45,
        "s:382:50:382:69": 202,
        "b:383:6:387:Infinity:385:13:387:Infinity": 44,
        "s:383:6:387:Infinity": 203,
        "s:384:8:384:Infinity": 204,
        "s:386:8:386:Infinity": 205,
        "s:390:4:407:Infinity": 206,
        "f:392:6:392:7": 46,
        "s:393:8:393:Infinity": 207,
        "s:395:8:405:Infinity": 208,
        "b:400:14:400:Infinity:401:14:401:Infinity": 45,
        "s:409:4:420:Infinity": 209,
        "f:409:38:409:39": 47,
        "s:410:6:410:Infinity": 210,
        "f:410:45:410:46": 48,
        "s:410:52:410:75": 211,
        "b:411:6:419:Infinity:undefined:undefined:undefined:undefined": 46,
        "s:411:6:419:Infinity": 212,
        "s:412:21:412:Infinity": 213,
        "b:413:8:418:Infinity:415:15:418:Infinity": 47,
        "s:413:8:418:Infinity": 214,
        "s:414:10:414:Infinity": 215,
        "s:416:10:416:Infinity": 216,
        "s:417:10:417:Infinity": 217,
        "s:422:4:426:Infinity": 218,
        "f:422:47:422:48": 49,
        "b:423:6:425:Infinity:undefined:undefined:undefined:undefined": 48,
        "s:423:6:425:Infinity": 219,
        "s:424:8:424:Infinity": 220,
        "s:428:4:446:Infinity": 221,
        "f:430:6:430:7": 50,
        "s:437:24:437:Infinity": 222,
        "b:437:24:437:67:437:67:437:Infinity": 49,
        "s:438:20:438:Infinity": 223,
        "f:438:38:438:39": 51,
        "s:438:45:438:71": 224,
        "b:439:8:443:Infinity:441:15:443:Infinity": 50,
        "s:439:8:443:Infinity": 225,
        "s:440:10:440:Infinity": 226,
        "s:442:10:442:Infinity": 227,
        "s:444:8:444:Infinity": 228,
        "s:448:4:456:Infinity": 229,
        "f:450:6:450:7": 52,
        "s:452:28:452:Infinity": 230,
        "s:453:8:453:Infinity": 231,
        "f:453:47:453:48": 53,
        "s:453:54:453:76": 232,
        "s:454:8:454:Infinity": 233,
        "s:458:4:463:Infinity": 234,
        "f:458:35:458:36": 54,
        "s:459:20:459:Infinity": 235,
        "b:460:6:462:Infinity:undefined:undefined:undefined:undefined": 51,
        "s:460:6:462:Infinity": 236,
        "s:461:8:461:Infinity": 237,
        "s:466:4:498:Infinity": 238,
        "f:468:6:468:7": 55,
        "s:470:8:496:Infinity": 239,
        "f:472:16:472:17": 56,
        "s:474:27:474:Infinity": 240,
        "f:474:47:474:48": 57,
        "s:474:54:474:76": 241,
        "b:475:12:477:Infinity:undefined:undefined:undefined:undefined": 52,
        "s:475:12:477:Infinity": 242,
        "s:476:14:476:Infinity": 243,
        "b:479:12:492:Infinity:undefined:undefined:undefined:undefined": 53,
        "s:479:12:492:Infinity": 244,
        "s:480:14:480:Infinity": 245,
        "s:482:42:490:Infinity": 246,
        "s:491:14:491:Infinity": 247,
        "f:494:17:494:18": 58,
        "s:495:12:495:Infinity": 248,
        "s:502:2:502:Infinity": 249,
        "s:504:2:539:Infinity": 250
      },
      "fnNames": {}
    }
  },
  "D:\\Game\\ai\\catStudy\\packages\\web\\src\\utils\\thinking.ts": {
    "path": "D:\\Game\\ai\\catStudy\\packages\\web\\src\\utils\\thinking.ts",
    "statementMap": {
      "0": { "start": { "line": 26, "column": 2 }, "end": { "line": 26, "column": null } },
      "1": { "start": { "line": 26, "column": 16 }, "end": { "line": 26, "column": null } },
      "2": { "start": { "line": 28, "column": 38 }, "end": { "line": 28, "column": null } },
      "3": { "start": { "line": 29, "column": 36 }, "end": { "line": 29, "column": null } },
      "4": { "start": { "line": 32, "column": 26 }, "end": { "line": 32, "column": null } },
      "5": { "start": { "line": 33, "column": 16 }, "end": { "line": 33, "column": null } },
      "6": { "start": { "line": 35, "column": 2 }, "end": { "line": 51, "column": null } },
      "7": { "start": { "line": 36, "column": 4 }, "end": { "line": 36, "column": null } },
      "8": { "start": { "line": 36, "column": 15 }, "end": { "line": 36, "column": null } },
      "9": { "start": { "line": 37, "column": 4 }, "end": { "line": 50, "column": null } },
      "10": { "start": { "line": 40, "column": 20 }, "end": { "line": 40, "column": null } },
      "11": { "start": { "line": 41, "column": 6 }, "end": { "line": 41, "column": null } },
      "12": { "start": { "line": 41, "column": 17 }, "end": { "line": 41, "column": null } },
      "13": { "start": { "line": 44, "column": 6 }, "end": { "line": 47, "column": null } },
      "14": { "start": { "line": 45, "column": 8 }, "end": { "line": 45, "column": null } },
      "15": { "start": { "line": 46, "column": 8 }, "end": { "line": 46, "column": null } },
      "16": { "start": { "line": 48, "column": 22 }, "end": { "line": 48, "column": null } },
      "17": { "start": { "line": 49, "column": 6 }, "end": { "line": 49, "column": null } },
      "18": { "start": { "line": 49, "column": 19 }, "end": { "line": 49, "column": null } },
      "19": { "start": { "line": 54, "column": 2 }, "end": { "line": 56, "column": null } },
      "20": { "start": { "line": 55, "column": 4 }, "end": { "line": 55, "column": null } },
      "21": { "start": { "line": 58, "column": 2 }, "end": { "line": 58, "column": null } }
    },
    "fnMap": {
      "0": {
        "name": "parseThinkingBlocks",
        "decl": { "start": { "line": 25, "column": 16 }, "end": { "line": 25, "column": 36 } },
        "loc": { "start": { "line": 25, "column": 72 }, "end": { "line": 59, "column": null } },
        "line": 25
      }
    },
    "branchMap": {
      "0": {
        "loc": { "start": { "line": 26, "column": 2 }, "end": { "line": 26, "column": null } },
        "type": "if",
        "locations": [
          { "start": { "line": 26, "column": 2 }, "end": { "line": 26, "column": null } },
          { "start": {}, "end": {} }
        ],
        "line": 26
      },
      "1": {
        "loc": { "start": { "line": 36, "column": 4 }, "end": { "line": 36, "column": null } },
        "type": "if",
        "locations": [
          { "start": { "line": 36, "column": 4 }, "end": { "line": 36, "column": null } },
          { "start": {}, "end": {} }
        ],
        "line": 36
      },
      "2": {
        "loc": { "start": { "line": 37, "column": 4 }, "end": { "line": 50, "column": null } },
        "type": "if",
        "locations": [
          { "start": { "line": 37, "column": 4 }, "end": { "line": 50, "column": null } },
          { "start": { "line": 42, "column": 11 }, "end": { "line": 50, "column": null } }
        ],
        "line": 37
      },
      "3": {
        "loc": { "start": { "line": 41, "column": 6 }, "end": { "line": 41, "column": null } },
        "type": "if",
        "locations": [
          { "start": { "line": 41, "column": 6 }, "end": { "line": 41, "column": null } },
          { "start": {}, "end": {} }
        ],
        "line": 41
      },
      "4": {
        "loc": { "start": { "line": 44, "column": 6 }, "end": { "line": 47, "column": null } },
        "type": "if",
        "locations": [
          { "start": { "line": 44, "column": 6 }, "end": { "line": 47, "column": null } },
          { "start": {}, "end": {} }
        ],
        "line": 44
      },
      "5": {
        "loc": { "start": { "line": 49, "column": 6 }, "end": { "line": 49, "column": null } },
        "type": "if",
        "locations": [
          { "start": { "line": 49, "column": 6 }, "end": { "line": 49, "column": null } },
          { "start": {}, "end": {} }
        ],
        "line": 49
      },
      "6": {
        "loc": { "start": { "line": 54, "column": 2 }, "end": { "line": 56, "column": null } },
        "type": "if",
        "locations": [
          { "start": { "line": 54, "column": 2 }, "end": { "line": 56, "column": null } },
          { "start": {}, "end": {} }
        ],
        "line": 54
      }
    },
    "s": {
      "0": 12,
      "1": 1,
      "2": 11,
      "3": 11,
      "4": 11,
      "5": 11,
      "6": 11,
      "7": 19,
      "8": 0,
      "9": 19,
      "10": 17,
      "11": 17,
      "12": 16,
      "13": 2,
      "14": 0,
      "15": 0,
      "16": 2,
      "17": 2,
      "18": 2,
      "19": 11,
      "20": 10,
      "21": 11
    },
    "f": { "0": 12 },
    "b": {
      "0": [1, 11],
      "1": [0, 19],
      "2": [17, 2],
      "3": [16, 1],
      "4": [0, 2],
      "5": [2, 0],
      "6": [10, 1]
    },
    "meta": {
      "lastBranch": 7,
      "lastFunction": 1,
      "lastStatement": 22,
      "seen": {
        "f:25:16:25:36": 0,
        "b:26:2:26:Infinity:undefined:undefined:undefined:undefined": 0,
        "s:26:2:26:Infinity": 0,
        "s:26:16:26:Infinity": 1,
        "s:28:38:28:Infinity": 2,
        "s:29:36:29:Infinity": 3,
        "s:32:26:32:Infinity": 4,
        "s:33:16:33:Infinity": 5,
        "s:35:2:51:Infinity": 6,
        "b:36:4:36:Infinity:undefined:undefined:undefined:undefined": 1,
        "s:36:4:36:Infinity": 7,
        "s:36:15:36:Infinity": 8,
        "b:37:4:50:Infinity:42:11:50:Infinity": 2,
        "s:37:4:50:Infinity": 9,
        "s:40:20:40:Infinity": 10,
        "b:41:6:41:Infinity:undefined:undefined:undefined:undefined": 3,
        "s:41:6:41:Infinity": 11,
        "s:41:17:41:Infinity": 12,
        "b:44:6:47:Infinity:undefined:undefined:undefined:undefined": 4,
        "s:44:6:47:Infinity": 13,
        "s:45:8:45:Infinity": 14,
        "s:46:8:46:Infinity": 15,
        "s:48:22:48:Infinity": 16,
        "b:49:6:49:Infinity:undefined:undefined:undefined:undefined": 5,
        "s:49:6:49:Infinity": 17,
        "s:49:19:49:Infinity": 18,
        "b:54:2:56:Infinity:undefined:undefined:undefined:undefined": 6,
        "s:54:2:56:Infinity": 19,
        "s:55:4:55:Infinity": 20,
        "s:58:2:58:Infinity": 21
      },
      "fnNames": {}
    }
  }
}
