{
  "D:\\Game\\ai\\catStudy\\packages\\server\\src\\logger.ts": {
    "path": "D:\\Game\\ai\\catStudy\\packages\\server\\src\\logger.ts",
    "statementMap": {
      "0": { "start": { "line": 20, "column": 18 }, "end": { "line": 20, "column": null } },
      "1": { "start": { "line": 21, "column": 16 }, "end": { "line": 21, "column": null } },
      "2": { "start": { "line": 22, "column": 17 }, "end": { "line": 22, "column": null } },
      "3": { "start": { "line": 23, "column": 17 }, "end": { "line": 23, "column": null } },
      "4": { "start": { "line": 29, "column": 46 }, "end": { "line": 34, "column": null } },
      "5": { "start": { "line": 37, "column": 25 }, "end": { "line": 37, "column": null } },
      "6": { "start": { "line": 40, "column": 2 }, "end": { "line": 40, "column": null } },
      "7": { "start": { "line": 46, "column": 2 }, "end": { "line": 57, "column": null } },
      "8": { "start": { "line": 47, "column": 4 }, "end": { "line": 54, "column": null } },
      "9": { "start": { "line": 48, "column": 19 }, "end": { "line": 48, "column": null } },
      "10": { "start": { "line": 49, "column": 6 }, "end": { "line": 49, "column": null } },
      "11": { "start": { "line": 49, "column": 32 }, "end": { "line": 49, "column": null } },
      "12": { "start": { "line": 51, "column": 18 }, "end": { "line": 51, "column": null } },
      "13": { "start": { "line": 52, "column": 6 }, "end": { "line": 52, "column": null } },
      "14": { "start": { "line": 52, "column": 30 }, "end": { "line": 52, "column": null } },
      "15": { "start": { "line": 53, "column": 6 }, "end": { "line": 53, "column": null } },
      "16": { "start": { "line": 61, "column": 2 }, "end": { "line": 63, "column": null } },
      "17": { "start": { "line": 62, "column": 4 }, "end": { "line": 62, "column": null } },
      "18": { "start": { "line": 74, "column": 41 }, "end": { "line": 79, "column": null } },
      "19": { "start": { "line": 80, "column": 2 }, "end": { "line": 86, "column": null } },
      "20": { "start": { "line": 81, "column": 4 }, "end": { "line": 85, "column": null } },
      "21": { "start": { "line": 82, "column": 6 }, "end": { "line": 84, "column": null } },
      "22": { "start": { "line": 83, "column": 8 }, "end": { "line": 83, "column": null } },
      "23": { "start": { "line": 87, "column": 2 }, "end": { "line": 87, "column": null } },
      "24": { "start": { "line": 92, "column": 2 }, "end": { "line": 92, "column": null } },
      "25": { "start": { "line": 95, "column": 2 }, "end": { "line": 101, "column": null } },
      "26": { "start": { "line": 96, "column": 4 }, "end": { "line": 96, "column": null } },
      "27": { "start": { "line": 97, "column": 4 }, "end": { "line": 97, "column": null } },
      "28": { "start": { "line": 98, "column": 4 }, "end": { "line": 98, "column": null } },
      "29": { "start": { "line": 105, "column": 2 }, "end": { "line": 105, "column": null } },
      "30": { "start": { "line": 105, "column": 50 }, "end": { "line": 105, "column": null } },
      "31": { "start": { "line": 106, "column": 15 }, "end": { "line": 106, "column": null } },
      "32": { "start": { "line": 107, "column": 2 }, "end": { "line": 107, "column": null } },
      "33": { "start": { "line": 120, "column": 2 }, "end": { "line": 133, "column": null } },
      "34": { "start": { "line": 122, "column": 6 }, "end": { "line": 122, "column": null } },
      "35": { "start": { "line": 125, "column": 6 }, "end": { "line": 125, "column": null } },
      "36": { "start": { "line": 128, "column": 6 }, "end": { "line": 128, "column": null } },
      "37": { "start": { "line": 131, "column": 6 }, "end": { "line": 131, "column": null } }
    },
    "fnMap": {
      "0": {
        "name": "setLogLevel",
        "decl": { "start": { "line": 39, "column": 16 }, "end": { "line": 39, "column": 28 } },
        "loc": { "start": { "line": 39, "column": 51 }, "end": { "line": 41, "column": null } },
        "line": 39
      },
      "1": {
        "name": "rotateLog",
        "decl": { "start": { "line": 45, "column": 9 }, "end": { "line": 45, "column": 27 } },
        "loc": { "start": { "line": 45, "column": 27 }, "end": { "line": 58, "column": null } },
        "line": 45
      },
      "2": {
        "name": "ensureLogDir",
        "decl": { "start": { "line": 60, "column": 9 }, "end": { "line": 60, "column": 30 } },
        "loc": { "start": { "line": 60, "column": 30 }, "end": { "line": 64, "column": null } },
        "line": 60
      },
      "3": {
        "name": "formatLine",
        "decl": { "start": { "line": 73, "column": 9 }, "end": { "line": 73, "column": 20 } },
        "loc": { "start": { "line": 73, "column": 90 }, "end": { "line": 88, "column": null } },
        "line": 73
      },
      "4": {
        "name": "writeLine",
        "decl": { "start": { "line": 90, "column": 9 }, "end": { "line": 90, "column": 19 } },
        "loc": { "start": { "line": 90, "column": 39 }, "end": { "line": 102, "column": null } },
        "line": 90
      },
      "5": {
        "name": "logLine",
        "decl": { "start": { "line": 104, "column": 9 }, "end": { "line": 104, "column": 17 } },
        "loc": { "start": { "line": 104, "column": 85 }, "end": { "line": 108, "column": null } },
        "line": 104
      },
      "6": {
        "name": "createLogger",
        "decl": { "start": { "line": 119, "column": 16 }, "end": { "line": 119, "column": 29 } },
        "loc": { "start": { "line": 119, "column": 53 }, "end": { "line": 134, "column": null } },
        "line": 119
      },
      "7": {
        "name": "debug",
        "decl": { "start": { "line": 121, "column": 4 }, "end": { "line": 121, "column": 10 } },
        "loc": { "start": { "line": 121, "column": 21 }, "end": { "line": 123, "column": null } },
        "line": 121
      },
      "8": {
        "name": "info",
        "decl": { "start": { "line": 124, "column": 4 }, "end": { "line": 124, "column": 9 } },
        "loc": { "start": { "line": 124, "column": 20 }, "end": { "line": 126, "column": null } },
        "line": 124
      },
      "9": {
        "name": "warn",
        "decl": { "start": { "line": 127, "column": 4 }, "end": { "line": 127, "column": 9 } },
        "loc": { "start": { "line": 127, "column": 20 }, "end": { "line": 129, "column": null } },
        "line": 127
      },
      "10": {
        "name": "error",
        "decl": { "start": { "line": 130, "column": 4 }, "end": { "line": 130, "column": 10 } },
        "loc": { "start": { "line": 130, "column": 21 }, "end": { "line": 132, "column": null } },
        "line": 130
      }
    },
    "branchMap": {
      "0": {
        "loc": { "start": { "line": 47, "column": 4 }, "end": { "line": 54, "column": null } },
        "type": "if",
        "locations": [
          { "start": { "line": 47, "column": 4 }, "end": { "line": 54, "column": null } },
          { "start": {}, "end": {} }
        ],
        "line": 47
      },
      "1": {
        "loc": { "start": { "line": 49, "column": 6 }, "end": { "line": 49, "column": null } },
        "type": "if",
        "locations": [
          { "start": { "line": 49, "column": 6 }, "end": { "line": 49, "column": null } },
          { "start": {}, "end": {} }
        ],
        "line": 49
      },
      "2": {
        "loc": { "start": { "line": 52, "column": 6 }, "end": { "line": 52, "column": null } },
        "type": "if",
        "locations": [
          { "start": { "line": 52, "column": 6 }, "end": { "line": 52, "column": null } },
          { "start": {}, "end": {} }
        ],
        "line": 52
      },
      "3": {
        "loc": { "start": { "line": 61, "column": 2 }, "end": { "line": 63, "column": null } },
        "type": "if",
        "locations": [
          { "start": { "line": 61, "column": 2 }, "end": { "line": 63, "column": null } },
          { "start": {}, "end": {} }
        ],
        "line": 61
      },
      "4": {
        "loc": { "start": { "line": 80, "column": 2 }, "end": { "line": 86, "column": null } },
        "type": "if",
        "locations": [
          { "start": { "line": 80, "column": 2 }, "end": { "line": 86, "column": null } },
          { "start": {}, "end": {} }
        ],
        "line": 80
      },
      "5": {
        "loc": { "start": { "line": 82, "column": 6 }, "end": { "line": 84, "column": null } },
        "type": "if",
        "locations": [
          { "start": { "line": 82, "column": 6 }, "end": { "line": 84, "column": null } },
          { "start": {}, "end": {} }
        ],
        "line": 82
      },
      "6": {
        "loc": { "start": { "line": 82, "column": 10 }, "end": { "line": 82, "column": 41 } },
        "type": "binary-expr",
        "locations": [
          { "start": { "line": 82, "column": 10 }, "end": { "line": 82, "column": 29 } },
          { "start": { "line": 82, "column": 29 }, "end": { "line": 82, "column": 41 } }
        ],
        "line": 82
      },
      "7": {
        "loc": { "start": { "line": 105, "column": 2 }, "end": { "line": 105, "column": null } },
        "type": "if",
        "locations": [
          { "start": { "line": 105, "column": 2 }, "end": { "line": 105, "column": null } },
          { "start": {}, "end": {} }
        ],
        "line": 105
      }
    },
    "s": {
      "0": 19,
      "1": 19,
      "2": 19,
      "3": 19,
      "4": 19,
      "5": 19,
      "6": 9,
      "7": 123,
      "8": 123,
      "9": 116,
      "10": 116,
      "11": 116,
      "12": 0,
      "13": 0,
      "14": 0,
      "15": 0,
      "16": 123,
      "17": 7,
      "18": 123,
      "19": 123,
      "20": 115,
      "21": 260,
      "22": 259,
      "23": 123,
      "24": 123,
      "25": 123,
      "26": 123,
      "27": 123,
      "28": 123,
      "29": 126,
      "30": 3,
      "31": 123,
      "32": 123,
      "33": 20,
      "34": 10,
      "35": 90,
      "36": 21,
      "37": 5
    },
    "f": {
      "0": 9,
      "1": 123,
      "2": 123,
      "3": 123,
      "4": 123,
      "5": 126,
      "6": 20,
      "7": 10,
      "8": 90,
      "9": 21,
      "10": 5
    },
    "b": {
      "0": [116, 7],
      "1": [116, 0],
      "2": [0, 0],
      "3": [7, 116],
      "4": [115, 8],
      "5": [259, 1],
      "6": [260, 259],
      "7": [3, 123]
    },
    "meta": {
      "lastBranch": 8,
      "lastFunction": 11,
      "lastStatement": 38,
      "seen": {
        "s:20:18:20:Infinity": 0,
        "s:21:16:21:Infinity": 1,
        "s:22:17:22:Infinity": 2,
        "s:23:17:23:Infinity": 3,
        "s:29:46:34:Infinity": 4,
        "s:37:25:37:Infinity": 5,
        "f:39:16:39:28": 0,
        "s:40:2:40:Infinity": 6,
        "f:45:9:45:27": 1,
        "s:46:2:57:Infinity": 7,
        "b:47:4:54:Infinity:undefined:undefined:undefined:undefined": 0,
        "s:47:4:54:Infinity": 8,
        "s:48:19:48:Infinity": 9,
        "b:49:6:49:Infinity:undefined:undefined:undefined:undefined": 1,
        "s:49:6:49:Infinity": 10,
        "s:49:32:49:Infinity": 11,
        "s:51:18:51:Infinity": 12,
        "b:52:6:52:Infinity:undefined:undefined:undefined:undefined": 2,
        "s:52:6:52:Infinity": 13,
        "s:52:30:52:Infinity": 14,
        "s:53:6:53:Infinity": 15,
        "f:60:9:60:30": 2,
        "b:61:2:63:Infinity:undefined:undefined:undefined:undefined": 3,
        "s:61:2:63:Infinity": 16,
        "s:62:4:62:Infinity": 17,
        "f:73:9:73:20": 3,
        "s:74:41:79:Infinity": 18,
        "b:80:2:86:Infinity:undefined:undefined:undefined:undefined": 4,
        "s:80:2:86:Infinity": 19,
        "s:81:4:85:Infinity": 20,
        "b:82:6:84:Infinity:undefined:undefined:undefined:undefined": 5,
        "s:82:6:84:Infinity": 21,
        "b:82:10:82:29:82:29:82:41": 6,
        "s:83:8:83:Infinity": 22,
        "s:87:2:87:Infinity": 23,
        "f:90:9:90:19": 4,
        "s:92:2:92:Infinity": 24,
        "s:95:2:101:Infinity": 25,
        "s:96:4:96:Infinity": 26,
        "s:97:4:97:Infinity": 27,
        "s:98:4:98:Infinity": 28,
        "f:104:9:104:17": 5,
        "b:105:2:105:Infinity:undefined:undefined:undefined:undefined": 7,
        "s:105:2:105:Infinity": 29,
        "s:105:50:105:Infinity": 30,
        "s:106:15:106:Infinity": 31,
        "s:107:2:107:Infinity": 32,
        "f:119:16:119:29": 6,
        "s:120:2:133:Infinity": 33,
        "f:121:4:121:10": 7,
        "s:122:6:122:Infinity": 34,
        "f:124:4:124:9": 8,
        "s:125:6:125:Infinity": 35,
        "f:127:4:127:9": 9,
        "s:128:6:128:Infinity": 36,
        "f:130:4:130:10": 10,
        "s:131:6:131:Infinity": 37
      },
      "fnNames": {}
    }
  },
  "D:\\Game\\ai\\catStudy\\packages\\server\\src\\test-helpers.ts": {
    "path": "D:\\Game\\ai\\catStudy\\packages\\server\\src\\test-helpers.ts",
    "statementMap": {
      "0": { "start": { "line": 11, "column": 19 }, "end": { "line": 11, "column": null } },
      "1": { "start": { "line": 97, "column": 13 }, "end": { "line": 97, "column": null } },
      "2": { "start": { "line": 98, "column": 2 }, "end": { "line": 98, "column": null } },
      "3": { "start": { "line": 99, "column": 2 }, "end": { "line": 99, "column": null } },
      "4": { "start": { "line": 100, "column": 2 }, "end": { "line": 100, "column": null } },
      "5": { "start": { "line": 108, "column": 8 }, "end": { "line": 108, "column": null } },
      "6": { "start": { "line": 109, "column": 2 }, "end": { "line": 109, "column": null } }
    },
    "fnMap": {
      "0": {
        "name": "createTestDb",
        "decl": { "start": { "line": 96, "column": 16 }, "end": { "line": 96, "column": 50 } },
        "loc": { "start": { "line": 96, "column": 50 }, "end": { "line": 101, "column": null } },
        "line": 96
      },
      "1": {
        "name": "buildTestApp",
        "decl": { "start": { "line": 107, "column": 22 }, "end": { "line": 107, "column": 63 } },
        "loc": { "start": { "line": 107, "column": 63 }, "end": { "line": 110, "column": null } },
        "line": 107
      }
    },
    "branchMap": {},
    "s": { "0": 7, "1": 97, "2": 97, "3": 97, "4": 97, "5": 29, "6": 29 },
    "f": { "0": 97, "1": 29 },
    "b": {},
    "meta": {
      "lastBranch": 0,
      "lastFunction": 2,
      "lastStatement": 7,
      "seen": {
        "s:11:19:11:Infinity": 0,
        "f:96:16:96:50": 0,
        "s:97:13:97:Infinity": 1,
        "s:98:2:98:Infinity": 2,
        "s:99:2:99:Infinity": 3,
        "s:100:2:100:Infinity": 4,
        "f:107:22:107:63": 1,
        "s:108:8:108:Infinity": 5,
        "s:109:2:109:Infinity": 6
      },
      "fnNames": {}
    }
  },
  "D:\\Game\\ai\\catStudy\\packages\\server\\src\\connectors\\a2a-mentions.ts": {
    "path": "D:\\Game\\ai\\catStudy\\packages\\server\\src\\connectors\\a2a-mentions.ts",
    "statementMap": {
      "0": { "start": { "line": 45, "column": 23 }, "end": { "line": 45, "column": null } },
      "1": { "start": { "line": 48, "column": 23 }, "end": { "line": 48, "column": null } },
      "2": { "start": { "line": 51, "column": 2 }, "end": { "line": 56, "column": null } },
      "3": { "start": { "line": 52, "column": 20 }, "end": { "line": 52, "column": null } },
      "4": { "start": { "line": 55, "column": 4 }, "end": { "line": 55, "column": null } }
    },
    "fnMap": {
      "0": {
        "name": "parseMentionsFromReply",
        "decl": { "start": { "line": 43, "column": 16 }, "end": { "line": 43, "column": 39 } },
        "loc": { "start": { "line": 43, "column": 88 }, "end": { "line": 57, "column": null } },
        "line": 43
      },
      "1": {
        "name": "(anonymous_1)",
        "decl": { "start": { "line": 51, "column": 27 }, "end": { "line": 51, "column": 28 } },
        "loc": { "start": { "line": 51, "column": 37 }, "end": { "line": 56, "column": 3 } },
        "line": 51
      }
    },
    "branchMap": {},
    "s": { "0": 21, "1": 21, "2": 21, "3": 81, "4": 81 },
    "f": { "0": 21, "1": 81 },
    "b": {},
    "meta": {
      "lastBranch": 0,
      "lastFunction": 2,
      "lastStatement": 5,
      "seen": {
        "f:43:16:43:39": 0,
        "s:45:23:45:Infinity": 0,
        "s:48:23:48:Infinity": 1,
        "s:51:2:56:Infinity": 2,
        "f:51:27:51:28": 1,
        "s:52:20:52:Infinity": 3,
        "s:55:4:55:Infinity": 4
      },
      "fnNames": {}
    }
  },
  "D:\\Game\\ai\\catStudy\\packages\\server\\src\\connectors\\socketio.ts": {
    "path": "D:\\Game\\ai\\catStudy\\packages\\server\\src\\connectors\\socketio.ts",
    "statementMap": {
      "0": { "start": { "line": 43, "column": 6 }, "end": { "line": 43, "column": null } },
      "1": { "start": { "line": 46, "column": 54 }, "end": { "line": 50, "column": null } },
      "2": { "start": { "line": 53, "column": 31 }, "end": { "line": 53, "column": null } },
      "3": { "start": { "line": 56, "column": 27 }, "end": { "line": 56, "column": null } },
      "4": { "start": { "line": 60, "column": 2 }, "end": { "line": 60, "column": null } },
      "5": { "start": { "line": 65, "column": 2 }, "end": { "line": 75, "column": null } },
      "6": { "start": { "line": 79, "column": 13 }, "end": { "line": 84, "column": null } },
      "7": { "start": { "line": 86, "column": 2 }, "end": { "line": 86, "column": null } },
      "8": { "start": { "line": 88, "column": 2 }, "end": { "line": 394, "column": null } },
      "9": { "start": { "line": 89, "column": 4 }, "end": { "line": 89, "column": null } },
      "10": { "start": { "line": 93, "column": 4 }, "end": { "line": 151, "column": null } },
      "11": { "start": { "line": 94, "column": 6 }, "end": { "line": 94, "column": null } },
      "12": { "start": { "line": 95, "column": 6 }, "end": { "line": 95, "column": null } },
      "13": { "start": { "line": 98, "column": 12 }, "end": { "line": 98, "column": null } },
      "14": { "start": { "line": 99, "column": 19 }, "end": { "line": 108, "column": null } },
      "15": { "start": { "line": 110, "column": 30 }, "end": { "line": 119, "column": null } },
      "16": { "start": { "line": 110, "column": 54 }, "end": { "line": 119, "column": 8 } },
      "17": { "start": { "line": 122, "column": 25 }, "end": { "line": 124, "column": null } },
      "18": { "start": { "line": 125, "column": 33 }, "end": { "line": 125, "column": null } },
      "19": { "start": { "line": 126, "column": 23 }, "end": { "line": 132, "column": null } },
      "20": { "start": { "line": 128, "column": 24 }, "end": { "line": 128, "column": null } },
      "21": { "start": { "line": 129, "column": 10 }, "end": { "line": 129, "column": null } },
      "22": { "start": { "line": 134, "column": 25 }, "end": { "line": 144, "column": null } },
      "23": { "start": { "line": 147, "column": 6 }, "end": { "line": 150, "column": null } },
      "24": { "start": { "line": 153, "column": 4 }, "end": { "line": 155, "column": null } },
      "25": { "start": { "line": 154, "column": 6 }, "end": { "line": 154, "column": null } },
      "26": { "start": { "line": 159, "column": 4 }, "end": { "line": 270, "column": null } },
      "27": { "start": { "line": 162, "column": 14 }, "end": { "line": 162, "column": null } },
      "28": { "start": { "line": 163, "column": 14 }, "end": { "line": 163, "column": null } },
      "29": { "start": { "line": 164, "column": 14 }, "end": { "line": 164, "column": null } },
      "30": { "start": { "line": 166, "column": 8 }, "end": { "line": 172, "column": null } },
      "31": { "start": { "line": 175, "column": 29 }, "end": { "line": 175, "column": null } },
      "32": { "start": { "line": 176, "column": 8 }, "end": { "line": 181, "column": null } },
      "33": { "start": { "line": 183, "column": 20 }, "end": { "line": 192, "column": null } },
      "34": { "start": { "line": 195, "column": 8 }, "end": { "line": 195, "column": null } },
      "35": { "start": { "line": 198, "column": 27 }, "end": { "line": 200, "column": null } },
      "36": { "start": { "line": 201, "column": 8 }, "end": { "line": 205, "column": null } },
      "37": { "start": { "line": 202, "column": 10 }, "end": { "line": 202, "column": null } },
      "38": { "start": { "line": 203, "column": 10 }, "end": { "line": 203, "column": null } },
      "39": { "start": { "line": 204, "column": 10 }, "end": { "line": 204, "column": null } },
      "40": { "start": { "line": 207, "column": 35 }, "end": { "line": 207, "column": null } },
      "41": { "start": { "line": 208, "column": 23 }, "end": { "line": 213, "column": null } },
      "42": { "start": { "line": 210, "column": 24 }, "end": { "line": 210, "column": null } },
      "43": { "start": { "line": 211, "column": 12 }, "end": { "line": 211, "column": null } },
      "44": { "start": { "line": 216, "column": 28 }, "end": { "line": 227, "column": null } },
      "45": { "start": { "line": 217, "column": 25 }, "end": { "line": 217, "column": null } },
      "46": { "start": { "line": 218, "column": 10 }, "end": { "line": 225, "column": null } },
      "47": { "start": { "line": 219, "column": 12 }, "end": { "line": 223, "column": null } },
      "48": { "start": { "line": 224, "column": 12 }, "end": { "line": 224, "column": null } },
      "49": { "start": { "line": 226, "column": 10 }, "end": { "line": 226, "column": null } },
      "50": { "start": { "line": 230, "column": 8 }, "end": { "line": 237, "column": null } },
      "51": { "start": { "line": 234, "column": 33 }, "end": { "line": 234, "column": 37 } },
      "52": { "start": { "line": 236, "column": 10 }, "end": { "line": 236, "column": null } },
      "53": { "start": { "line": 240, "column": 8 }, "end": { "line": 244, "column": null } },
      "54": { "start": { "line": 241, "column": 10 }, "end": { "line": 243, "column": null } },
      "55": { "start": { "line": 242, "column": 12 }, "end": { "line": 242, "column": null } },
      "56": { "start": { "line": 247, "column": 8 }, "end": { "line": 247, "column": null } },
      "57": { "start": { "line": 250, "column": 25 }, "end": { "line": 250, "column": null } },
      "58": { "start": { "line": 252, "column": 10 }, "end": { "line": 254, "column": null } },
      "59": { "start": { "line": 253, "column": 45 }, "end": { "line": 253, "column": 70 } },
      "60": { "start": { "line": 257, "column": 8 }, "end": { "line": 265, "column": null } },
      "61": { "start": { "line": 258, "column": 10 }, "end": { "line": 264, "column": null } },
      "62": { "start": { "line": 268, "column": 8 }, "end": { "line": 268, "column": null } },
      "63": { "start": { "line": 274, "column": 4 }, "end": { "line": 365, "column": null } },
      "64": { "start": { "line": 275, "column": 12 }, "end": { "line": 275, "column": null } },
      "65": { "start": { "line": 278, "column": 18 }, "end": { "line": 280, "column": null } },
      "66": { "start": { "line": 281, "column": 6 }, "end": { "line": 284, "column": null } },
      "67": { "start": { "line": 282, "column": 8 }, "end": { "line": 282, "column": null } },
      "68": { "start": { "line": 283, "column": 8 }, "end": { "line": 283, "column": null } },
      "69": { "start": { "line": 286, "column": 25 }, "end": { "line": 290, "column": null } },
      "70": { "start": { "line": 291, "column": 6 }, "end": { "line": 294, "column": null } },
      "71": { "start": { "line": 292, "column": 8 }, "end": { "line": 292, "column": null } },
      "72": { "start": { "line": 293, "column": 8 }, "end": { "line": 293, "column": null } },
      "73": { "start": { "line": 297, "column": 6 }, "end": { "line": 297, "column": null } },
      "74": { "start": { "line": 300, "column": 23 }, "end": { "line": 302, "column": null } },
      "75": { "start": { "line": 304, "column": 22 }, "end": { "line": 304, "column": null } },
      "76": { "start": { "line": 305, "column": 6 }, "end": { "line": 310, "column": null } },
      "77": { "start": { "line": 306, "column": 8 }, "end": { "line": 309, "column": null } },
      "78": { "start": { "line": 307, "column": 10 }, "end": { "line": 307, "column": null } },
      "79": { "start": { "line": 308, "column": 10 }, "end": { "line": 308, "column": null } },
      "80": { "start": { "line": 313, "column": 6 }, "end": { "line": 317, "column": null } },
      "81": { "start": { "line": 314, "column": 8 }, "end": { "line": 314, "column": null } },
      "82": { "start": { "line": 316, "column": 8 }, "end": { "line": 316, "column": null } },
      "83": { "start": { "line": 320, "column": 21 }, "end": { "line": 320, "column": null } },
      "84": { "start": { "line": 321, "column": 6 }, "end": { "line": 331, "column": null } },
      "85": { "start": { "line": 322, "column": 8 }, "end": { "line": 330, "column": null } },
      "86": { "start": { "line": 323, "column": 10 }, "end": { "line": 329, "column": null } },
      "87": { "start": { "line": 324, "column": 12 }, "end": { "line": 326, "column": null } },
      "88": { "start": { "line": 325, "column": 14 }, "end": { "line": 325, "column": null } },
      "89": { "start": { "line": 332, "column": 6 }, "end": { "line": 334, "column": null } },
      "90": { "start": { "line": 333, "column": 8 }, "end": { "line": 333, "column": null } },
      "91": { "start": { "line": 338, "column": 6 }, "end": { "line": 338, "column": null } },
      "92": { "start": { "line": 340, "column": 27 }, "end": { "line": 342, "column": null } },
      "93": { "start": { "line": 343, "column": 6 }, "end": { "line": 345, "column": null } },
      "94": { "start": { "line": 344, "column": 8 }, "end": { "line": 344, "column": null } },
      "95": { "start": { "line": 347, "column": 6 }, "end": { "line": 347, "column": null } },
      "96": { "start": { "line": 350, "column": 6 }, "end": { "line": 350, "column": null } },
      "97": { "start": { "line": 353, "column": 6 }, "end": { "line": 357, "column": null } },
      "98": { "start": { "line": 356, "column": 52 }, "end": { "line": 356, "column": 56 } },
      "99": { "start": { "line": 359, "column": 6 }, "end": { "line": 364, "column": null } },
      "100": { "start": { "line": 369, "column": 4 }, "end": { "line": 381, "column": null } },
      "101": { "start": { "line": 370, "column": 12 }, "end": { "line": 370, "column": null } },
      "102": { "start": { "line": 371, "column": 6 }, "end": { "line": 375, "column": null } },
      "103": { "start": { "line": 377, "column": 6 }, "end": { "line": 380, "column": null } },
      "104": { "start": { "line": 385, "column": 4 }, "end": { "line": 387, "column": null } },
      "105": { "start": { "line": 386, "column": 6 }, "end": { "line": 386, "column": null } },
      "106": { "start": { "line": 391, "column": 4 }, "end": { "line": 393, "column": null } },
      "107": { "start": { "line": 392, "column": 6 }, "end": { "line": 392, "column": null } },
      "108": { "start": { "line": 396, "column": 2 }, "end": { "line": 396, "column": null } },
      "109": { "start": { "line": 413, "column": 30 }, "end": { "line": 413, "column": null } },
      "110": { "start": { "line": 416, "column": 33 }, "end": { "line": 416, "column": null } },
      "111": { "start": { "line": 419, "column": 31 }, "end": { "line": 419, "column": null } },
      "112": { "start": { "line": 426, "column": 6 }, "end": { "line": 426, "column": null } },
      "113": { "start": { "line": 431, "column": 2 }, "end": { "line": 431, "column": null } },
      "114": { "start": { "line": 431, "column": 29 }, "end": { "line": 431, "column": null } },
      "115": { "start": { "line": 432, "column": 2 }, "end": { "line": 432, "column": null } },
      "116": { "start": { "line": 433, "column": 2 }, "end": { "line": 433, "column": null } },
      "117": { "start": { "line": 434, "column": 2 }, "end": { "line": 434, "column": null } },
      "118": { "start": { "line": 439, "column": 2 }, "end": { "line": 439, "column": null } },
      "119": { "start": { "line": 439, "column": 30 }, "end": { "line": 439, "column": null } },
      "120": { "start": { "line": 440, "column": 2 }, "end": { "line": 440, "column": null } },
      "121": { "start": { "line": 441, "column": 2 }, "end": { "line": 441, "column": null } },
      "122": { "start": { "line": 447, "column": 22 }, "end": { "line": 447, "column": null } },
      "123": { "start": { "line": 450, "column": 2 }, "end": { "line": 450, "column": null } },
      "124": { "start": { "line": 468, "column": 2 }, "end": { "line": 471, "column": null } },
      "125": { "start": { "line": 469, "column": 4 }, "end": { "line": 469, "column": null } },
      "126": { "start": { "line": 470, "column": 4 }, "end": { "line": 470, "column": null } },
      "127": { "start": { "line": 474, "column": 21 }, "end": { "line": 474, "column": null } },
      "128": { "start": { "line": 475, "column": 36 }, "end": { "line": 475, "column": null } },
      "129": { "start": { "line": 476, "column": 38 }, "end": { "line": 481, "column": null } },
      "130": { "start": { "line": 478, "column": 18 }, "end": { "line": 478, "column": null } },
      "131": { "start": { "line": 479, "column": 6 }, "end": { "line": 479, "column": null } },
      "132": { "start": { "line": 483, "column": 21 }, "end": { "line": 483, "column": null } },
      "133": { "start": { "line": 485, "column": 2 }, "end": { "line": 680, "column": null } },
      "134": { "start": { "line": 487, "column": 23 }, "end": { "line": 487, "column": null } },
      "135": { "start": { "line": 488, "column": 25 }, "end": { "line": 488, "column": null } },
      "136": { "start": { "line": 489, "column": 4 }, "end": { "line": 497, "column": null } },
      "137": { "start": { "line": 490, "column": 6 }, "end": { "line": 495, "column": null } },
      "138": { "start": { "line": 496, "column": 6 }, "end": { "line": 496, "column": null } },
      "139": { "start": { "line": 498, "column": 4 }, "end": { "line": 498, "column": null } },
      "140": { "start": { "line": 500, "column": 10 }, "end": { "line": 500, "column": null } },
      "141": { "start": { "line": 501, "column": 4 }, "end": { "line": 501, "column": null } },
      "142": { "start": { "line": 501, "column": 43 }, "end": { "line": 501, "column": null } },
      "143": { "start": { "line": 504, "column": 4 }, "end": { "line": 521, "column": null } },
      "144": { "start": { "line": 505, "column": 6 }, "end": { "line": 509, "column": null } },
      "145": { "start": { "line": 510, "column": 6 }, "end": { "line": 518, "column": null } },
      "146": { "start": { "line": 519, "column": 6 }, "end": { "line": 519, "column": null } },
      "147": { "start": { "line": 520, "column": 6 }, "end": { "line": 520, "column": null } },
      "148": { "start": { "line": 524, "column": 4 }, "end": { "line": 526, "column": null } },
      "149": { "start": { "line": 525, "column": 6 }, "end": { "line": 525, "column": null } },
      "150": { "start": { "line": 528, "column": 4 }, "end": { "line": 679, "column": null } },
      "151": { "start": { "line": 529, "column": 54 }, "end": { "line": 532, "column": null } },
      "152": { "start": { "line": 533, "column": 30 }, "end": { "line": 533, "column": null } },
      "153": { "start": { "line": 534, "column": 6 }, "end": { "line": 568, "column": null } },
      "154": { "start": { "line": 537, "column": 8 }, "end": { "line": 545, "column": null } },
      "155": { "start": { "line": 540, "column": 12 }, "end": { "line": 543, "column": null } },
      "156": { "start": { "line": 541, "column": 14 }, "end": { "line": 541, "column": null } },
      "157": { "start": { "line": 542, "column": 14 }, "end": { "line": 542, "column": null } },
      "158": { "start": { "line": 547, "column": 8 }, "end": { "line": 547, "column": null } },
      "159": { "start": { "line": 548, "column": 8 }, "end": { "line": 553, "column": null } },
      "160": { "start": { "line": 554, "column": 8 }, "end": { "line": 562, "column": null } },
      "161": { "start": { "line": 563, "column": 8 }, "end": { "line": 566, "column": null } },
      "162": { "start": { "line": 567, "column": 8 }, "end": { "line": 567, "column": null } },
      "163": { "start": { "line": 571, "column": 24 }, "end": { "line": 571, "column": null } },
      "164": { "start": { "line": 574, "column": 12 }, "end": { "line": 576, "column": null } },
      "165": { "start": { "line": 575, "column": 18 }, "end": { "line": 575, "column": null } },
      "166": { "start": { "line": 577, "column": 6 }, "end": { "line": 643, "column": null } },
      "167": { "start": { "line": 580, "column": 8 }, "end": { "line": 583, "column": null } },
      "168": { "start": { "line": 587, "column": 8 }, "end": { "line": 590, "column": null } },
      "169": { "start": { "line": 592, "column": 8 }, "end": { "line": 597, "column": null } },
      "170": { "start": { "line": 600, "column": 32 }, "end": { "line": 608, "column": null } },
      "171": { "start": { "line": 602, "column": 24 }, "end": { "line": 602, "column": null } },
      "172": { "start": { "line": 603, "column": 12 }, "end": { "line": 603, "column": null } },
      "173": { "start": { "line": 607, "column": 14 }, "end": { "line": 607, "column": null } },
      "174": { "start": { "line": 610, "column": 8 }, "end": { "line": 642, "column": null } },
      "175": { "start": { "line": 612, "column": 10 }, "end": { "line": 616, "column": null } },
      "176": { "start": { "line": 613, "column": 12 }, "end": { "line": 615, "column": null } },
      "177": { "start": { "line": 614, "column": 14 }, "end": { "line": 614, "column": null } },
      "178": { "start": { "line": 620, "column": 40 }, "end": { "line": 629, "column": null } },
      "179": { "start": { "line": 632, "column": 10 }, "end": { "line": 632, "column": null } },
      "180": { "start": { "line": 633, "column": 10 }, "end": { "line": 641, "column": null } },
      "181": { "start": { "line": 647, "column": 6 }, "end": { "line": 660, "column": null } },
      "182": { "start": { "line": 648, "column": 8 }, "end": { "line": 652, "column": null } },
      "183": { "start": { "line": 653, "column": 30 }, "end": { "line": 658, "column": null } },
      "184": { "start": { "line": 659, "column": 8 }, "end": { "line": 659, "column": null } },
      "185": { "start": { "line": 664, "column": 6 }, "end": { "line": 669, "column": null } },
      "186": { "start": { "line": 670, "column": 6 }, "end": { "line": 678, "column": null } },
      "187": { "start": { "line": 674, "column": 8 }, "end": { "line": 677, "column": null } },
      "188": { "start": { "line": 683, "column": 2 }, "end": { "line": 729, "column": null } },
      "189": { "start": { "line": 684, "column": 4 }, "end": { "line": 688, "column": null } },
      "190": { "start": { "line": 685, "column": 6 }, "end": { "line": 687, "column": null } },
      "191": { "start": { "line": 686, "column": 8 }, "end": { "line": 686, "column": null } },
      "192": { "start": { "line": 689, "column": 4 }, "end": { "line": 719, "column": null } },
      "193": { "start": { "line": 691, "column": 12 }, "end": { "line": 691, "column": null } },
      "194": { "start": { "line": 692, "column": 6 }, "end": { "line": 697, "column": null } },
      "195": { "start": { "line": 694, "column": 8 }, "end": { "line": 696, "column": null } },
      "196": { "start": { "line": 699, "column": 6 }, "end": { "line": 718, "column": null } },
      "197": { "start": { "line": 702, "column": 8 }, "end": { "line": 716, "column": null } },
      "198": { "start": { "line": 703, "column": 16 }, "end": { "line": 706, "column": null } },
      "199": { "start": { "line": 707, "column": 10 }, "end": { "line": 713, "column": null } },
      "200": { "start": { "line": 708, "column": 12 }, "end": { "line": 710, "column": null } },
      "201": { "start": { "line": 711, "column": 12 }, "end": { "line": 711, "column": null } },
      "202": { "start": { "line": 712, "column": 12 }, "end": { "line": 712, "column": null } },
      "203": { "start": { "line": 717, "column": 8 }, "end": { "line": 717, "column": null } },
      "204": { "start": { "line": 722, "column": 4 }, "end": { "line": 728, "column": null } },
      "205": { "start": { "line": 723, "column": 6 }, "end": { "line": 727, "column": null } },
      "206": { "start": { "line": 746, "column": 8 }, "end": { "line": 746, "column": null } },
      "207": { "start": { "line": 747, "column": 13 }, "end": { "line": 747, "column": null } },
      "208": { "start": { "line": 749, "column": 2 }, "end": { "line": 755, "column": null } },
      "209": { "start": { "line": 758, "column": 2 }, "end": { "line": 764, "column": null } },
      "210": { "start": { "line": 768, "column": 22 }, "end": { "line": 777, "column": null } },
      "211": { "start": { "line": 779, "column": 2 }, "end": { "line": 779, "column": null } },
      "212": { "start": { "line": 782, "column": 29 }, "end": { "line": 782, "column": null } },
      "213": { "start": { "line": 783, "column": 2 }, "end": { "line": 809, "column": null } },
      "214": { "start": { "line": 784, "column": 22 }, "end": { "line": 784, "column": null } },
      "215": { "start": { "line": 784, "column": 58 }, "end": { "line": 784, "column": 62 } },
      "216": { "start": { "line": 785, "column": 21 }, "end": { "line": 794, "column": null } },
      "217": { "start": { "line": 795, "column": 4 }, "end": { "line": 795, "column": null } },
      "218": { "start": { "line": 796, "column": 4 }, "end": { "line": 800, "column": null } },
      "219": { "start": { "line": 797, "column": 6 }, "end": { "line": 799, "column": null } },
      "220": { "start": { "line": 798, "column": 8 }, "end": { "line": 798, "column": null } },
      "221": { "start": { "line": 801, "column": 4 }, "end": { "line": 808, "column": null } },
      "222": { "start": { "line": 802, "column": 6 }, "end": { "line": 807, "column": null } },
      "223": { "start": { "line": 812, "column": 27 }, "end": { "line": 812, "column": null } },
      "224": { "start": { "line": 822, "column": 34 }, "end": { "line": 822, "column": null } },
      "225": { "start": { "line": 825, "column": 21 }, "end": { "line": 827, "column": null } },
      "226": { "start": { "line": 828, "column": 26 }, "end": { "line": 828, "column": null } },
      "227": { "start": { "line": 830, "column": 2 }, "end": { "line": 851, "column": null } },
      "228": { "start": { "line": 831, "column": 31 }, "end": { "line": 831, "column": null } },
      "229": { "start": { "line": 833, "column": 4 }, "end": { "line": 845, "column": null } },
      "230": { "start": { "line": 834, "column": 6 }, "end": { "line": 843, "column": null } },
      "231": { "start": { "line": 835, "column": 8 }, "end": { "line": 835, "column": null } },
      "232": { "start": { "line": 836, "column": 6 }, "end": { "line": 843, "column": null } },
      "233": { "start": { "line": 837, "column": 8 }, "end": { "line": 837, "column": null } },
      "234": { "start": { "line": 838, "column": 6 }, "end": { "line": 843, "column": null } },
      "235": { "start": { "line": 842, "column": 8 }, "end": { "line": 842, "column": null } },
      "236": { "start": { "line": 844, "column": 6 }, "end": { "line": 844, "column": null } },
      "237": { "start": { "line": 847, "column": 29 }, "end": { "line": 847, "column": null } },
      "238": { "start": { "line": 848, "column": 4 }, "end": { "line": 850, "column": null } },
      "239": { "start": { "line": 849, "column": 6 }, "end": { "line": 849, "column": null } },
      "240": { "start": { "line": 855, "column": 22 }, "end": { "line": 855, "column": null } },
      "241": { "start": { "line": 857, "column": 25 }, "end": { "line": 857, "column": null } },
      "242": { "start": { "line": 858, "column": 19 }, "end": { "line": 858, "column": null } },
      "243": { "start": { "line": 859, "column": 53 }, "end": { "line": 859, "column": null } },
      "244": { "start": { "line": 860, "column": 2 }, "end": { "line": 865, "column": null } },
      "245": { "start": { "line": 860, "column": 15 }, "end": { "line": 860, "column": 44 } },
      "246": { "start": { "line": 861, "column": 10 }, "end": { "line": 861, "column": null } },
      "247": { "start": { "line": 862, "column": 4 }, "end": { "line": 862, "column": null } },
      "248": { "start": { "line": 862, "column": 49 }, "end": { "line": 862, "column": null } },
      "249": { "start": { "line": 863, "column": 4 }, "end": { "line": 863, "column": null } },
      "250": { "start": { "line": 864, "column": 4 }, "end": { "line": 864, "column": null } },
      "251": { "start": { "line": 866, "column": 2 }, "end": { "line": 866, "column": null } },
      "252": { "start": { "line": 868, "column": 2 }, "end": { "line": 876, "column": null } },
      "253": { "start": { "line": 880, "column": 23 }, "end": { "line": 880, "column": null } },
      "254": { "start": { "line": 881, "column": 57 }, "end": { "line": 885, "column": null } },
      "255": { "start": { "line": 886, "column": 2 }, "end": { "line": 892, "column": null } },
      "256": { "start": { "line": 887, "column": 4 }, "end": { "line": 891, "column": null } },
      "257": { "start": { "line": 894, "column": 36 }, "end": { "line": 930, "column": null } },
      "258": { "start": { "line": 897, "column": 21 }, "end": { "line": 897, "column": null } },
      "259": { "start": { "line": 899, "column": 6 }, "end": { "line": 912, "column": null } },
      "260": { "start": { "line": 900, "column": 8 }, "end": { "line": 905, "column": null } },
      "261": { "start": { "line": 901, "column": 10 }, "end": { "line": 904, "column": null } },
      "262": { "start": { "line": 906, "column": 27 }, "end": { "line": 906, "column": null } },
      "263": { "start": { "line": 907, "column": 26 }, "end": { "line": 907, "column": null } },
      "264": { "start": { "line": 908, "column": 8 }, "end": { "line": 911, "column": null } },
      "265": { "start": { "line": 914, "column": 33 }, "end": { "line": 914, "column": null } },
      "266": { "start": { "line": 915, "column": 21 }, "end": { "line": 915, "column": null } },
      "267": { "start": { "line": 917, "column": 23 }, "end": { "line": 917, "column": null } },
      "268": { "start": { "line": 919, "column": 6 }, "end": { "line": 924, "column": null } },
      "269": { "start": { "line": 920, "column": 8 }, "end": { "line": 923, "column": null } },
      "270": { "start": { "line": 925, "column": 6 }, "end": { "line": 928, "column": null } },
      "271": { "start": { "line": 932, "column": 8 }, "end": { "line": 932, "column": null } },
      "272": { "start": { "line": 933, "column": 2 }, "end": { "line": 945, "column": null } },
      "273": { "start": { "line": 940, "column": 49 }, "end": { "line": 940, "column": 73 } },
      "274": { "start": { "line": 949, "column": 2 }, "end": { "line": 964, "column": null } },
      "275": { "start": { "line": 950, "column": 4 }, "end": { "line": 955, "column": null } },
      "276": { "start": { "line": 957, "column": 4 }, "end": { "line": 963, "column": null } },
      "277": { "start": { "line": 958, "column": 6 }, "end": { "line": 962, "column": null } },
      "278": { "start": { "line": 968, "column": 22 }, "end": { "line": 970, "column": null } },
      "279": { "start": { "line": 971, "column": 2 }, "end": { "line": 991, "column": null } },
      "280": { "start": { "line": 972, "column": 10 }, "end": { "line": 975, "column": null } },
      "281": { "start": { "line": 976, "column": 4 }, "end": { "line": 990, "column": null } },
      "282": { "start": { "line": 977, "column": 6 }, "end": { "line": 977, "column": null } },
      "283": { "start": { "line": 978, "column": 12 }, "end": { "line": 984, "column": null } },
      "284": { "start": { "line": 979, "column": 8 }, "end": { "line": 983, "column": null } },
      "285": { "start": { "line": 980, "column": 10 }, "end": { "line": 980, "column": null } },
      "286": { "start": { "line": 982, "column": 10 }, "end": { "line": 982, "column": null } },
      "287": { "start": { "line": 985, "column": 6 }, "end": { "line": 989, "column": null } },
      "288": { "start": { "line": 994, "column": 28 }, "end": { "line": 994, "column": null } },
      "289": { "start": { "line": 995, "column": 22 }, "end": { "line": 995, "column": null } },
      "290": { "start": { "line": 996, "column": 2 }, "end": { "line": 1003, "column": null } },
      "291": { "start": { "line": 997, "column": 4 }, "end": { "line": 1000, "column": null } },
      "292": { "start": { "line": 999, "column": 39 }, "end": { "line": 999, "column": 87 } },
      "293": { "start": { "line": 999, "column": 56 }, "end": { "line": 999, "column": 69 } },
      "294": { "start": { "line": 1002, "column": 4 }, "end": { "line": 1002, "column": null } },
      "295": { "start": { "line": 1004, "column": 2 }, "end": { "line": 1018, "column": null } },
      "296": { "start": { "line": 1005, "column": 4 }, "end": { "line": 1008, "column": null } },
      "297": { "start": { "line": 1009, "column": 10 }, "end": { "line": 1009, "column": null } },
      "298": { "start": { "line": 1010, "column": 4 }, "end": { "line": 1017, "column": null } },
      "299": { "start": { "line": 1015, "column": 56 }, "end": { "line": 1015, "column": 80 } },
      "300": { "start": { "line": 1025, "column": 10 }, "end": { "line": 1025, "column": null } },
      "301": { "start": { "line": 1026, "column": 22 }, "end": { "line": 1026, "column": null } },
      "302": { "start": { "line": 1027, "column": 4 }, "end": { "line": 1041, "column": null } },
      "303": { "start": { "line": 1028, "column": 6 }, "end": { "line": 1033, "column": null } },
      "304": { "start": { "line": 1034, "column": 6 }, "end": { "line": 1040, "column": null } },
      "305": { "start": { "line": 1035, "column": 8 }, "end": { "line": 1039, "column": null } },
      "306": { "start": { "line": 1045, "column": 20 }, "end": { "line": 1045, "column": null } },
      "307": { "start": { "line": 1046, "column": 23 }, "end": { "line": 1046, "column": null } },
      "308": { "start": { "line": 1047, "column": 8 }, "end": { "line": 1047, "column": null } },
      "309": { "start": { "line": 1050, "column": 8 }, "end": { "line": 1050, "column": null } },
      "310": { "start": { "line": 1052, "column": 2 }, "end": { "line": 1057, "column": null } },
      "311": { "start": { "line": 1060, "column": 2 }, "end": { "line": 1066, "column": null } },
      "312": { "start": { "line": 1068, "column": 17 }, "end": { "line": 1071, "column": null } },
      "313": { "start": { "line": 1073, "column": 2 }, "end": { "line": 1099, "column": null } },
      "314": { "start": { "line": 1075, "column": 4 }, "end": { "line": 1081, "column": null } },
      "315": { "start": { "line": 1076, "column": 6 }, "end": { "line": 1079, "column": null } },
      "316": { "start": { "line": 1080, "column": 6 }, "end": { "line": 1080, "column": null } },
      "317": { "start": { "line": 1082, "column": 4 }, "end": { "line": 1085, "column": null } },
      "318": { "start": { "line": 1083, "column": 6 }, "end": { "line": 1083, "column": null } },
      "319": { "start": { "line": 1084, "column": 6 }, "end": { "line": 1084, "column": null } },
      "320": { "start": { "line": 1086, "column": 4 }, "end": { "line": 1098, "column": null } },
      "321": { "start": { "line": 1087, "column": 6 }, "end": { "line": 1087, "column": null } },
      "322": { "start": { "line": 1089, "column": 6 }, "end": { "line": 1091, "column": null } },
      "323": { "start": { "line": 1090, "column": 8 }, "end": { "line": 1090, "column": null } },
      "324": { "start": { "line": 1092, "column": 6 }, "end": { "line": 1097, "column": null } },
      "325": { "start": { "line": 1102, "column": 2 }, "end": { "line": 1108, "column": null } },
      "326": { "start": { "line": 1103, "column": 4 }, "end": { "line": 1106, "column": null } },
      "327": { "start": { "line": 1107, "column": 4 }, "end": { "line": 1107, "column": null } },
      "328": { "start": { "line": 1110, "column": 20 }, "end": { "line": 1110, "column": null } },
      "329": { "start": { "line": 1113, "column": 2 }, "end": { "line": 1118, "column": null } },
      "330": { "start": { "line": 1120, "column": 29 }, "end": { "line": 1120, "column": null } },
      "331": { "start": { "line": 1120, "column": 60 }, "end": { "line": 1120, "column": 84 } },
      "332": { "start": { "line": 1121, "column": 23 }, "end": { "line": 1121, "column": null } },
      "333": { "start": { "line": 1123, "column": 2 }, "end": { "line": 1133, "column": null } },
      "334": { "start": { "line": 1136, "column": 2 }, "end": { "line": 1147, "column": null } },
      "335": { "start": { "line": 1137, "column": 4 }, "end": { "line": 1146, "column": null } },
      "336": { "start": { "line": 1149, "column": 19 }, "end": { "line": 1158, "column": null } },
      "337": { "start": { "line": 1160, "column": 2 }, "end": { "line": 1160, "column": null } },
      "338": { "start": { "line": 1163, "column": 2 }, "end": { "line": 1169, "column": null } },
      "339": { "start": { "line": 1172, "column": 8 }, "end": { "line": 1172, "column": null } },
      "340": { "start": { "line": 1173, "column": 8 }, "end": { "line": 1173, "column": null } },
      "341": { "start": { "line": 1174, "column": 2 }, "end": { "line": 1180, "column": null } },
      "342": { "start": { "line": 1175, "column": 4 }, "end": { "line": 1179, "column": null } },
      "343": { "start": { "line": 1183, "column": 2 }, "end": { "line": 1203, "column": null } },
      "344": { "start": { "line": 1206, "column": 2 }, "end": { "line": 1206, "column": null } },
      "345": { "start": { "line": 1208, "column": 2 }, "end": { "line": 1208, "column": null } }
    },
    "fnMap": {
      "0": {
        "name": "getIO",
        "decl": { "start": { "line": 59, "column": 16 }, "end": { "line": 59, "column": 45 } },
        "loc": { "start": { "line": 59, "column": 45 }, "end": { "line": 61, "column": null } },
        "line": 59
      },
      "1": {
        "name": "rowToAgent",
        "decl": { "start": { "line": 64, "column": 9 }, "end": { "line": 64, "column": 20 } },
        "loc": { "start": { "line": 64, "column": 43 }, "end": { "line": 76, "column": null } },
        "line": 64
      },
      "2": {
        "name": "createSocketIO",
        "decl": { "start": { "line": 78, "column": 16 }, "end": { "line": 78, "column": 31 } },
        "loc": { "start": { "line": 78, "column": 69 }, "end": { "line": 397, "column": null } },
        "line": 78
      },
      "3": {
        "name": "(anonymous_3)",
        "decl": { "start": { "line": 88, "column": 22 }, "end": { "line": 88, "column": 23 } },
        "loc": { "start": { "line": 88, "column": 34 }, "end": { "line": 394, "column": 3 } },
        "line": 88
      },
      "4": {
        "name": "(anonymous_4)",
        "decl": { "start": { "line": 93, "column": 35 }, "end": { "line": 93, "column": 36 } },
        "loc": { "start": { "line": 93, "column": 58 }, "end": { "line": 151, "column": 5 } },
        "line": 93
      },
      "5": {
        "name": "(anonymous_5)",
        "decl": { "start": { "line": 110, "column": 39 }, "end": { "line": 110, "column": 40 } },
        "loc": { "start": { "line": 110, "column": 54 }, "end": { "line": 119, "column": 8 } },
        "line": 110
      },
      "6": {
        "name": "(anonymous_6)",
        "decl": { "start": { "line": 127, "column": 13 }, "end": { "line": 127, "column": 14 } },
        "loc": { "start": { "line": 127, "column": 29 }, "end": { "line": 130, "column": 9 } },
        "line": 127
      },
      "7": {
        "name": "(anonymous_7)",
        "decl": { "start": { "line": 153, "column": 36 }, "end": { "line": 153, "column": 37 } },
        "loc": { "start": { "line": 153, "column": 59 }, "end": { "line": 155, "column": 5 } },
        "line": 153
      },
      "8": {
        "name": "(anonymous_8)",
        "decl": { "start": { "line": 161, "column": 6 }, "end": { "line": 161, "column": 13 } },
        "loc": { "start": { "line": 161, "column": 99 }, "end": { "line": 269, "column": null } },
        "line": 161
      },
      "9": {
        "name": "(anonymous_9)",
        "decl": { "start": { "line": 209, "column": 15 }, "end": { "line": 209, "column": 16 } },
        "loc": { "start": { "line": 209, "column": 31 }, "end": { "line": 212, "column": 11 } },
        "line": 209
      },
      "10": {
        "name": "(anonymous_10)",
        "decl": { "start": { "line": 216, "column": 42 }, "end": { "line": 216, "column": 43 } },
        "loc": { "start": { "line": 216, "column": 49 }, "end": { "line": 227, "column": 9 } },
        "line": 216
      },
      "11": {
        "name": "(anonymous_11)",
        "decl": { "start": { "line": 234, "column": 26 }, "end": { "line": 234, "column": 27 } },
        "loc": { "start": { "line": 234, "column": 33 }, "end": { "line": 234, "column": 37 } },
        "line": 234
      },
      "12": {
        "name": "(anonymous_12)",
        "decl": { "start": { "line": 235, "column": 16 }, "end": { "line": 235, "column": 17 } },
        "loc": { "start": { "line": 235, "column": 25 }, "end": { "line": 237, "column": 9 } },
        "line": 235
      },
      "13": {
        "name": "(anonymous_13)",
        "decl": { "start": { "line": 253, "column": 33 }, "end": { "line": 253, "column": 34 } },
        "loc": { "start": { "line": 253, "column": 45 }, "end": { "line": 253, "column": 70 } },
        "line": 253
      },
      "14": {
        "name": "(anonymous_14)",
        "decl": { "start": { "line": 274, "column": 38 }, "end": { "line": 274, "column": 39 } },
        "loc": { "start": { "line": 274, "column": 90 }, "end": { "line": 365, "column": 5 } },
        "line": 274
      },
      "15": {
        "name": "(anonymous_15)",
        "decl": { "start": { "line": 356, "column": 40 }, "end": { "line": 356, "column": 41 } },
        "loc": { "start": { "line": 356, "column": 52 }, "end": { "line": 356, "column": 56 } },
        "line": 356
      },
      "16": {
        "name": "(anonymous_16)",
        "decl": { "start": { "line": 369, "column": 39 }, "end": { "line": 369, "column": 40 } },
        "loc": { "start": { "line": 369, "column": 96 }, "end": { "line": 381, "column": 5 } },
        "line": 369
      },
      "17": {
        "name": "(anonymous_17)",
        "decl": { "start": { "line": 385, "column": 34 }, "end": { "line": 385, "column": 40 } },
        "loc": { "start": { "line": 385, "column": 40 }, "end": { "line": 387, "column": 5 } },
        "line": 385
      },
      "18": {
        "name": "(anonymous_18)",
        "decl": { "start": { "line": 391, "column": 28 }, "end": { "line": 391, "column": 34 } },
        "loc": { "start": { "line": 391, "column": 34 }, "end": { "line": 393, "column": 5 } },
        "line": 391
      },
      "19": {
        "name": "acquireLock",
        "decl": { "start": { "line": 430, "column": 9 }, "end": { "line": 430, "column": 32 } },
        "loc": { "start": { "line": 430, "column": 32 }, "end": { "line": 435, "column": null } },
        "line": 430
      },
      "20": {
        "name": "releaseLock",
        "decl": { "start": { "line": 438, "column": 9 }, "end": { "line": 438, "column": 29 } },
        "loc": { "start": { "line": 438, "column": 29 }, "end": { "line": 442, "column": null } },
        "line": 438
      },
      "21": {
        "name": "getMentionKey",
        "decl": { "start": { "line": 449, "column": 9 }, "end": { "line": 449, "column": 23 } },
        "loc": { "start": { "line": 449, "column": 65 }, "end": { "line": 451, "column": null } },
        "line": 449
      },
      "22": {
        "name": "executeAgentsSerial",
        "decl": { "start": { "line": 453, "column": 15 }, "end": { "line": 453, "column": null } },
        "loc": { "start": { "line": 466, "column": 17 }, "end": { "line": 730, "column": null } },
        "line": 466
      },
      "23": {
        "name": "(anonymous_23)",
        "decl": { "start": { "line": 477, "column": 9 }, "end": { "line": 477, "column": 10 } },
        "loc": { "start": { "line": 477, "column": 25 }, "end": { "line": 480, "column": 5 } },
        "line": 477
      },
      "24": {
        "name": "(anonymous_24)",
        "decl": { "start": { "line": 539, "column": 29 }, "end": { "line": 539, "column": 30 } },
        "loc": { "start": { "line": 540, "column": 12 }, "end": { "line": 543, "column": null } },
        "line": 540
      },
      "25": {
        "name": "(anonymous_25)",
        "decl": { "start": { "line": 540, "column": 23 }, "end": { "line": 540, "column": 29 } },
        "loc": { "start": { "line": 540, "column": 29 }, "end": { "line": 543, "column": 15 } },
        "line": 540
      },
      "26": {
        "name": "(anonymous_26)",
        "decl": { "start": { "line": 575, "column": 8 }, "end": { "line": 575, "column": 9 } },
        "loc": { "start": { "line": 575, "column": 18 }, "end": { "line": 575, "column": null } },
        "line": 575
      },
      "27": {
        "name": "(anonymous_27)",
        "decl": { "start": { "line": 601, "column": 15 }, "end": { "line": 601, "column": 16 } },
        "loc": { "start": { "line": 601, "column": 31 }, "end": { "line": 604, "column": 11 } },
        "line": 601
      },
      "28": {
        "name": "(anonymous_28)",
        "decl": { "start": { "line": 606, "column": 12 }, "end": { "line": 606, "column": 13 } },
        "loc": { "start": { "line": 607, "column": 14 }, "end": { "line": 607, "column": null } },
        "line": 607
      },
      "29": {
        "name": "(anonymous_29)",
        "decl": { "start": { "line": 673, "column": 15 }, "end": { "line": 673, "column": 21 } },
        "loc": { "start": { "line": 673, "column": 21 }, "end": { "line": 678, "column": 7 } },
        "line": 673
      },
      "30": {
        "name": "(anonymous_30)",
        "decl": { "start": { "line": 722, "column": 46 }, "end": { "line": 722, "column": 47 } },
        "loc": { "start": { "line": 722, "column": 55 }, "end": { "line": 728, "column": 5 } },
        "line": 722
      },
      "31": {
        "name": "runAgentReply",
        "decl": { "start": { "line": 732, "column": 15 }, "end": { "line": 732, "column": null } },
        "loc": { "start": { "line": 745, "column": 47 }, "end": { "line": 1209, "column": null } },
        "line": 745
      },
      "32": {
        "name": "(anonymous_32)",
        "decl": { "start": { "line": 784, "column": 46 }, "end": { "line": 784, "column": 47 } },
        "loc": { "start": { "line": 784, "column": 58 }, "end": { "line": 784, "column": 62 } },
        "line": 784
      },
      "33": {
        "name": "(anonymous_33)",
        "decl": { "start": { "line": 896, "column": 29 }, "end": { "line": 896, "column": 30 } },
        "loc": { "start": { "line": 896, "column": 54 }, "end": { "line": 929, "column": 5 } },
        "line": 896
      },
      "34": {
        "name": "(anonymous_34)",
        "decl": { "start": { "line": 940, "column": 37 }, "end": { "line": 940, "column": 38 } },
        "loc": { "start": { "line": 940, "column": 49 }, "end": { "line": 940, "column": 73 } },
        "line": 940
      },
      "35": {
        "name": "(anonymous_35)",
        "decl": { "start": { "line": 957, "column": 44 }, "end": { "line": 957, "column": 45 } },
        "loc": { "start": { "line": 957, "column": 53 }, "end": { "line": 963, "column": 5 } },
        "line": 957
      },
      "36": {
        "name": "(anonymous_36)",
        "decl": { "start": { "line": 978, "column": 26 }, "end": { "line": 978, "column": 32 } },
        "loc": { "start": { "line": 978, "column": 32 }, "end": { "line": 984, "column": 9 } },
        "line": 978
      },
      "37": {
        "name": "(anonymous_37)",
        "decl": { "start": { "line": 999, "column": 26 }, "end": { "line": 999, "column": 27 } },
        "loc": { "start": { "line": 999, "column": 39 }, "end": { "line": 999, "column": 87 } },
        "line": 999
      },
      "38": {
        "name": "(anonymous_38)",
        "decl": { "start": { "line": 999, "column": 50 }, "end": { "line": 999, "column": 56 } },
        "loc": { "start": { "line": 999, "column": 56 }, "end": { "line": 999, "column": 69 } },
        "line": 999
      },
      "39": {
        "name": "(anonymous_39)",
        "decl": { "start": { "line": 1015, "column": 44 }, "end": { "line": 1015, "column": 45 } },
        "loc": { "start": { "line": 1015, "column": 56 }, "end": { "line": 1015, "column": 80 } },
        "line": 1015
      },
      "40": {
        "name": "(anonymous_40)",
        "decl": { "start": { "line": 1034, "column": 46 }, "end": { "line": 1034, "column": 47 } },
        "loc": { "start": { "line": 1034, "column": 55 }, "end": { "line": 1040, "column": 7 } },
        "line": 1034
      },
      "41": {
        "name": "(anonymous_41)",
        "decl": { "start": { "line": 1120, "column": 48 }, "end": { "line": 1120, "column": 49 } },
        "loc": { "start": { "line": 1120, "column": 60 }, "end": { "line": 1120, "column": 84 } },
        "line": 1120
      }
    },
    "branchMap": {
      "0": {
        "loc": { "start": { "line": 73, "column": 16 }, "end": { "line": 73, "column": null } },
        "type": "binary-expr",
        "locations": [
          { "start": { "line": 73, "column": 16 }, "end": { "line": 73, "column": 36 } },
          { "start": { "line": 73, "column": 36 }, "end": { "line": 73, "column": null } }
        ],
        "line": 73
      },
      "1": {
        "loc": { "start": { "line": 74, "column": 17 }, "end": { "line": 74, "column": null } },
        "type": "binary-expr",
        "locations": [
          { "start": { "line": 74, "column": 17 }, "end": { "line": 74, "column": 37 } },
          { "start": { "line": 74, "column": 37 }, "end": { "line": 74, "column": null } }
        ],
        "line": 74
      },
      "2": {
        "loc": { "start": { "line": 116, "column": 29 }, "end": { "line": 116, "column": 49 } },
        "type": "binary-expr",
        "locations": [
          { "start": { "line": 116, "column": 29 }, "end": { "line": 116, "column": 45 } },
          { "start": { "line": 116, "column": 45 }, "end": { "line": 116, "column": 49 } }
        ],
        "line": 116
      },
      "3": {
        "loc": { "start": { "line": 117, "column": 16 }, "end": { "line": 117, "column": null } },
        "type": "binary-expr",
        "locations": [
          { "start": { "line": 117, "column": 16 }, "end": { "line": 117, "column": 31 } },
          { "start": { "line": 117, "column": 31 }, "end": { "line": 117, "column": null } }
        ],
        "line": 117
      },
      "4": {
        "loc": { "start": { "line": 125, "column": 33 }, "end": { "line": 125, "column": null } },
        "type": "cond-expr",
        "locations": [
          { "start": { "line": 125, "column": 46 }, "end": { "line": 125, "column": 89 } },
          { "start": { "line": 125, "column": 89 }, "end": { "line": 125, "column": null } }
        ],
        "line": 125
      },
      "5": {
        "loc": { "start": { "line": 125, "column": 57 }, "end": { "line": 125, "column": 85 } },
        "type": "binary-expr",
        "locations": [
          { "start": { "line": 125, "column": 57 }, "end": { "line": 125, "column": 81 } },
          { "start": { "line": 125, "column": 81 }, "end": { "line": 125, "column": 85 } }
        ],
        "line": 125
      },
      "6": {
        "loc": { "start": { "line": 129, "column": 17 }, "end": { "line": 129, "column": null } },
        "type": "cond-expr",
        "locations": [
          { "start": { "line": 129, "column": 25 }, "end": { "line": 129, "column": 44 } },
          { "start": { "line": 129, "column": 44 }, "end": { "line": 129, "column": null } }
        ],
        "line": 129
      },
      "7": {
        "loc": { "start": { "line": 139, "column": 17 }, "end": { "line": 141, "column": null } },
        "type": "cond-expr",
        "locations": [
          { "start": { "line": 140, "column": 12 }, "end": { "line": 140, "column": null } },
          { "start": { "line": 141, "column": 12 }, "end": { "line": 141, "column": null } }
        ],
        "line": 139
      },
      "8": {
        "loc": { "start": { "line": 175, "column": 44 }, "end": { "line": 175, "column": 63 } },
        "type": "binary-expr",
        "locations": [
          { "start": { "line": 175, "column": 44 }, "end": { "line": 175, "column": 61 } },
          { "start": { "line": 175, "column": 61 }, "end": { "line": 175, "column": 63 } }
        ],
        "line": 175
      },
      "9": {
        "loc": { "start": { "line": 181, "column": 65 }, "end": { "line": 181, "column": 84 } },
        "type": "binary-expr",
        "locations": [
          { "start": { "line": 181, "column": 65 }, "end": { "line": 181, "column": 80 } },
          { "start": { "line": 181, "column": 80 }, "end": { "line": 181, "column": 84 } }
        ],
        "line": 181
      },
      "10": {
        "loc": { "start": { "line": 189, "column": 20 }, "end": { "line": 189, "column": null } },
        "type": "binary-expr",
        "locations": [
          { "start": { "line": 189, "column": 20 }, "end": { "line": 189, "column": 37 } },
          { "start": { "line": 189, "column": 37 }, "end": { "line": 189, "column": null } }
        ],
        "line": 189
      },
      "11": {
        "loc": { "start": { "line": 190, "column": 18 }, "end": { "line": 190, "column": null } },
        "type": "binary-expr",
        "locations": [
          { "start": { "line": 190, "column": 18 }, "end": { "line": 190, "column": 33 } },
          { "start": { "line": 190, "column": 33 }, "end": { "line": 190, "column": null } }
        ],
        "line": 190
      },
      "12": {
        "loc": { "start": { "line": 201, "column": 8 }, "end": { "line": 205, "column": null } },
        "type": "if",
        "locations": [
          { "start": { "line": 201, "column": 8 }, "end": { "line": 205, "column": null } },
          { "start": {}, "end": {} }
        ],
        "line": 201
      },
      "13": {
        "loc": { "start": { "line": 207, "column": 46 }, "end": { "line": 207, "column": 74 } },
        "type": "binary-expr",
        "locations": [
          { "start": { "line": 207, "column": 46 }, "end": { "line": 207, "column": 70 } },
          { "start": { "line": 207, "column": 70 }, "end": { "line": 207, "column": 74 } }
        ],
        "line": 207
      },
      "14": {
        "loc": { "start": { "line": 211, "column": 19 }, "end": { "line": 211, "column": null } },
        "type": "cond-expr",
        "locations": [
          { "start": { "line": 211, "column": 25 }, "end": { "line": 211, "column": 43 } },
          { "start": { "line": 211, "column": 43 }, "end": { "line": 211, "column": null } }
        ],
        "line": 211
      },
      "15": {
        "loc": { "start": { "line": 218, "column": 10 }, "end": { "line": 225, "column": null } },
        "type": "if",
        "locations": [
          { "start": { "line": 218, "column": 10 }, "end": { "line": 225, "column": null } },
          { "start": {}, "end": {} }
        ],
        "line": 218
      },
      "16": {
        "loc": { "start": { "line": 241, "column": 10 }, "end": { "line": 243, "column": null } },
        "type": "if",
        "locations": [
          { "start": { "line": 241, "column": 10 }, "end": { "line": 243, "column": null } },
          { "start": {}, "end": {} }
        ],
        "line": 241
      },
      "17": {
        "loc": { "start": { "line": 250, "column": 25 }, "end": { "line": 250, "column": null } },
        "type": "binary-expr",
        "locations": [
          { "start": { "line": 250, "column": 25 }, "end": { "line": 250, "column": 42 } },
          { "start": { "line": 250, "column": 42 }, "end": { "line": 250, "column": null } }
        ],
        "line": 250
      },
      "18": {
        "loc": { "start": { "line": 252, "column": 10 }, "end": { "line": 254, "column": null } },
        "type": "cond-expr",
        "locations": [
          { "start": { "line": 253, "column": 14 }, "end": { "line": 253, "column": null } },
          { "start": { "line": 254, "column": 14 }, "end": { "line": 254, "column": null } }
        ],
        "line": 252
      },
      "19": {
        "loc": { "start": { "line": 281, "column": 6 }, "end": { "line": 284, "column": null } },
        "type": "if",
        "locations": [
          { "start": { "line": 281, "column": 6 }, "end": { "line": 284, "column": null } },
          { "start": {}, "end": {} }
        ],
        "line": 281
      },
      "20": {
        "loc": { "start": { "line": 291, "column": 6 }, "end": { "line": 294, "column": null } },
        "type": "if",
        "locations": [
          { "start": { "line": 291, "column": 6 }, "end": { "line": 294, "column": null } },
          { "start": {}, "end": {} }
        ],
        "line": 291
      },
      "21": {
        "loc": { "start": { "line": 291, "column": 10 }, "end": { "line": 291, "column": 59 } },
        "type": "binary-expr",
        "locations": [
          { "start": { "line": 291, "column": 10 }, "end": { "line": 291, "column": 25 } },
          { "start": { "line": 291, "column": 25 }, "end": { "line": 291, "column": 59 } }
        ],
        "line": 291
      },
      "22": {
        "loc": { "start": { "line": 306, "column": 8 }, "end": { "line": 309, "column": null } },
        "type": "if",
        "locations": [
          { "start": { "line": 306, "column": 8 }, "end": { "line": 309, "column": null } },
          { "start": {}, "end": {} }
        ],
        "line": 306
      },
      "23": {
        "loc": { "start": { "line": 313, "column": 6 }, "end": { "line": 317, "column": null } },
        "type": "if",
        "locations": [
          { "start": { "line": 313, "column": 6 }, "end": { "line": 317, "column": null } },
          { "start": { "line": 315, "column": 13 }, "end": { "line": 317, "column": null } }
        ],
        "line": 313
      },
      "24": {
        "loc": { "start": { "line": 322, "column": 8 }, "end": { "line": 330, "column": null } },
        "type": "if",
        "locations": [
          { "start": { "line": 322, "column": 8 }, "end": { "line": 330, "column": null } },
          { "start": {}, "end": {} }
        ],
        "line": 322
      },
      "25": {
        "loc": { "start": { "line": 332, "column": 6 }, "end": { "line": 334, "column": null } },
        "type": "if",
        "locations": [
          { "start": { "line": 332, "column": 6 }, "end": { "line": 334, "column": null } },
          { "start": {}, "end": {} }
        ],
        "line": 332
      },
      "26": {
        "loc": { "start": { "line": 375, "column": 12 }, "end": { "line": 375, "column": 40 } },
        "type": "cond-expr",
        "locations": [
          { "start": { "line": 375, "column": 33 }, "end": { "line": 375, "column": 37 } },
          { "start": { "line": 375, "column": 37 }, "end": { "line": 375, "column": 40 } }
        ],
        "line": 375
      },
      "27": {
        "loc": { "start": { "line": 413, "column": 30 }, "end": { "line": 413, "column": null } },
        "type": "binary-expr",
        "locations": [
          { "start": { "line": 413, "column": 30 }, "end": { "line": 413, "column": 83 } },
          { "start": { "line": 413, "column": 83 }, "end": { "line": 413, "column": null } }
        ],
        "line": 413
      },
      "28": {
        "loc": { "start": { "line": 413, "column": 39 }, "end": { "line": 413, "column": 78 } },
        "type": "binary-expr",
        "locations": [
          { "start": { "line": 413, "column": 39 }, "end": { "line": 413, "column": 76 } },
          { "start": { "line": 413, "column": 76 }, "end": { "line": 413, "column": 78 } }
        ],
        "line": 413
      },
      "29": {
        "loc": { "start": { "line": 431, "column": 2 }, "end": { "line": 431, "column": null } },
        "type": "if",
        "locations": [
          { "start": { "line": 431, "column": 2 }, "end": { "line": 431, "column": null } },
          { "start": {}, "end": {} }
        ],
        "line": 431
      },
      "30": {
        "loc": { "start": { "line": 439, "column": 2 }, "end": { "line": 439, "column": null } },
        "type": "if",
        "locations": [
          { "start": { "line": 439, "column": 2 }, "end": { "line": 439, "column": null } },
          { "start": {}, "end": {} }
        ],
        "line": 439
      },
      "31": {
        "loc": { "start": { "line": 465, "column": 2 }, "end": { "line": 465, "column": null } },
        "type": "default-arg",
        "locations": [
          { "start": { "line": 465, "column": 18 }, "end": { "line": 465, "column": null } }
        ],
        "line": 465
      },
      "32": {
        "loc": { "start": { "line": 468, "column": 2 }, "end": { "line": 471, "column": null } },
        "type": "if",
        "locations": [
          { "start": { "line": 468, "column": 2 }, "end": { "line": 471, "column": null } },
          { "start": {}, "end": {} }
        ],
        "line": 468
      },
      "33": {
        "loc": { "start": { "line": 475, "column": 36 }, "end": { "line": 475, "column": null } },
        "type": "cond-expr",
        "locations": [
          { "start": { "line": 475, "column": 49 }, "end": { "line": 475, "column": 92 } },
          { "start": { "line": 475, "column": 92 }, "end": { "line": 475, "column": null } }
        ],
        "line": 475
      },
      "34": {
        "loc": { "start": { "line": 475, "column": 60 }, "end": { "line": 475, "column": 88 } },
        "type": "binary-expr",
        "locations": [
          { "start": { "line": 475, "column": 60 }, "end": { "line": 475, "column": 84 } },
          { "start": { "line": 475, "column": 84 }, "end": { "line": 475, "column": 88 } }
        ],
        "line": 475
      },
      "35": {
        "loc": { "start": { "line": 479, "column": 13 }, "end": { "line": 479, "column": null } },
        "type": "binary-expr",
        "locations": [
          { "start": { "line": 479, "column": 13 }, "end": { "line": 479, "column": 26 } },
          { "start": { "line": 479, "column": 26 }, "end": { "line": 479, "column": null } }
        ],
        "line": 479
      },
      "36": {
        "loc": { "start": { "line": 488, "column": 25 }, "end": { "line": 488, "column": null } },
        "type": "binary-expr",
        "locations": [
          { "start": { "line": 488, "column": 25 }, "end": { "line": 488, "column": 58 } },
          { "start": { "line": 488, "column": 58 }, "end": { "line": 488, "column": null } }
        ],
        "line": 488
      },
      "37": {
        "loc": { "start": { "line": 489, "column": 4 }, "end": { "line": 497, "column": null } },
        "type": "if",
        "locations": [
          { "start": { "line": 489, "column": 4 }, "end": { "line": 497, "column": null } },
          { "start": {}, "end": {} }
        ],
        "line": 489
      },
      "38": {
        "loc": { "start": { "line": 501, "column": 4 }, "end": { "line": 501, "column": null } },
        "type": "if",
        "locations": [
          { "start": { "line": 501, "column": 4 }, "end": { "line": 501, "column": null } },
          { "start": {}, "end": {} }
        ],
        "line": 501
      },
      "39": {
        "loc": { "start": { "line": 501, "column": 8 }, "end": { "line": 501, "column": 43 } },
        "type": "binary-expr",
        "locations": [
          { "start": { "line": 501, "column": 8 }, "end": { "line": 501, "column": 18 } },
          { "start": { "line": 501, "column": 18 }, "end": { "line": 501, "column": 43 } }
        ],
        "line": 501
      },
      "40": {
        "loc": { "start": { "line": 504, "column": 4 }, "end": { "line": 521, "column": null } },
        "type": "if",
        "locations": [
          { "start": { "line": 504, "column": 4 }, "end": { "line": 521, "column": null } },
          { "start": {}, "end": {} }
        ],
        "line": 504
      },
      "41": {
        "loc": { "start": { "line": 504, "column": 8 }, "end": { "line": 504, "column": 72 } },
        "type": "binary-expr",
        "locations": [
          { "start": { "line": 504, "column": 8 }, "end": { "line": 504, "column": 28 } },
          { "start": { "line": 504, "column": 28 }, "end": { "line": 504, "column": 72 } }
        ],
        "line": 504
      },
      "42": {
        "loc": { "start": { "line": 524, "column": 4 }, "end": { "line": 526, "column": null } },
        "type": "if",
        "locations": [
          { "start": { "line": 524, "column": 4 }, "end": { "line": 526, "column": null } },
          { "start": {}, "end": {} }
        ],
        "line": 524
      },
      "43": {
        "loc": { "start": { "line": 524, "column": 8 }, "end": { "line": 524, "column": 57 } },
        "type": "binary-expr",
        "locations": [
          { "start": { "line": 524, "column": 8 }, "end": { "line": 524, "column": 42 } },
          { "start": { "line": 524, "column": 42 }, "end": { "line": 524, "column": 57 } }
        ],
        "line": 524
      },
      "44": {
        "loc": { "start": { "line": 559, "column": 47 }, "end": { "line": 559, "column": 68 } },
        "type": "binary-expr",
        "locations": [
          { "start": { "line": 559, "column": 47 }, "end": { "line": 559, "column": 62 } },
          { "start": { "line": 559, "column": 62 }, "end": { "line": 559, "column": 68 } }
        ],
        "line": 559
      },
      "45": {
        "loc": { "start": { "line": 564, "column": 24 }, "end": { "line": 564, "column": null } },
        "type": "binary-expr",
        "locations": [
          { "start": { "line": 564, "column": 24 }, "end": { "line": 564, "column": 39 } },
          { "start": { "line": 564, "column": 39 }, "end": { "line": 564, "column": null } }
        ],
        "line": 564
      },
      "46": {
        "loc": { "start": { "line": 577, "column": 6 }, "end": { "line": 643, "column": null } },
        "type": "if",
        "locations": [
          { "start": { "line": 577, "column": 6 }, "end": { "line": 643, "column": null } },
          { "start": {}, "end": {} }
        ],
        "line": 577
      },
      "47": {
        "loc": { "start": { "line": 603, "column": 19 }, "end": { "line": 603, "column": null } },
        "type": "cond-expr",
        "locations": [
          { "start": { "line": 603, "column": 25 }, "end": { "line": 603, "column": 43 } },
          { "start": { "line": 603, "column": 43 }, "end": { "line": 603, "column": null } }
        ],
        "line": 603
      },
      "48": {
        "loc": { "start": { "line": 607, "column": 14 }, "end": { "line": 607, "column": null } },
        "type": "binary-expr",
        "locations": [
          { "start": { "line": 607, "column": 14 }, "end": { "line": 607, "column": 28 } },
          { "start": { "line": 607, "column": 28 }, "end": { "line": 607, "column": null } }
        ],
        "line": 607
      },
      "49": {
        "loc": { "start": { "line": 610, "column": 8 }, "end": { "line": 642, "column": null } },
        "type": "if",
        "locations": [
          { "start": { "line": 610, "column": 8 }, "end": { "line": 642, "column": null } },
          { "start": {}, "end": {} }
        ],
        "line": 610
      },
      "50": {
        "loc": { "start": { "line": 613, "column": 12 }, "end": { "line": 615, "column": null } },
        "type": "if",
        "locations": [
          { "start": { "line": 613, "column": 12 }, "end": { "line": 615, "column": null } },
          { "start": {}, "end": {} }
        ],
        "line": 613
      },
      "51": {
        "loc": { "start": { "line": 627, "column": 20 }, "end": { "line": 627, "column": null } },
[...]
        "s:66:4:66:Infinity": 5,
        "s:67:4:67:Infinity": 6,
        "f:41:9:41:20": 1,
        "s:42:4:42:Infinity": 7,
        "s:43:4:43:Infinity": 8,
        "f:47:9:47:36": 2,
        "b:48:4:50:Infinity:undefined:undefined:undefined:undefined": 0,
        "s:48:4:50:Infinity": 9,
        "s:49:6:49:Infinity": 10,
        "s:51:4:51:Infinity": 11,
        "f:55:9:55:23": 3,
        "s:56:4:56:Infinity": 12,
        "f:72:10:72:26": 4,
        "s:74:10:74:Infinity": 13,
        "s:75:4:84:Infinity": 14,
        "s:76:12:76:Infinity": 15,
        "s:77:6:77:Infinity": 16,
        "b:78:6:80:Infinity:undefined:undefined:undefined:undefined": 1,
        "s:78:6:80:Infinity": 17,
        "b:78:10:78:35:78:35:78:77": 2,
        "s:79:8:79:Infinity": 18,
        "s:81:6:81:Infinity": 19,
        "s:83:6:83:Infinity": 20,
        "s:87:4:99:Infinity": 21,
        "s:88:12:88:Infinity": 22,
        "b:89:6:92:Infinity:undefined:undefined:undefined:undefined": 3,
        "s:89:6:92:Infinity": 23,
        "s:90:8:90:Infinity": 24,
        "s:91:8:91:Infinity": 25,
        "s:93:6:98:Infinity": 26,
        "s:94:14:94:Infinity": 27,
        "s:95:8:95:Infinity": 28,
        "s:97:8:97:Infinity": 29,
        "s:101:4:101:Infinity": 30,
        "s:102:4:102:Infinity": 31,
        "f:115:2:115:16": 5,
        "s:116:36:116:Infinity": 32,
        "s:118:4:130:Infinity": 33,
        "s:119:20:119:Infinity": 34,
        "b:120:6:123:Infinity:undefined:undefined:undefined:undefined": 4,
        "s:120:6:123:Infinity": 35,
        "s:121:8:121:Infinity": 36,
        "s:122:8:122:Infinity": 37,
        "s:126:18:126:Infinity": 38,
        "f:126:38:126:39": 6,
        "s:126:51:126:80": 39,
        "b:127:6:129:Infinity:undefined:undefined:undefined:undefined": 5,
        "s:127:6:129:Infinity": 40,
        "b:127:10:127:17:127:17:127:44": 6,
        "s:128:8:128:Infinity": 41,
        "s:133:17:133:Infinity": 42,
        "s:134:4:139:Infinity": 43,
        "s:135:22:135:Infinity": 44,
        "b:136:6:138:Infinity:undefined:undefined:undefined:undefined": 7,
        "s:136:6:138:Infinity": 45,
        "s:137:8:137:Infinity": 46,
        "b:141:4:143:Infinity:undefined:undefined:undefined:undefined": 8,
        "s:141:4:143:Infinity": 47,
        "s:142:6:142:Infinity": 48,
        "s:145:4:145:Infinity": 49,
        "f:150:2:150:34": 7,
        "s:151:4:151:Infinity": 50,
        "f:154:2:154:32": 8,
        "s:155:4:155:Infinity": 51,
        "f:158:2:158:27": 9,
        "s:159:4:159:Infinity": 52
      },
      "fnNames": {}
    }
  },
  "D:\\Game\\ai\\catStudy\\packages\\server\\src\\summarizer\\index.ts": {
    "path": "D:\\Game\\ai\\catStudy\\packages\\server\\src\\summarizer\\index.ts",
    "statementMap": {
      "0": { "start": { "line": 15, "column": 6 }, "end": { "line": 15, "column": null } },
      "1": { "start": { "line": 26, "column": 30 }, "end": { "line": 26, "column": null } },
      "2": { "start": { "line": 48, "column": 18 }, "end": { "line": 48, "column": null } },
      "3": { "start": { "line": 49, "column": 2 }, "end": { "line": 49, "column": null } },
      "4": { "start": { "line": 49, "column": 16 }, "end": { "line": 49, "column": null } },
      "5": { "start": { "line": 51, "column": 17 }, "end": { "line": 51, "column": null } },
      "6": { "start": { "line": 52, "column": 2 }, "end": { "line": 55, "column": null } },
      "7": { "start": { "line": 53, "column": 4 }, "end": { "line": 53, "column": null } },
      "8": { "start": { "line": 54, "column": 4 }, "end": { "line": 54, "column": null } },
      "9": { "start": { "line": 57, "column": 2 }, "end": { "line": 167, "column": null } },
      "10": { "start": { "line": 59, "column": 23 }, "end": { "line": 61, "column": null } },
      "11": { "start": { "line": 63, "column": 44 }, "end": { "line": 63, "column": null } },
      "12": { "start": { "line": 64, "column": 4 }, "end": { "line": 70, "column": null } },
      "13": { "start": { "line": 65, "column": 6 }, "end": { "line": 69, "column": null } },
      "14": { "start": { "line": 66, "column": 8 }, "end": { "line": 66, "column": null } },
      "15": { "start": { "line": 68, "column": 8 }, "end": { "line": 68, "column": null } },
      "16": { "start": { "line": 73, "column": 19 }, "end": { "line": 73, "column": null } },
      "17": { "start": { "line": 75, "column": 4 }, "end": { "line": 94, "column": null } },
      "18": { "start": { "line": 76, "column": 6 }, "end": { "line": 84, "column": null } },
      "19": { "start": { "line": 87, "column": 6 }, "end": { "line": 93, "column": null } },
      "20": { "start": { "line": 96, "column": 4 }, "end": { "line": 96, "column": null } },
      "21": { "start": { "line": 96, "column": 34 }, "end": { "line": 96, "column": null } },
      "22": { "start": { "line": 99, "column": 21 }, "end": { "line": 99, "column": null } },
      "23": { "start": { "line": 100, "column": 10 }, "end": { "line": 100, "column": null } },
      "24": { "start": { "line": 101, "column": 20 }, "end": { "line": 101, "column": null } },
      "25": { "start": { "line": 104, "column": 4 }, "end": { "line": 114, "column": null } },
      "26": { "start": { "line": 105, "column": 29 }, "end": { "line": 105, "column": null } },
      "27": { "start": { "line": 106, "column": 6 }, "end": { "line": 112, "column": null } },
      "28": { "start": { "line": 107, "column": 8 }, "end": { "line": 111, "column": null } },
      "29": { "start": { "line": 113, "column": 6 }, "end": { "line": 113, "column": null } },
      "30": { "start": { "line": 117, "column": 28 }, "end": { "line": 122, "column": null } },
      "31": { "start": { "line": 119, "column": 21 }, "end": { "line": 119, "column": null } },
      "32": { "start": { "line": 120, "column": 8 }, "end": { "line": 120, "column": null } },
      "33": { "start": { "line": 125, "column": 27 }, "end": { "line": 125, "column": null } },
      "34": { "start": { "line": 126, "column": 23 }, "end": { "line": 126, "column": null } },
      "35": { "start": { "line": 128, "column": 24 }, "end": { "line": 135, "column": null } },
      "36": { "start": { "line": 137, "column": 4 }, "end": { "line": 137, "column": null } },
      "37": { "start": { "line": 137, "column": 22 }, "end": { "line": 137, "column": null } },
      "38": { "start": { "line": 140, "column": 39 }, "end": { "line": 146, "column": null } },
      "39": { "start": { "line": 148, "column": 4 }, "end": { "line": 150, "column": null } },
      "40": { "start": { "line": 152, "column": 4 }, "end": { "line": 158, "column": null } },
      "41": { "start": { "line": 160, "column": 4 }, "end": { "line": 160, "column": null } },
      "42": { "start": { "line": 162, "column": 4 }, "end": { "line": 165, "column": null } },
      "43": { "start": { "line": 166, "column": 4 }, "end": { "line": 166, "column": null } },
      "44": { "start": { "line": 174, "column": 2 }, "end": { "line": 174, "column": null } },
      "45": { "start": { "line": 174, "column": 16 }, "end": { "line": 174, "column": null } },
      "46": { "start": { "line": 175, "column": 2 }, "end": { "line": 180, "column": null } },
      "47": { "start": { "line": 176, "column": 16 }, "end": { "line": 176, "column": null } },
      "48": { "start": { "line": 177, "column": 4 }, "end": { "line": 177, "column": null } },
      "49": { "start": { "line": 179, "column": 4 }, "end": { "line": 179, "column": null } }
    },
    "fnMap": {
      "0": {
        "name": "updateRunningSummary",
        "decl": { "start": { "line": 44, "column": 22 }, "end": { "line": 44, "column": null } },
        "loc": { "start": { "line": 47, "column": 26 }, "end": { "line": 168, "column": null } },
        "line": 47
      },
      "1": {
        "name": "(anonymous_1)",
        "decl": { "start": { "line": 118, "column": 11 }, "end": { "line": 118, "column": 12 } },
        "loc": { "start": { "line": 118, "column": 23 }, "end": { "line": 121, "column": 7 } },
        "line": 118
      },
      "2": {
        "name": "getAgentName",
        "decl": { "start": { "line": 173, "column": 9 }, "end": { "line": 173, "column": 22 } },
        "loc": { "start": { "line": 173, "column": 70 }, "end": { "line": 181, "column": null } },
        "line": 173
      }
    },
    "branchMap": {
      "0": {
        "loc": { "start": { "line": 49, "column": 2 }, "end": { "line": 49, "column": null } },
        "type": "if",
        "locations": [
          { "start": { "line": 49, "column": 2 }, "end": { "line": 49, "column": null } },
          { "start": {}, "end": {} }
        ],
        "line": 49
      },
      "1": {
        "loc": { "start": { "line": 52, "column": 2 }, "end": { "line": 55, "column": null } },
        "type": "if",
        "locations": [
          { "start": { "line": 52, "column": 2 }, "end": { "line": 55, "column": null } },
          { "start": {}, "end": {} }
        ],
        "line": 52
      },
      "2": {
        "loc": { "start": { "line": 64, "column": 4 }, "end": { "line": 70, "column": null } },
        "type": "if",
        "locations": [
          { "start": { "line": 64, "column": 4 }, "end": { "line": 70, "column": null } },
          { "start": {}, "end": {} }
        ],
        "line": 64
      },
      "3": {
        "loc": { "start": { "line": 73, "column": 19 }, "end": { "line": 73, "column": null } },
        "type": "binary-expr",
        "locations": [
          { "start": { "line": 73, "column": 19 }, "end": { "line": 73, "column": 48 } },
          { "start": { "line": 73, "column": 48 }, "end": { "line": 73, "column": null } }
        ],
        "line": 73
      },
      "4": {
        "loc": { "start": { "line": 75, "column": 4 }, "end": { "line": 94, "column": null } },
        "type": "if",
        "locations": [
          { "start": { "line": 75, "column": 4 }, "end": { "line": 94, "column": null } },
          { "start": { "line": 85, "column": 11 }, "end": { "line": 94, "column": null } }
        ],
        "line": 75
      },
      "5": {
        "loc": { "start": { "line": 96, "column": 4 }, "end": { "line": 96, "column": null } },
        "type": "if",
        "locations": [
          { "start": { "line": 96, "column": 4 }, "end": { "line": 96, "column": null } },
          { "start": {}, "end": {} }
        ],
        "line": 96
      },
      "6": {
        "loc": { "start": { "line": 99, "column": 30 }, "end": { "line": 99, "column": 67 } },
        "type": "binary-expr",
        "locations": [
          { "start": { "line": 99, "column": 30 }, "end": { "line": 99, "column": 62 } },
          { "start": { "line": 99, "column": 62 }, "end": { "line": 99, "column": 67 } }
        ],
        "line": 99
      },
      "7": {
        "loc": { "start": { "line": 100, "column": 24 }, "end": { "line": 100, "column": 55 } },
        "type": "binary-expr",
        "locations": [
          { "start": { "line": 100, "column": 24 }, "end": { "line": 100, "column": 50 } },
          { "start": { "line": 100, "column": 50 }, "end": { "line": 100, "column": 55 } }
        ],
        "line": 100
      },
      "8": {
        "loc": { "start": { "line": 104, "column": 4 }, "end": { "line": 114, "column": null } },
        "type": "if",
        "locations": [
          { "start": { "line": 104, "column": 4 }, "end": { "line": 114, "column": null } },
          { "start": {}, "end": {} }
        ],
        "line": 104
      },
      "9": {
        "loc": { "start": { "line": 104, "column": 8 }, "end": { "line": 104, "column": 51 } },
        "type": "binary-expr",
        "locations": [
          { "start": { "line": 104, "column": 8 }, "end": { "line": 104, "column": 39 } },
          { "start": { "line": 104, "column": 39 }, "end": { "line": 104, "column": 51 } }
        ],
        "line": 104
      },
      "10": {
        "loc": { "start": { "line": 106, "column": 6 }, "end": { "line": 112, "column": null } },
        "type": "if",
        "locations": [
          { "start": { "line": 106, "column": 6 }, "end": { "line": 112, "column": null } },
          { "start": {}, "end": {} }
        ],
        "line": 106
      },
      "11": {
        "loc": { "start": { "line": 119, "column": 21 }, "end": { "line": 119, "column": null } },
        "type": "cond-expr",
        "locations": [
          { "start": { "line": 119, "column": 41 }, "end": { "line": 119, "column": 48 } },
          { "start": { "line": 119, "column": 48 }, "end": { "line": 119, "column": null } }
        ],
        "line": 119
      },
      "12": {
        "loc": { "start": { "line": 119, "column": 48 }, "end": { "line": 119, "column": null } },
        "type": "cond-expr",
        "locations": [
          { "start": { "line": 119, "column": 61 }, "end": { "line": 119, "column": 92 } },
          { "start": { "line": 119, "column": 92 }, "end": { "line": 119, "column": null } }
        ],
        "line": 119
      },
      "13": {
        "loc": { "start": { "line": 125, "column": 27 }, "end": { "line": 125, "column": null } },
        "type": "binary-expr",
        "locations": [
          { "start": { "line": 125, "column": 27 }, "end": { "line": 125, "column": 47 } },
          { "start": { "line": 125, "column": 47 }, "end": { "line": 125, "column": null } }
        ],
        "line": 125
      },
      "14": {
        "loc": { "start": { "line": 130, "column": 13 }, "end": { "line": 130, "column": null } },
        "type": "binary-expr",
        "locations": [
          { "start": { "line": 130, "column": 13 }, "end": { "line": 130, "column": 42 } },
          { "start": { "line": 130, "column": 42 }, "end": { "line": 130, "column": null } }
        ],
        "line": 130
      },
      "15": {
        "loc": { "start": { "line": 131, "column": 15 }, "end": { "line": 131, "column": null } },
        "type": "binary-expr",
        "locations": [
          { "start": { "line": 131, "column": 15 }, "end": { "line": 131, "column": 47 } },
          { "start": { "line": 131, "column": 47 }, "end": { "line": 131, "column": null } }
        ],
        "line": 131
      },
      "16": {
        "loc": { "start": { "line": 137, "column": 4 }, "end": { "line": 137, "column": null } },
        "type": "if",
        "locations": [
          { "start": { "line": 137, "column": 4 }, "end": { "line": 137, "column": null } },
          { "start": {}, "end": {} }
        ],
        "line": 137
      },
      "17": {
        "loc": { "start": { "line": 154, "column": 17 }, "end": { "line": 154, "column": null } },
        "type": "binary-expr",
        "locations": [
          { "start": { "line": 154, "column": 17 }, "end": { "line": 154, "column": 43 } },
          { "start": { "line": 154, "column": 43 }, "end": { "line": 154, "column": null } }
        ],
        "line": 154
      },
      "18": {
        "loc": { "start": { "line": 174, "column": 2 }, "end": { "line": 174, "column": null } },
        "type": "if",
        "locations": [
          { "start": { "line": 174, "column": 2 }, "end": { "line": 174, "column": null } },
          { "start": {}, "end": {} }
        ],
        "line": 174
      },
      "19": {
        "loc": { "start": { "line": 177, "column": 11 }, "end": { "line": 177, "column": null } },
        "type": "binary-expr",
        "locations": [
          { "start": { "line": 177, "column": 11 }, "end": { "line": 177, "column": 24 } },
          { "start": { "line": 177, "column": 24 }, "end": { "line": 177, "column": null } }
        ],
        "line": 177
      }
    },
    "s": {
      "0": 1,
      "1": 1,
      "2": 12,
      "3": 12,
      "4": 1,
      "5": 11,
      "6": 11,
      "7": 1,
      "8": 1,
      "9": 10,
      "10": 10,
      "11": 10,
      "12": 10,
      "13": 3,
      "14": 3,
      "15": 1,
      "16": 10,
      "17": 12,
      "18": 2,
      "19": 8,
      "20": 10,
      "21": 1,
      "22": 9,
      "23": 12,
      "24": 12,
      "25": 12,
      "26": 1,
      "27": 1,
      "28": 1,
      "29": 1,
      "30": 8,
      "31": 10,
      "32": 10,
      "33": 8,
      "34": 12,
      "35": 12,
      "36": 7,
      "37": 1,
      "38": 6,
      "39": 6,
      "40": 6,
      "41": 12,
      "42": 1,
      "43": 1,
      "44": 1,
      "45": 0,
      "46": 1,
      "47": 1,
      "48": 1,
      "49": 0
    },
    "f": { "0": 12, "1": 10, "2": 1 },
    "b": {
      "0": [1, 11],
      "1": [1, 10],
      "2": [3, 7],
      "3": [10, 8],
      "4": [2, 8],
      "5": [1, 9],
      "6": [9, 0],
      "7": [12, 7],
      "8": [1, 11],
      "9": [12, 7],
      "10": [1, 0],
      "11": [9, 1],
      "12": [1, 0],
      "13": [8, 7],
      "14": [12, 0],
      "15": [12, 0],
      "16": [1, 6],
      "17": [6, 5],
      "18": [0, 1],
      "19": [1, 0]
    },
    "meta": {
      "lastBranch": 20,
      "lastFunction": 3,
      "lastStatement": 50,
      "seen": {
        "s:15:6:15:Infinity": 0,
        "s:26:30:26:Infinity": 1,
        "f:44:22:44:Infinity": 0,
        "s:48:18:48:Infinity": 2,
        "b:49:2:49:Infinity:undefined:undefined:undefined:undefined": 0,
        "s:49:2:49:Infinity": 3,
        "s:49:16:49:Infinity": 4,
        "s:51:17:51:Infinity": 5,
        "b:52:2:55:Infinity:undefined:undefined:undefined:undefined": 1,
        "s:52:2:55:Infinity": 6,
        "s:53:4:53:Infinity": 7,
        "s:54:4:54:Infinity": 8,
        "s:57:2:167:Infinity": 9,
        "s:59:23:61:Infinity": 10,
        "s:63:44:63:Infinity": 11,
        "b:64:4:70:Infinity:undefined:undefined:undefined:undefined": 2,
        "s:64:4:70:Infinity": 12,
        "s:65:6:69:Infinity": 13,
        "s:66:8:66:Infinity": 14,
        "s:68:8:68:Infinity": 15,
        "s:73:19:73:Infinity": 16,
        "b:73:19:73:48:73:48:73:Infinity": 3,
        "b:75:4:94:Infinity:85:11:94:Infinity": 4,
        "s:75:4:94:Infinity": 17,
        "s:76:6:84:Infinity": 18,
        "s:87:6:93:Infinity": 19,
        "b:96:4:96:Infinity:undefined:undefined:undefined:undefined": 5,
        "s:96:4:96:Infinity": 20,
        "s:96:34:96:Infinity": 21,
        "s:99:21:99:Infinity": 22,
        "b:99:30:99:62:99:62:99:67": 6,
        "s:100:10:100:Infinity": 23,
        "b:100:24:100:50:100:50:100:55": 7,
        "s:101:20:101:Infinity": 24,
        "b:104:4:114:Infinity:undefined:undefined:undefined:undefined": 8,
        "s:104:4:114:Infinity": 25,
        "b:104:8:104:39:104:39:104:51": 9,
        "s:105:29:105:Infinity": 26,
        "b:106:6:112:Infinity:undefined:undefined:undefined:undefined": 10,
        "s:106:6:112:Infinity": 27,
        "s:107:8:111:Infinity": 28,
        "s:113:6:113:Infinity": 29,
        "s:117:28:122:Infinity": 30,
        "f:118:11:118:12": 1,
        "s:119:21:119:Infinity": 31,
        "b:119:41:119:48:119:48:119:Infinity": 11,
        "b:119:61:119:92:119:92:119:Infinity": 12,
        "s:120:8:120:Infinity": 32,
        "s:125:27:125:Infinity": 33,
        "b:125:27:125:47:125:47:125:Infinity": 13,
        "s:126:23:126:Infinity": 34,
        "s:128:24:135:Infinity": 35,
        "b:130:13:130:42:130:42:130:Infinity": 14,
        "b:131:15:131:47:131:47:131:Infinity": 15,
        "b:137:4:137:Infinity:undefined:undefined:undefined:undefined": 16,
        "s:137:4:137:Infinity": 36,
        "s:137:22:137:Infinity": 37,
        "s:140:39:146:Infinity": 38,
        "s:148:4:150:Infinity": 39,
        "s:152:4:158:Infinity": 40,
        "b:154:17:154:43:154:43:154:Infinity": 17,
        "s:160:4:160:Infinity": 41,
        "s:162:4:165:Infinity": 42,
        "s:166:4:166:Infinity": 43,
        "f:173:9:173:22": 2,
        "b:174:2:174:Infinity:undefined:undefined:undefined:undefined": 18,
        "s:174:2:174:Infinity": 44,
        "s:174:16:174:Infinity": 45,
        "s:175:2:180:Infinity": 46,
        "s:176:16:176:Infinity": 47,
        "s:177:4:177:Infinity": 48,
        "b:177:11:177:24:177:24:177:Infinity": 19,
        "s:179:4:179:Infinity": 49
      },
      "fnNames": {}
    }
  }
}
