{
  "D:\\Game\\ai\\catStudy\\packages\\shared\\src\\events.ts": {
    "path": "D:\\Game\\ai\\catStudy\\packages\\shared\\src\\events.ts",
    "statementMap": {
      "0": { "start": { "line": 6, "column": 22 }, "end": { "line": 43, "column": null } },
      "1": { "start": { "line": 47, "column": 24 }, "end": { "line": 56, "column": null } },
      "2": { "start": { "line": 49, "column": 42 }, "end": { "line": 49, "column": null } },
      "3": { "start": { "line": 52, "column": 58 }, "end": { "line": 52, "column": null } },
      "4": { "start": { "line": 55, "column": 38 }, "end": { "line": 55, "column": null } }
    },
    "fnMap": {
      "0": {
        "name": "(anonymous_0)",
        "decl": { "start": { "line": 49, "column": 19 }, "end": { "line": 49, "column": 20 } },
        "loc": { "start": { "line": 49, "column": 42 }, "end": { "line": 49, "column": null } },
        "line": 49
      },
      "1": {
        "name": "(anonymous_1)",
        "decl": { "start": { "line": 52, "column": 16 }, "end": { "line": 52, "column": 17 } },
        "loc": { "start": { "line": 52, "column": 58 }, "end": { "line": 52, "column": null } },
        "line": 52
      },
      "2": {
        "name": "(anonymous_2)",
        "decl": { "start": { "line": 55, "column": 15 }, "end": { "line": 55, "column": 16 } },
        "loc": { "start": { "line": 55, "column": 38 }, "end": { "line": 55, "column": null } },
        "line": 55
      }
    },
    "branchMap": {},
    "s": { "0": 1, "1": 1, "2": 2, "3": 1, "4": 1 },
    "f": { "0": 2, "1": 1, "2": 1 },
    "b": {},
    "meta": {
      "lastBranch": 0,
      "lastFunction": 3,
      "lastStatement": 5,
      "seen": {
        "s:6:22:43:Infinity": 0,
        "s:47:24:56:Infinity": 1,
        "f:49:19:49:20": 0,
        "s:49:42:49:Infinity": 2,
        "f:52:16:52:17": 1,
        "s:52:58:52:Infinity": 3,
        "f:55:15:55:16": 2,
        "s:55:38:55:Infinity": 4
      },
      "fnNames": {}
    }
  },
  "D:\\Game\\ai\\catStudy\\packages\\shared\\src\\schemas.ts": {
    "path": "D:\\Game\\ai\\catStudy\\packages\\shared\\src\\schemas.ts",
    "statementMap": {
      "0": { "start": { "line": 5, "column": 33 }, "end": { "line": 15, "column": null } },
      "1": { "start": { "line": 17, "column": 33 }, "end": { "line": 17, "column": null } },
      "2": { "start": { "line": 21, "column": 35 }, "end": { "line": 24, "column": null } },
      "3": { "start": { "line": 28, "column": 33 }, "end": { "line": 33, "column": null } },
      "4": { "start": { "line": 37, "column": 37 }, "end": { "line": 42, "column": null } }
    },
    "fnMap": {},
    "branchMap": {},
    "s": { "0": 1, "1": 1, "2": 1, "3": 1, "4": 1 },
    "f": {},
    "b": {},
    "meta": {
      "lastBranch": 0,
      "lastFunction": 0,
      "lastStatement": 5,
      "seen": {
        "s:5:33:15:Infinity": 0,
        "s:17:33:17:Infinity": 1,
        "s:21:35:24:Infinity": 2,
        "s:28:33:33:Infinity": 3,
        "s:37:37:42:Infinity": 4
      },
      "fnNames": {}
    }
  },
  "D:\\Game\\ai\\catStudy\\packages\\shared\\src\\token-counter.ts": {
    "path": "D:\\Game\\ai\\catStudy\\packages\\shared\\src\\token-counter.ts",
    "statementMap": {
      "0": { "start": { "line": 19, "column": 15 }, "end": { "line": 19, "column": null } },
      "1": { "start": { "line": 22, "column": 26 }, "end": { "line": 22, "column": null } },
      "2": { "start": { "line": 25, "column": 2 }, "end": { "line": 25, "column": null } },
      "3": { "start": { "line": 25, "column": 22 }, "end": { "line": 25, "column": null } },
      "4": { "start": { "line": 26, "column": 2 }, "end": { "line": 33, "column": null } },
      "5": { "start": { "line": 28, "column": 4 }, "end": { "line": 28, "column": null } },
      "6": { "start": { "line": 30, "column": 4 }, "end": { "line": 32, "column": null } },
      "7": { "start": { "line": 34, "column": 2 }, "end": { "line": 34, "column": null } },
      "8": { "start": { "line": 42, "column": 2 }, "end": { "line": 42, "column": null } },
      "9": { "start": { "line": 42, "column": 13 }, "end": { "line": 42, "column": null } },
      "10": { "start": { "line": 43, "column": 8 }, "end": { "line": 43, "column": null } },
      "11": { "start": { "line": 44, "column": 21 }, "end": { "line": 44, "column": null } },
      "12": { "start": { "line": 45, "column": 2 }, "end": { "line": 45, "column": null } },
      "13": { "start": { "line": 54, "column": 19 }, "end": { "line": 54, "column": null } },
      "14": { "start": { "line": 55, "column": 14 }, "end": { "line": 55, "column": null } },
      "15": { "start": { "line": 59, "column": 16 }, "end": { "line": 59, "column": null } },
      "16": { "start": { "line": 60, "column": 2 }, "end": { "line": 60, "column": null } },
      "17": { "start": { "line": 61, "column": 2 }, "end": { "line": 61, "column": null } },
      "18": { "start": { "line": 73, "column": 2 }, "end": { "line": 75, "column": null } },
      "19": { "start": { "line": 74, "column": 4 }, "end": { "line": 74, "column": null } },
      "20": { "start": { "line": 76, "column": 2 }, "end": { "line": 76, "column": null } },
      "21": { "start": { "line": 90, "column": 31 }, "end": { "line": 90, "column": null } },
      "22": { "start": { "line": 91, "column": 21 }, "end": { "line": 91, "column": null } },
      "23": { "start": { "line": 92, "column": 19 }, "end": { "line": 92, "column": null } },
      "24": { "start": { "line": 93, "column": 24 }, "end": { "line": 93, "column": null } },
      "25": { "start": { "line": 95, "column": 2 }, "end": { "line": 110, "column": null } },
      "26": { "start": { "line": 96, "column": 19 }, "end": { "line": 96, "column": null } },
      "27": { "start": { "line": 97, "column": 4 }, "end": { "line": 97, "column": null } },
      "28": { "start": { "line": 99, "column": 4 }, "end": { "line": 109, "column": null } },
      "29": { "start": { "line": 101, "column": 8 }, "end": { "line": 101, "column": null } },
      "30": { "start": { "line": 102, "column": 8 }, "end": { "line": 102, "column": null } },
      "31": { "start": { "line": 104, "column": 8 }, "end": { "line": 104, "column": null } },
      "32": { "start": { "line": 105, "column": 8 }, "end": { "line": 105, "column": null } },
      "33": { "start": { "line": 107, "column": 8 }, "end": { "line": 107, "column": null } },
      "34": { "start": { "line": 108, "column": 8 }, "end": { "line": 108, "column": null } },
      "35": { "start": { "line": 112, "column": 2 }, "end": { "line": 118, "column": null } },
      "36": { "start": { "line": 131, "column": 16 }, "end": { "line": 131, "column": null } },
      "37": { "start": { "line": 132, "column": 2 }, "end": { "line": 136, "column": null } }
    },
    "fnMap": {
      "0": {
        "name": "getTiktoken",
        "decl": { "start": { "line": 24, "column": 15 }, "end": { "line": 24, "column": 43 } },
        "loc": { "start": { "line": 24, "column": 43 }, "end": { "line": 35, "column": null } },
        "line": 24
      },
      "1": {
        "name": "estimateTokens",
        "decl": { "start": { "line": 41, "column": 16 }, "end": { "line": 41, "column": 31 } },
        "loc": { "start": { "line": 41, "column": 53 }, "end": { "line": 46, "column": null } },
        "line": 41
      },
      "2": {
        "name": "countTokensTiktoken",
        "decl": { "start": { "line": 53, "column": 22 }, "end": { "line": 53, "column": 42 } },
        "loc": { "start": { "line": 53, "column": 99 }, "end": { "line": 62, "column": null } },
        "line": 53
      },
      "3": {
        "name": "countTokens",
        "decl": { "start": { "line": 68, "column": 22 }, "end": { "line": 68, "column": null } },
        "loc": { "start": { "line": 72, "column": 19 }, "end": { "line": 77, "column": null } },
        "line": 72
      },
      "4": {
        "name": "estimateMessageTokens",
        "decl": { "start": { "line": 83, "column": 16 }, "end": { "line": 83, "column": 38 } },
        "loc": { "start": { "line": 89, "column": 2 }, "end": { "line": 119, "column": null } },
        "line": 89
      },
      "5": {
        "name": "checkTokenBudget",
        "decl": { "start": { "line": 127, "column": 16 }, "end": { "line": 127, "column": null } },
        "loc": { "start": { "line": 130, "column": 62 }, "end": { "line": 137, "column": null } },
        "line": 130
      }
    },
    "branchMap": {
      "0": {
        "loc": { "start": { "line": 25, "column": 2 }, "end": { "line": 25, "column": null } },
        "type": "if",
        "locations": [
          { "start": { "line": 25, "column": 2 }, "end": { "line": 25, "column": null } },
          { "start": {}, "end": {} }
        ],
        "line": 25
      },
      "1": {
        "loc": { "start": { "line": 42, "column": 2 }, "end": { "line": 42, "column": null } },
        "type": "if",
        "locations": [
          { "start": { "line": 42, "column": 2 }, "end": { "line": 42, "column": null } },
          { "start": {}, "end": {} }
        ],
        "line": 42
      },
      "2": {
        "loc": { "start": { "line": 43, "column": 24 }, "end": { "line": 43, "column": 50 } },
        "type": "binary-expr",
        "locations": [
          { "start": { "line": 43, "column": 24 }, "end": { "line": 43, "column": 46 } },
          { "start": { "line": 43, "column": 46 }, "end": { "line": 43, "column": 50 } }
        ],
        "line": 43
      },
      "3": {
        "loc": { "start": { "line": 53, "column": 56 }, "end": { "line": 53, "column": 99 } },
        "type": "default-arg",
        "locations": [
          { "start": { "line": 53, "column": 72 }, "end": { "line": 53, "column": 99 } }
        ],
        "line": 53
      },
      "4": {
        "loc": { "start": { "line": 70, "column": 2 }, "end": { "line": 70, "column": null } },
        "type": "default-arg",
        "locations": [
          { "start": { "line": 70, "column": 36 }, "end": { "line": 70, "column": null } }
        ],
        "line": 70
      },
      "5": {
        "loc": { "start": { "line": 73, "column": 2 }, "end": { "line": 75, "column": null } },
        "type": "if",
        "locations": [
          { "start": { "line": 73, "column": 2 }, "end": { "line": 75, "column": null } },
          { "start": {}, "end": {} }
        ],
        "line": 73
      },
      "6": {
        "loc": { "start": { "line": 99, "column": 4 }, "end": { "line": 109, "column": null } },
        "type": "switch",
        "locations": [
          { "start": { "line": 100, "column": 6 }, "end": { "line": 102, "column": null } },
          { "start": { "line": 103, "column": 6 }, "end": { "line": 105, "column": null } },
          { "start": { "line": 106, "column": 6 }, "end": { "line": 108, "column": null } }
        ],
        "line": 99
      },
      "7": {
        "loc": { "start": { "line": 131, "column": 16 }, "end": { "line": 131, "column": null } },
        "type": "cond-expr",
        "locations": [
          { "start": { "line": 131, "column": 28 }, "end": { "line": 131, "column": 43 } },
          { "start": { "line": 131, "column": 43 }, "end": { "line": 131, "column": null } }
        ],
        "line": 131
      }
    },
    "s": {
      "0": 1,
      "1": 1,
      "2": 0,
      "3": 0,
      "4": 0,
      "5": 0,
      "6": 0,
      "7": 0,
      "8": 11,
      "9": 1,
      "10": 10,
      "11": 11,
      "12": 11,
      "13": 0,
      "14": 0,
      "15": 0,
      "16": 0,
      "17": 0,
      "18": 1,
      "19": 0,
      "20": 1,
      "21": 2,
      "22": 2,
      "23": 2,
      "24": 2,
      "25": 2,
      "26": 3,
      "27": 3,
      "28": 3,
      "29": 1,
      "30": 1,
      "31": 1,
      "32": 1,
      "33": 1,
      "34": 1,
      "35": 2,
      "36": 4,
      "37": 4
    },
    "f": { "0": 0, "1": 11, "2": 0, "3": 1, "4": 2, "5": 4 },
    "b": {
      "0": [0, 0],
      "1": [1, 10],
      "2": [10, 3],
      "3": [0],
      "4": [1],
      "5": [0, 1],
      "6": [1, 1, 1],
      "7": [3, 1]
    },
    "meta": {
      "lastBranch": 8,
      "lastFunction": 6,
      "lastStatement": 38,
      "seen": {
        "s:19:15:19:Infinity": 0,
        "s:22:26:22:Infinity": 1,
        "f:24:15:24:43": 0,
        "b:25:2:25:Infinity:undefined:undefined:undefined:undefined": 0,
        "s:25:2:25:Infinity": 2,
        "s:25:22:25:Infinity": 3,
        "s:26:2:33:Infinity": 4,
        "s:28:4:28:Infinity": 5,
        "s:30:4:32:Infinity": 6,
        "s:34:2:34:Infinity": 7,
        "f:41:16:41:31": 1,
        "b:42:2:42:Infinity:undefined:undefined:undefined:undefined": 1,
        "s:42:2:42:Infinity": 8,
        "s:42:13:42:Infinity": 9,
        "s:43:8:43:Infinity": 10,
        "b:43:24:43:46:43:46:43:50": 2,
        "s:44:21:44:Infinity": 11,
        "s:45:2:45:Infinity": 12,
        "f:53:22:53:42": 2,
        "b:53:72:53:99": 3,
        "s:54:19:54:Infinity": 13,
        "s:55:14:55:Infinity": 14,
        "s:59:16:59:Infinity": 15,
        "s:60:2:60:Infinity": 16,
        "s:61:2:61:Infinity": 17,
        "f:68:22:68:Infinity": 3,
        "b:70:36:70:Infinity": 4,
        "b:73:2:75:Infinity:undefined:undefined:undefined:undefined": 5,
        "s:73:2:75:Infinity": 18,
        "s:74:4:74:Infinity": 19,
        "s:76:2:76:Infinity": 20,
        "f:83:16:83:38": 4,
        "s:90:31:90:Infinity": 21,
        "s:91:21:91:Infinity": 22,
        "s:92:19:92:Infinity": 23,
        "s:93:24:93:Infinity": 24,
        "s:95:2:110:Infinity": 25,
        "s:96:19:96:Infinity": 26,
        "s:97:4:97:Infinity": 27,
        "b:100:6:102:Infinity:103:6:105:Infinity:106:6:108:Infinity": 6,
        "s:99:4:109:Infinity": 28,
        "s:101:8:101:Infinity": 29,
        "s:102:8:102:Infinity": 30,
        "s:104:8:104:Infinity": 31,
        "s:105:8:105:Infinity": 32,
        "s:107:8:107:Infinity": 33,
        "s:108:8:108:Infinity": 34,
        "s:112:2:118:Infinity": 35,
        "f:127:16:127:Infinity": 5,
        "s:131:16:131:Infinity": 36,
        "b:131:28:131:43:131:43:131:Infinity": 7,
        "s:132:2:136:Infinity": 37
      },
      "fnNames": {}
    }
  }
}
